<?xml version="1.0" encoding="UTF-8"?>
<testsuite name="TestSuite" time="1,641.275" tests="130" errors="0" skipped="0" failures="100">
  <properties>
    <property name="java.runtime.name" value="Java(TM) SE Runtime Environment"/>
    <property name="sun.boot.library.path" value="C:\Program Files\Java\jdk1.8.0_161\jre\bin"/>
    <property name="java.vm.version" value="25.161-b12"/>
    <property name="java.vm.vendor" value="Oracle Corporation"/>
    <property name="maven.multiModuleProjectDirectory" value="D:\POLITICO\2017_automationscripts"/>
    <property name="java.vendor.url" value="http://java.oracle.com/"/>
    <property name="path.separator" value=";"/>
    <property name="guice.disable.misplaced.annotation.check" value="true"/>
    <property name="java.vm.name" value="Java HotSpot(TM) 64-Bit Server VM"/>
    <property name="file.encoding.pkg" value="sun.io"/>
    <property name="user.script" value=""/>
    <property name="user.country" value="US"/>
    <property name="sun.java.launcher" value="SUN_STANDARD"/>
    <property name="sun.os.patch.level" value=""/>
    <property name="java.vm.specification.name" value="Java Virtual Machine Specification"/>
    <property name="user.dir" value="D:\POLITICO\2017_automationscripts"/>
    <property name="java.runtime.version" value="1.8.0_161-b12"/>
    <property name="java.awt.graphicsenv" value="sun.awt.Win32GraphicsEnvironment"/>
    <property name="java.endorsed.dirs" value="C:\Program Files\Java\jdk1.8.0_161\jre\lib\endorsed"/>
    <property name="os.arch" value="amd64"/>
    <property name="java.io.tmpdir" value="C:\Users\SHWETA~1\AppData\Local\Temp\"/>
    <property name="line.separator" value="&#10;"/>
    <property name="java.vm.specification.vendor" value="Oracle Corporation"/>
    <property name="user.variant" value=""/>
    <property name="os.name" value="Windows 8.1"/>
    <property name="classworlds.conf" value="C:\Users\shwetasingh\Downloads\apache-maven-3.5.2-bin\apache-maven-3.5.2\bin\..\bin\m2.conf"/>
    <property name="sun.jnu.encoding" value="Cp1252"/>
    <property name="java.library.path" value="C:\Program Files\Java\jdk1.8.0_161\bin;C:\Windows\Sun\Java\bin;C:\Windows\system32;C:\Windows;C:\ProgramData\Oracle\Java\javapath;C:\Program Files (x86)\Intel\iCLS Client\;C:\Program Files\Intel\iCLS Client\;C:\Windows\system32;C:\Windows;C:\Windows\System32\Wbem;C:\Windows\System32\WindowsPowerShell\v1.0\;C:\Program Files (x86)\Intel\Intel(R) Management Engine Components\DAL;C:\Program Files\Intel\Intel(R) Management Engine Components\DAL;C:\Program Files (x86)\Intel\Intel(R) Management Engine Components\IPT;C:\Program Files\Intel\Intel(R) Management Engine Components\IPT;C:\Program Files\Intel\WiFi\bin\;C:\Program Files\Common Files\Intel\WirelessCommon\;C:\Users\shwetasingh\Downloads\apache-maven-3.5.2-bin\apache-maven-3.5.2\bin;C:\Program Files\Java\jdk1.8.0_161\bin;C:\Program Files\Java\jdk1.8.0_161\jre\bin;JAVA_HOME;JRE_HOME;C:\Users\shwetasingh\Downloads\apache-maven-3.5.2-bin\apache-maven-3.5.2\bin;C:\Gradle\gradle-4.6\bin;C:\Program Files (x86)\Google\Chrome\Application;C:\Program Files\Java\jdk1.8.0_161;C:\Users\shwetasingh\AppData\Local\Programs\Git\cmd;."/>
    <property name="maven.conf" value="C:\Users\shwetasingh\Downloads\apache-maven-3.5.2-bin\apache-maven-3.5.2\bin\../conf"/>
    <property name="java.specification.name" value="Java Platform API Specification"/>
    <property name="java.class.version" value="52.0"/>
    <property name="sun.management.compiler" value="HotSpot 64-Bit Tiered Compilers"/>
    <property name="os.version" value="6.3"/>
    <property name="library.jansi.path" value="C:\Users\shwetasingh\Downloads\apache-maven-3.5.2-bin\apache-maven-3.5.2\bin\..\lib\jansi-native"/>
    <property name="user.home" value="C:\Users\shwetasingh"/>
    <property name="user.timezone" value="Asia/Calcutta"/>
    <property name="java.awt.printerjob" value="sun.awt.windows.WPrinterJob"/>
    <property name="java.specification.version" value="1.8"/>
    <property name="file.encoding" value="Cp1252"/>
    <property name="user.name" value="shwetasingh"/>
    <property name="java.class.path" value="C:\Users\shwetasingh\Downloads\apache-maven-3.5.2-bin\apache-maven-3.5.2\bin\..\boot\plexus-classworlds-2.5.2.jar"/>
    <property name="java.vm.specification.version" value="1.8"/>
    <property name="sun.arch.data.model" value="64"/>
    <property name="java.home" value="C:\Program Files\Java\jdk1.8.0_161\jre"/>
    <property name="sun.java.command" value="org.codehaus.plexus.classworlds.launcher.Launcher verify -Dtestxml=Leg_Compass_Frontend.xml"/>
    <property name="java.specification.vendor" value="Oracle Corporation"/>
    <property name="user.language" value="en"/>
    <property name="awt.toolkit" value="sun.awt.windows.WToolkit"/>
    <property name="java.vm.info" value="mixed mode"/>
    <property name="java.version" value="1.8.0_161"/>
    <property name="java.ext.dirs" value="C:\Program Files\Java\jdk1.8.0_161\jre\lib\ext;C:\Windows\Sun\Java\lib\ext"/>
    <property name="sun.boot.class.path" value="C:\Program Files\Java\jdk1.8.0_161\jre\lib\resources.jar;C:\Program Files\Java\jdk1.8.0_161\jre\lib\rt.jar;C:\Program Files\Java\jdk1.8.0_161\jre\lib\sunrsasign.jar;C:\Program Files\Java\jdk1.8.0_161\jre\lib\jsse.jar;C:\Program Files\Java\jdk1.8.0_161\jre\lib\jce.jar;C:\Program Files\Java\jdk1.8.0_161\jre\lib\charsets.jar;C:\Program Files\Java\jdk1.8.0_161\jre\lib\jfr.jar;C:\Program Files\Java\jdk1.8.0_161\jre\classes"/>
    <property name="sun.stderr.encoding" value="cp437"/>
    <property name="java.vendor" value="Oracle Corporation"/>
    <property name="maven.home" value="C:\Users\shwetasingh\Downloads\apache-maven-3.5.2-bin\apache-maven-3.5.2\bin\.."/>
    <property name="file.separator" value="\"/>
    <property name="java.vendor.url.bug" value="http://bugreport.sun.com/bugreport/"/>
    <property name="sun.cpu.endian" value="little"/>
    <property name="sun.io.unicode.encoding" value="UnicodeLittle"/>
    <property name="sun.stdout.encoding" value="cp437"/>
    <property name="testxml" value="Leg_Compass_Frontend.xml"/>
    <property name="sun.desktop" value="windows"/>
    <property name="sun.cpu.isalist" value="amd64"/>
  </properties>
  <testcase name="Test001_Login" classname="com.qait.politico.LegCompass.tests.FederalBillDetailTest" time="54.464"/>
  <testcase name="Test001_Login" classname="com.qait.politico.LegCompass.tests.LegislationSearchTest" time="1.29"/>
  <testcase name="Test002_Launch_LegislativeCompass" classname="com.qait.politico.LegCompass.tests.LegislationSearchTest" time="16.037"/>
  <testcase name="Test002_Launch_LegislativeCompass" classname="com.qait.politico.LegCompass.tests.FederalBillDetailTest" time="35.515">
    <failure message="expected [POLITICO Pro Congressional Directory] but found [POLITICO Pro Congressional Directory | Sen. Roy Blunt]" type="java.lang.AssertionError">java.lang.AssertionError: expected [POLITICO Pro Congressional Directory] but found [POLITICO Pro Congressional Directory | Sen. Roy Blunt]
	at org.testng.Assert.fail(Assert.java:94)
	at org.testng.Assert.failNotEquals(Assert.java:494)
	at org.testng.Assert.assertEquals(Assert.java:123)
	at org.testng.Assert.assertEquals(Assert.java:176)
	at org.testng.Assert.assertEquals(Assert.java:186)
	at com.qait.automation.getpageobjects.BaseUi.verifyPageTitle(BaseUi.java:143)
	at com.qait.LegCompass.keywords.BillDetailPage.verifySponsorLink(BillDetailPage.java:814)
	at com.qait.politico.LegCompass.tests.FederalBillDetailTest.Test002_Launch_LegislativeCompass(FederalBillDetailTest.java:29)
</failure>
    <system-out><![CDATA[ 
***** STARTING TEST STEP: TEST003_SEARCH_BY_KEYWORD_OR_BILL *****
 
[PASSED] element lnk-first-fresh-bill is displayed
  [info] Keyword to search entered
First unused bill on the Legislation Compass page clicked
Windows size before: 2
  [info] Keyword search verified
Windows size later: 2
  [info] After switching windows, new window title: Bill Overview - POLITICO Pro
[PASSED] element label-federalBill is displayed.
[PASSED] element txt-billNum is displayed.
[PASSED] element txt-billNameDetailPage is displayed.
[PASSED] element txt-proTitle is not displayed
[PASSED] element lnk-sponsor is displayed.
  [info] Details of the Federal bill including sponsor verified
  [info] Bill Detail Page opened successfully
[PASSED] element lnk-sponsor is displayed
Windows size before: 3
  [info] After switching windows, new window title: POLITICO Pro Congressional Directory | Sen. Roy Blunt
]]></system-out>
  </testcase>
  <testcase name="Test003_Verify_Buttons_On_Bill_Detail_Page" classname="com.qait.politico.LegCompass.tests.FederalBillDetailTest" time="1.11">
    <failure message="FAILED: Element btn-bill-header not found on the BillDetailPage !!!" type="java.lang.AssertionError">java.lang.AssertionError: FAILED: Element btn-bill-header not found on the BillDetailPage !!!
	at org.testng.Assert.fail(Assert.java:94)
	at com.qait.automation.getpageobjects.GetPage.element(GetPage.java:105)
	at com.qait.automation.getpageobjects.GetPage.isElementDisplayed(GetPage.java:198)
	at com.qait.LegCompass.keywords.BillDetailPage.verifyButtonOnBillPage(BillDetailPage.java:151)
	at com.qait.politico.LegCompass.tests.FederalBillDetailTest.Test003_Verify_Buttons_On_Bill_Detail_Page(FederalBillDetailTest.java:34)
</failure>
    <system-out><![CDATA[ [INFO] Saving screenshot to D:\POLITICO\2017_automationscripts\./target/screenshots/\FederalBillDetailTest\2018_04_24_01_53_PM\screenshot.png
 
***** STARTING TEST STEP: TEST003_VERIFY_BUTTONS_ON_BILL_DETAIL_PAGE *****
 
]]></system-out>
  </testcase>
  <testcase name="Test004_Verify_Overview_Tab_For_Federal_Bill" classname="com.qait.politico.LegCompass.tests.FederalBillDetailTest" time="1.042">
    <failure message="FAILED: Element tab-billText not found on the BillDetailPage !!!" type="java.lang.AssertionError">java.lang.AssertionError: FAILED: Element tab-billText not found on the BillDetailPage !!!
	at org.testng.Assert.fail(Assert.java:94)
	at com.qait.automation.getpageobjects.GetPage.element(GetPage.java:105)
	at com.qait.automation.getpageobjects.GetPage.element(GetPage.java:80)
	at com.qait.LegCompass.keywords.BillDetailPage.verifyGrayingOFTabs(BillDetailPage.java:839)
	at com.qait.politico.LegCompass.tests.FederalBillDetailTest.Test004_Verify_Overview_Tab_For_Federal_Bill(FederalBillDetailTest.java:41)
</failure>
    <system-out><![CDATA[ [INFO] Saving screenshot to D:\POLITICO\2017_automationscripts\./target/screenshots/\FederalBillDetailTest\2018_04_24_01_53_PM\screenshot.png
 
***** STARTING TEST STEP: TEST004_VERIFY_OVERVIEW_TAB_FOR_FEDERAL_BILL *****
 
]]></system-out>
  </testcase>
  <testcase name="Test003_Search_By_Keyword_Or_Bill" classname="com.qait.politico.LegCompass.tests.LegislationSearchTest" time="12.503">
    <failure message="Expected condition failed: waiting for element to no longer be visible: By.cssSelector: div#loading-results (tried for 30 second(s) with 500 milliseconds interval)&#10;Build info: version: &apos;3.10.0&apos;, revision: &apos;176b4a9&apos;, time: &apos;2018-03-02T19:03:16.397Z&apos;&#10;System info: host: &apos;DLLA1439&apos;, ip: &apos;10.90.0.147&apos;, os.name: &apos;Windows 8.1&apos;, os.arch: &apos;amd64&apos;, os.version: &apos;6.3&apos;, java.version: &apos;1.8.0_161&apos;&#10;Driver info: org.openqa.selenium.chrome.ChromeDriver&#10;Capabilities {acceptInsecureCerts: false, acceptSslCerts: false, applicationCacheEnabled: false, browserConnectionEnabled: false, browserName: chrome, chrome: {chromedriverVersion: 2.36.540470 (e522d04694c7eb..., userDataDir: C:\Users\SHWETA~1\AppData\L...}, cssSelectorsEnabled: true, databaseEnabled: false, handlesAlerts: true, hasTouchScreen: false, javascriptEnabled: true, locationContextEnabled: true, mobileEmulationEnabled: false, nativeEvents: true, networkConnectionEnabled: false, pageLoadStrategy: normal, platform: XP, platformName: XP, rotatable: false, setWindowRect: true, takesHeapSnapshot: true, takesScreenshot: true, unexpectedAlertBehaviour: , unhandledPromptBehavior: , version: 66.0.3359.117, webStorageEnabled: true}&#10;Session ID: a5ec631c8bf0c06a1be18b2bb62b7302" type="org.openqa.selenium.TimeoutException">org.openqa.selenium.TimeoutException: Expected condition failed: waiting for element to no longer be visible: By.cssSelector: div#loading-results (tried for 30 second(s) with 500 milliseconds interval)
Build info: version: '3.10.0', revision: '176b4a9', time: '2018-03-02T19:03:16.397Z'
System info: host: 'DLLA1439', ip: '10.90.0.147', os.name: 'Windows 8.1', os.arch: 'amd64', os.version: '6.3', java.version: '1.8.0_161'
Driver info: org.openqa.selenium.chrome.ChromeDriver
Capabilities {acceptInsecureCerts: false, acceptSslCerts: false, applicationCacheEnabled: false, browserConnectionEnabled: false, browserName: chrome, chrome: {chromedriverVersion: 2.36.540470 (e522d04694c7eb..., userDataDir: C:\Users\SHWETA~1\AppData\L...}, cssSelectorsEnabled: true, databaseEnabled: false, handlesAlerts: true, hasTouchScreen: false, javascriptEnabled: true, locationContextEnabled: true, mobileEmulationEnabled: false, nativeEvents: true, networkConnectionEnabled: false, pageLoadStrategy: normal, platform: XP, platformName: XP, rotatable: false, setWindowRect: true, takesHeapSnapshot: true, takesScreenshot: true, unexpectedAlertBehaviour: , unhandledPromptBehavior: , version: 66.0.3359.117, webStorageEnabled: true}
Session ID: a5ec631c8bf0c06a1be18b2bb62b7302
	at org.openqa.selenium.support.ui.WebDriverWait.timeoutException(WebDriverWait.java:82)
	at org.openqa.selenium.support.ui.FluentWait.until(FluentWait.java:272)
	at com.qait.automation.utils.SeleniumWait.waitForElementToBeInVisible(SeleniumWait.java:88)
	at com.qait.LegCompass.keywords.LegislationSearchPage.clearFilters(LegislationSearchPage.java:223)
	at com.qait.politico.LegCompass.tests.LegislationSearchTest.Test003_Search_By_Keyword_Or_Bill(LegislationSearchTest.java:35)
</failure>
    <system-out><![CDATA[ [INFO] Saving screenshot to D:\POLITICO\2017_automationscripts\./target/screenshots/\FederalBillDetailTest\2018_04_24_01_53_PM\screenshot.png
 
***** STARTING TEST STEP: TEST005_VERIFY_BILL_TEXT_TAB_FOR_FEDERAL_BILL *****
 
  [info] Window closed
Windows size before: 2
  [info] After switching windows, new window title: Bill Search - POLITICO Pro
  [info] Window closed and switched to the previous window
Windows size before: 3
]]></system-out>
  </testcase>
  <testcase name="Test005_Verify_Bill_Text_Tab_For_Federal_Bill" classname="com.qait.politico.LegCompass.tests.FederalBillDetailTest" time="2.927">
    <failure message="Expected condition failed: waiting for title to contain &quot;Bill Text - POLITICO Pro&quot;. Current title: &quot;Bill Overview - POLITICO Pro&quot; (tried for 5 second(s) with 500 milliseconds interval)&#10;Build info: version: &apos;3.10.0&apos;, revision: &apos;176b4a9&apos;, time: &apos;2018-03-02T19:03:16.397Z&apos;&#10;System info: host: &apos;DLLA1439&apos;, ip: &apos;10.90.0.147&apos;, os.name: &apos;Windows 8.1&apos;, os.arch: &apos;amd64&apos;, os.version: &apos;6.3&apos;, java.version: &apos;1.8.0_161&apos;&#10;Driver info: org.openqa.selenium.chrome.ChromeDriver&#10;Capabilities {acceptInsecureCerts: false, acceptSslCerts: false, applicationCacheEnabled: false, browserConnectionEnabled: false, browserName: chrome, chrome: {chromedriverVersion: 2.36.540470 (e522d04694c7eb..., userDataDir: C:\Users\SHWETA~1\AppData\L...}, cssSelectorsEnabled: true, databaseEnabled: false, handlesAlerts: true, hasTouchScreen: false, javascriptEnabled: true, locationContextEnabled: true, mobileEmulationEnabled: false, nativeEvents: true, networkConnectionEnabled: false, pageLoadStrategy: normal, platform: XP, platformName: XP, rotatable: false, setWindowRect: true, takesHeapSnapshot: true, takesScreenshot: true, unexpectedAlertBehaviour: , unhandledPromptBehavior: , version: 66.0.3359.117, webStorageEnabled: true}&#10;Session ID: 612c05722024e75500c6e3284904fec2" type="org.openqa.selenium.TimeoutException">org.openqa.selenium.TimeoutException: Expected condition failed: waiting for title to contain "Bill Text - POLITICO Pro". Current title: "Bill Overview - POLITICO Pro" (tried for 5 second(s) with 500 milliseconds interval)
Build info: version: '3.10.0', revision: '176b4a9', time: '2018-03-02T19:03:16.397Z'
System info: host: 'DLLA1439', ip: '10.90.0.147', os.name: 'Windows 8.1', os.arch: 'amd64', os.version: '6.3', java.version: '1.8.0_161'
Driver info: org.openqa.selenium.chrome.ChromeDriver
Capabilities {acceptInsecureCerts: false, acceptSslCerts: false, applicationCacheEnabled: false, browserConnectionEnabled: false, browserName: chrome, chrome: {chromedriverVersion: 2.36.540470 (e522d04694c7eb..., userDataDir: C:\Users\SHWETA~1\AppData\L...}, cssSelectorsEnabled: true, databaseEnabled: false, handlesAlerts: true, hasTouchScreen: false, javascriptEnabled: true, locationContextEnabled: true, mobileEmulationEnabled: false, nativeEvents: true, networkConnectionEnabled: false, pageLoadStrategy: normal, platform: XP, platformName: XP, rotatable: false, setWindowRect: true, takesHeapSnapshot: true, takesScreenshot: true, unexpectedAlertBehaviour: , unhandledPromptBehavior: , version: 66.0.3359.117, webStorageEnabled: true}
Session ID: 612c05722024e75500c6e3284904fec2
	at org.openqa.selenium.support.ui.WebDriverWait.timeoutException(WebDriverWait.java:82)
	at org.openqa.selenium.support.ui.FluentWait.until(FluentWait.java:272)
	at com.qait.automation.getpageobjects.BaseUi.waitForWindowToChaneUntilTitle(BaseUi.java:628)
	at com.qait.LegCompass.keywords.BillDetailPage.selectBillToVerifyBillText(BillDetailPage.java:1043)
	at com.qait.politico.LegCompass.tests.FederalBillDetailTest.Test005_Verify_Bill_Text_Tab_For_Federal_Bill(FederalBillDetailTest.java:54)
</failure>
    <system-out><![CDATA[ [INFO] Saving screenshot to D:\POLITICO\2017_automationscripts\./target/screenshots/\LegislationSearchTest\2018_04_24_01_53_PM\screenshot.png
 
***** STARTING TEST STEP: TEST004_SEARCH_BY_CONGRESS *****
 
]]></system-out>
  </testcase>
  <testcase name="Test004_Search_By_Congress" classname="com.qait.politico.LegCompass.tests.LegislationSearchTest" time="20.109"/>
  <testcase name="Test005_Search_By_Chamber" classname="com.qait.politico.LegCompass.tests.LegislationSearchTest" time="54.886">
    <failure message="FAILED: Element option-billVersionFiled not found on the LegislationSearch !!!" type="java.lang.AssertionError">java.lang.AssertionError: FAILED: Element option-billVersionFiled not found on the LegislationSearch !!!
	at org.testng.Assert.fail(Assert.java:94)
	at com.qait.automation.getpageobjects.GetPage.element(GetPage.java:105)
	at com.qait.automation.getpageobjects.GetPage.element(GetPage.java:80)
	at com.qait.LegCompass.keywords.LegislationSearchPage.verifyResultsForSelectedChamber(LegislationSearchPage.java:117)
	at com.qait.politico.LegCompass.tests.LegislationSearchTest.Test005_Search_By_Chamber(LegislationSearchTest.java:59)
</failure>
    <system-out><![CDATA[ 
***** STARTING TEST STEP: TEST005_SEARCH_BY_CHAMBER *****
 
  [info] After switching windows, new window title: Bill Search - POLITICO Pro
  [info] Window closed and switched to the previous window
Windows size before: 3
[PASSED] element item-chamberFilter with text 'House' is displayed.
[PASSED] element item-chamberFilter with text 'Senate' is displayed.
  [info] Chamber filter options verified
  [info] House chamber filter applied
  [info] After switching windows, new window title: Bill Overview - POLITICO Pro
[PASSED] element txt-billTxtCount is displayed
Windows size before: 2
  [info] Window closed
Windows size before: 2
  [info] After switching windows, new window title: Bill Search - POLITICO Pro
  [info] Window closed and switched to the previous window
Windows size before: 3
  [info] After switching windows, new window title: Bill Overview - POLITICO Pro
  [info] After switching windows, new window title: subscriber-stage.politicopro.com
[PASSED] element txt-billTxtCount is not displayed
  [info] Window closed
Windows size before: 2
  [info] After switching windows, new window title: Bill Search - POLITICO Pro
  [info] Window closed and switched to the previous window
Windows size before: 3
  [info] After switching windows, new window title: Bill Overview - POLITICO Pro
[PASSED] element txt-billTxtCount is displayed
  [info] Window closed
Windows size before: 2
  [info] After switching windows, new window title: Bill Search - POLITICO Pro
  [info] Window closed and switched to the previous window
Windows size before: 3
]]></system-out>
  </testcase>
  <testcase name="Test006_Search_By_Legislation_Type" classname="com.qait.politico.LegCompass.tests.LegislationSearchTest" time="30.056">
    <failure message="FAILED: Element input-legislationType not found on the LegislationSearch !!!" type="java.lang.AssertionError">java.lang.AssertionError: FAILED: Element input-legislationType not found on the LegislationSearch !!!
	at org.testng.Assert.fail(Assert.java:94)
	at com.qait.automation.getpageobjects.GetPage.element(GetPage.java:105)
	at com.qait.automation.getpageobjects.GetPage.element(GetPage.java:80)
	at com.qait.LegCompass.keywords.LegislationSearchPage.verifyLegislationFilterOptions(LegislationSearchPage.java:148)
	at com.qait.politico.LegCompass.tests.LegislationSearchTest.Test006_Search_By_Legislation_Type(LegislationSearchTest.java:64)
</failure>
    <system-out><![CDATA[ [INFO] Saving screenshot to D:\POLITICO\2017_automationscripts\./target/screenshots/\LegislationSearchTest\2018_04_24_01_54_PM\screenshot.png
 
***** STARTING TEST STEP: TEST006_SEARCH_BY_LEGISLATION_TYPE *****
 
  [info] After switching windows, new window title: Bill Overview - POLITICO Pro
[PASSED] element txt-billTxtCount is displayed
  [info] Window closed
Windows size before: 2
  [info] After switching windows, new window title: Bill Search - POLITICO Pro
  [info] Window closed and switched to the previous window
Windows size before: 3
  [info] After switching windows, new window title: Bill Overview - POLITICO Pro
[PASSED] element txt-billTxtCount is displayed
  [info] Window closed
Windows size before: 2
  [info] After switching windows, new window title: Bill Search - POLITICO Pro
  [info] Window closed and switched to the previous window
]]></system-out>
  </testcase>
  <testcase name="Test007_Search_By_CRS_Isuue_Area" classname="com.qait.politico.LegCompass.tests.LegislationSearchTest" time="30.04">
    <failure message="FAILED: Element btn-clrFilters not found on the LegislationSearch !!!" type="java.lang.AssertionError">java.lang.AssertionError: FAILED: Element btn-clrFilters not found on the LegislationSearch !!!
	at org.testng.Assert.fail(Assert.java:94)
	at com.qait.automation.getpageobjects.GetPage.element(GetPage.java:105)
	at com.qait.automation.getpageobjects.GetPage.element(GetPage.java:80)
	at com.qait.LegCompass.keywords.LegislationSearchPage.clearFilters(LegislationSearchPage.java:222)
	at com.qait.politico.LegCompass.tests.LegislationSearchTest.Test007_Search_By_CRS_Isuue_Area(LegislationSearchTest.java:73)
</failure>
    <system-out><![CDATA[Windows size before: 3
 [INFO] Saving screenshot to D:\POLITICO\2017_automationscripts\./target/screenshots/\LegislationSearchTest\2018_04_24_01_55_PM\screenshot.png
 
***** STARTING TEST STEP: TEST007_SEARCH_BY_CRS_ISUUE_AREA *****
 
  [info] After switching windows, new window title: subscriber-stage.politicopro.com
[PASSED] element txt-billTxtCount is not displayed
  [info] Window closed
Windows size before: 2
  [info] After switching windows, new window title: Bill Search - POLITICO Pro
  [info] Window closed and switched to the previous window
Windows size before: 3
  [info] After switching windows, new window title: Bill Overview - POLITICO Pro
[PASSED] element txt-billTxtCount is displayed
  [info] Window closed
Windows size before: 2
]]></system-out>
  </testcase>
  <testcase name="Test008_Search_By_Sponsors" classname="com.qait.politico.LegCompass.tests.LegislationSearchTest" time="30.067">
    <failure message="FAILED: Element btn-clrFilters not found on the LegislationSearch !!!" type="java.lang.AssertionError">java.lang.AssertionError: FAILED: Element btn-clrFilters not found on the LegislationSearch !!!
	at org.testng.Assert.fail(Assert.java:94)
	at com.qait.automation.getpageobjects.GetPage.element(GetPage.java:105)
	at com.qait.automation.getpageobjects.GetPage.element(GetPage.java:80)
	at com.qait.LegCompass.keywords.LegislationSearchPage.clearFilters(LegislationSearchPage.java:222)
	at com.qait.politico.LegCompass.tests.LegislationSearchTest.Test008_Search_By_Sponsors(LegislationSearchTest.java:89)
</failure>
    <system-out><![CDATA[ [INFO] Saving screenshot to D:\POLITICO\2017_automationscripts\./target/screenshots/\LegislationSearchTest\2018_04_24_01_55_PM\screenshot.png
 
***** STARTING TEST STEP: TEST008_SEARCH_BY_SPONSORS *****
 
  [info] After switching windows, new window title: Bill Search - POLITICO Pro
  [info] Window closed and switched to the previous window
Windows size before: 3
  [info] After switching windows, new window title: Bill Overview - POLITICO Pro
[PASSED] element txt-billTxtCount is displayed
  [info] Window closed
Windows size before: 2
  [info] After switching windows, new window title: Bill Search - POLITICO Pro
  [info] Window closed and switched to the previous window
Windows size before: 3
  [info] After switching windows, new window title: Bill Overview - POLITICO Pro
[PASSED] element txt-billTxtCount is displayed
]]></system-out>
  </testcase>
  <testcase name="Test009_Search_By_Cosponsors" classname="com.qait.politico.LegCompass.tests.LegislationSearchTest" time="30.041">
    <failure message="FAILED: Element btn-clrFilters not found on the LegislationSearch !!!" type="java.lang.AssertionError">java.lang.AssertionError: FAILED: Element btn-clrFilters not found on the LegislationSearch !!!
	at org.testng.Assert.fail(Assert.java:94)
	at com.qait.automation.getpageobjects.GetPage.element(GetPage.java:105)
	at com.qait.automation.getpageobjects.GetPage.element(GetPage.java:80)
	at com.qait.LegCompass.keywords.LegislationSearchPage.clearFilters(LegislationSearchPage.java:222)
	at com.qait.politico.LegCompass.tests.LegislationSearchTest.Test009_Search_By_Cosponsors(LegislationSearchTest.java:100)
</failure>
    <system-out><![CDATA[  [info] Window closed
Windows size before: 2
 [INFO] Saving screenshot to D:\POLITICO\2017_automationscripts\./target/screenshots/\LegislationSearchTest\2018_04_24_01_56_PM\screenshot.png
 
***** STARTING TEST STEP: TEST009_SEARCH_BY_COSPONSORS *****
 
  [info] After switching windows, new window title: Bill Search - POLITICO Pro
  [info] Window closed and switched to the previous window
Windows size before: 3
  [info] After switching windows, new window title: subscriber-stage.politicopro.com
[PASSED] element txt-billTxtCount is not displayed
  [info] Window closed
Windows size before: 2
  [info] After switching windows, new window title: Bill Search - POLITICO Pro
  [info] Window closed and switched to the previous window
Windows size before: 3
  [info] After switching windows, new window title: Bill Overview - POLITICO Pro
[PASSED] element txt-billTxtCount is displayed
]]></system-out>
  </testcase>
  <testcase name="Test010_Search_By_Committees" classname="com.qait.politico.LegCompass.tests.LegislationSearchTest" time="30.057">
    <failure message="FAILED: Element btn-clrFilters not found on the LegislationSearch !!!" type="java.lang.AssertionError">java.lang.AssertionError: FAILED: Element btn-clrFilters not found on the LegislationSearch !!!
	at org.testng.Assert.fail(Assert.java:94)
	at com.qait.automation.getpageobjects.GetPage.element(GetPage.java:105)
	at com.qait.automation.getpageobjects.GetPage.element(GetPage.java:80)
	at com.qait.LegCompass.keywords.LegislationSearchPage.clearFilters(LegislationSearchPage.java:222)
	at com.qait.politico.LegCompass.tests.LegislationSearchTest.Test010_Search_By_Committees(LegislationSearchTest.java:111)
</failure>
    <system-out><![CDATA[ [INFO] Saving screenshot to D:\POLITICO\2017_automationscripts\./target/screenshots/\LegislationSearchTest\2018_04_24_01_57_PM\screenshot.png
 
***** STARTING TEST STEP: TEST010_SEARCH_BY_COMMITTEES *****
 
  [info] Window closed
Windows size before: 2
  [info] After switching windows, new window title: Bill Search - POLITICO Pro
  [info] Window closed and switched to the previous window
Windows size before: 3
  [info] After switching windows, new window title: Bill Overview - POLITICO Pro
[PASSED] element txt-billTxtCount is displayed
First bill on the Legislation Compass page to verify Bill having less Bill Text clicked
  [info] Bill Text tab on right rail clicked
  [info] Single option in Bill version dropdown verified
[PASSED] element btn-billVersion is not displayed
  [info] Compare Bill Versions button verified
]]></system-out>
  </testcase>
  <testcase name="Test011_Search_By_Current_Status" classname="com.qait.politico.LegCompass.tests.LegislationSearchTest" time="30.08">
    <failure message="FAILED: Element btn-clrFilters not found on the LegislationSearch !!!" type="java.lang.AssertionError">java.lang.AssertionError: FAILED: Element btn-clrFilters not found on the LegislationSearch !!!
	at org.testng.Assert.fail(Assert.java:94)
	at com.qait.automation.getpageobjects.GetPage.element(GetPage.java:105)
	at com.qait.automation.getpageobjects.GetPage.element(GetPage.java:80)
	at com.qait.LegCompass.keywords.LegislationSearchPage.clearFilters(LegislationSearchPage.java:222)
	at com.qait.politico.LegCompass.tests.LegislationSearchTest.Test011_Search_By_Current_Status(LegislationSearchTest.java:122)
</failure>
    <system-out><![CDATA[ [INFO] Saving screenshot to D:\POLITICO\2017_automationscripts\./target/screenshots/\LegislationSearchTest\2018_04_24_01_57_PM\screenshot.png
 
***** STARTING TEST STEP: TEST011_SEARCH_BY_CURRENT_STATUS *****
 
  [info] Window closed
Windows size before: 2
  [info] After switching windows, new window title: Bill Search - POLITICO Pro
  [info] Window closed and switched to the previous window
Windows size before: 3
  [info] After switching windows, new window title: Bill Overview - POLITICO Pro
[PASSED] element txt-billTxtCount is displayed
  [info] Window closed
Windows size before: 2
  [info] After switching windows, new window title: Bill Search - POLITICO Pro
  [info] Window closed and switched to the previous window
Windows size before: 3
  [info] After switching windows, new window title: Bill Overview - POLITICO Pro
[PASSED] element txt-billTxtCount is displayed
]]></system-out>
  </testcase>
  <testcase name="Test012_Search_By_Actions" classname="com.qait.politico.LegCompass.tests.LegislationSearchTest" time="30.021">
    <failure message="FAILED: Element btn-clrFilters not found on the LegislationSearch !!!" type="java.lang.AssertionError">java.lang.AssertionError: FAILED: Element btn-clrFilters not found on the LegislationSearch !!!
	at org.testng.Assert.fail(Assert.java:94)
	at com.qait.automation.getpageobjects.GetPage.element(GetPage.java:105)
	at com.qait.automation.getpageobjects.GetPage.element(GetPage.java:80)
	at com.qait.LegCompass.keywords.LegislationSearchPage.clearFilters(LegislationSearchPage.java:222)
	at com.qait.politico.LegCompass.tests.LegislationSearchTest.Test012_Search_By_Actions(LegislationSearchTest.java:133)
</failure>
    <system-out><![CDATA[ [INFO] Saving screenshot to D:\POLITICO\2017_automationscripts\./target/screenshots/\LegislationSearchTest\2018_04_24_01_58_PM\screenshot.png
 
***** STARTING TEST STEP: TEST012_SEARCH_BY_ACTIONS *****
 
  [info] Window closed
Windows size before: 2
  [info] After switching windows, new window title: Bill Search - POLITICO Pro
  [info] Window closed and switched to the previous window
Windows size before: 3
  [info] After switching windows, new window title: Bill Overview - POLITICO Pro
[PASSED] element txt-billTxtCount is displayed
  [info] Window closed
Windows size before: 2
  [info] After switching windows, new window title: Bill Search - POLITICO Pro
  [info] Window closed and switched to the previous window
Windows size before: 3
  [info] After switching windows, new window title: Bill Overview - POLITICO Pro
]]></system-out>
  </testcase>
  <testcase name="Test013_Search_By_Date_Range" classname="com.qait.politico.LegCompass.tests.LegislationSearchTest" time="30.029">
    <failure message="FAILED: Element btn-clrFilters not found on the LegislationSearch !!!" type="java.lang.AssertionError">java.lang.AssertionError: FAILED: Element btn-clrFilters not found on the LegislationSearch !!!
	at org.testng.Assert.fail(Assert.java:94)
	at com.qait.automation.getpageobjects.GetPage.element(GetPage.java:105)
	at com.qait.automation.getpageobjects.GetPage.element(GetPage.java:80)
	at com.qait.LegCompass.keywords.LegislationSearchPage.clearFilters(LegislationSearchPage.java:222)
	at com.qait.politico.LegCompass.tests.LegislationSearchTest.Test013_Search_By_Date_Range(LegislationSearchTest.java:145)
</failure>
    <system-out><![CDATA[ [INFO] Saving screenshot to D:\POLITICO\2017_automationscripts\./target/screenshots/\LegislationSearchTest\2018_04_24_01_58_PM\screenshot.png
 
***** STARTING TEST STEP: TEST013_SEARCH_BY_DATE_RANGE *****
 
[PASSED] element txt-billTxtCount is displayed
  [info] Window closed
Windows size before: 2
  [info] After switching windows, new window title: Bill Search - POLITICO Pro
  [info] Window closed and switched to the previous window
Windows size before: 3
  [info] After switching windows, new window title: Legislative Compass: Federal and State Legislative Tracking | POLITICO Pro
[PASSED] element txt-billTxtCount is not displayed
  [info] Window closed
Windows size before: 2
  [info] After switching windows, new window title: Bill Search - POLITICO Pro
  [info] Window closed and switched to the previous window
Windows size before: 3
]]></system-out>
  </testcase>
  <testcase name="Test014_Save_Search_Modal" classname="com.qait.politico.LegCompass.tests.LegislationSearchTest" time="30.046">
    <failure message="FAILED: Element btn-clrFilters not found on the LegislationSearch !!!" type="java.lang.AssertionError">java.lang.AssertionError: FAILED: Element btn-clrFilters not found on the LegislationSearch !!!
	at org.testng.Assert.fail(Assert.java:94)
	at com.qait.automation.getpageobjects.GetPage.element(GetPage.java:105)
	at com.qait.automation.getpageobjects.GetPage.element(GetPage.java:80)
	at com.qait.LegCompass.keywords.LegislationSearchPage.clearFilters(LegislationSearchPage.java:222)
	at com.qait.politico.LegCompass.tests.LegislationSearchTest.Test014_Save_Search_Modal(LegislationSearchTest.java:156)
</failure>
    <system-out><![CDATA[ [INFO] Saving screenshot to D:\POLITICO\2017_automationscripts\./target/screenshots/\LegislationSearchTest\2018_04_24_01_59_PM\screenshot.png
 
***** STARTING TEST STEP: TEST014_SAVE_SEARCH_MODAL *****
 
  [info] After switching windows, new window title: Legislative Compass: Federal and State Legislative Tracking | POLITICO Pro
[PASSED] element txt-billTxtCount is not displayed
  [info] Window closed
Windows size before: 2
  [info] After switching windows, new window title: Bill Search - POLITICO Pro
  [info] Window closed and switched to the previous window
Windows size before: 3
  [info] After switching windows, new window title: Legislative Compass: Federal and State Legislative Tracking | POLITICO Pro
[PASSED] element txt-billTxtCount is not displayed
  [info] Window closed
Windows size before: 2
  [info] After switching windows, new window title: Bill Search - POLITICO Pro
  [info] Window closed and switched to the previous window
Windows size before: 3
]]></system-out>
  </testcase>
  <testcase name="Test015_Select_All_Box" classname="com.qait.politico.LegCompass.tests.LegislationSearchTest" time="38.693">
    <failure message="FAILED: Element radio-selectAll not found on the LegislationSearch !!!" type="java.lang.AssertionError">java.lang.AssertionError: FAILED: Element radio-selectAll not found on the LegislationSearch !!!
	at org.testng.Assert.fail(Assert.java:94)
	at com.qait.automation.getpageobjects.GetPage.element(GetPage.java:105)
	at com.qait.automation.getpageobjects.GetPage.element(GetPage.java:80)
	at com.qait.LegCompass.keywords.LegislationSearchPage.clickSelectAllCheckbox(LegislationSearchPage.java:716)
	at com.qait.politico.LegCompass.tests.LegislationSearchTest.Test015_Select_All_Box(LegislationSearchTest.java:170)
</failure>
    <system-out><![CDATA[ [INFO] Saving screenshot to D:\POLITICO\2017_automationscripts\./target/screenshots/\LegislationSearchTest\2018_04_24_01_59_PM\screenshot.png
 
***** STARTING TEST STEP: TEST015_SELECT_ALL_BOX *****
 
  [info] After switching windows, new window title: Legislative Compass: Federal and State Legislative Tracking | POLITICO Pro
[PASSED] element txt-billTxtCount is not displayed
  [info] Legislation Search clicked
  [info] Window closed
Windows size before: 2
  [info] After switching windows, new window title: Bill Search - POLITICO Pro
  [info] Window closed and switched to the previous window
Windows size before: 3
  [info] After switching windows, new window title: Legislative Compass: Federal and State Legislative Tracking | POLITICO Pro
[PASSED] element txt-billTxtCount is not displayed
  [info] Window closed
Windows size before: 2
  [info] After switching windows, new window title: Bill Search - POLITICO Pro
  [info] Window closed and switched to the previous window
Windows size before: 3
  [info] After switching windows, new window title: Legislative Compass: Federal and State Legislative Tracking | POLITICO Pro
]]></system-out>
  </testcase>
  <testcase name="Test016_Track_Bill_From_Legislation_Page_With_Alerts" classname="com.qait.politico.LegCompass.tests.LegislationSearchTest" time="30.055">
    <failure message="FAILED: Element btn-clrFilters not found on the LegislationSearch !!!" type="java.lang.AssertionError">java.lang.AssertionError: FAILED: Element btn-clrFilters not found on the LegislationSearch !!!
	at org.testng.Assert.fail(Assert.java:94)
	at com.qait.automation.getpageobjects.GetPage.element(GetPage.java:105)
	at com.qait.automation.getpageobjects.GetPage.element(GetPage.java:80)
	at com.qait.LegCompass.keywords.LegislationSearchPage.clearFilters(LegislationSearchPage.java:222)
	at com.qait.politico.LegCompass.tests.LegislationSearchTest.Test016_Track_Bill_From_Legislation_Page_With_Alerts(LegislationSearchTest.java:177)
</failure>
    <system-out><![CDATA[ [INFO] Saving screenshot to D:\POLITICO\2017_automationscripts\./target/screenshots/\LegislationSearchTest\2018_04_24_02_00_PM\screenshot.png
 
***** STARTING TEST STEP: TEST016_TRACK_BILL_FROM_LEGISLATION_PAGE_WITH_ALERTS *****
 
[PASSED] element txt-billTxtCount is not displayed
  [info] Window closed
Windows size before: 2
  [info] After switching windows, new window title: Bill Search - POLITICO Pro
  [info] Window closed and switched to the previous window
Windows size before: 3
  [info] After switching windows, new window title: Legislative Compass: Federal and State Legislative Tracking | POLITICO Pro
[PASSED] element txt-billTxtCount is not displayed
  [info] Window closed
Windows size before: 2
  [info] After switching windows, new window title: Bill Search - POLITICO Pro
  [info] Window closed and switched to the previous window
Windows size before: 3
]]></system-out>
  </testcase>
  <testcase name="Test017_Track_Bill_From_Legislation_Page_Without_Alerts" classname="com.qait.politico.LegCompass.tests.LegislationSearchTest" time="30.026">
    <failure message="FAILED: Element btn-lcHeader not found on the YourPreferencePage !!!" type="java.lang.AssertionError">java.lang.AssertionError: FAILED: Element btn-lcHeader not found on the YourPreferencePage !!!
	at org.testng.Assert.fail(Assert.java:94)
	at com.qait.automation.getpageobjects.GetPage.element(GetPage.java:105)
	at com.qait.LegCompass.keywords.YourPreferencePage.clickButtonInLCHeader(YourPreferencePage.java:38)
	at com.qait.politico.LegCompass.tests.LegislationSearchTest.Test017_Track_Bill_From_Legislation_Page_Without_Alerts(LegislationSearchTest.java:205)
</failure>
    <system-out><![CDATA[ [INFO] Saving screenshot to D:\POLITICO\2017_automationscripts\./target/screenshots/\LegislationSearchTest\2018_04_24_02_00_PM\screenshot.png
 
***** STARTING TEST STEP: TEST017_TRACK_BILL_FROM_LEGISLATION_PAGE_WITHOUT_ALERTS *****
 
  [info] After switching windows, new window title: Legislative Compass: Federal and State Legislative Tracking | POLITICO Pro
[PASSED] element txt-billTxtCount is not displayed
  [info] Window closed
Windows size before: 2
  [info] After switching windows, new window title: Bill Search - POLITICO Pro
  [info] Window closed and switched to the previous window
Windows size before: 3
  [info] After switching windows, new window title: Legislative Compass: Federal and State Legislative Tracking | POLITICO Pro
[PASSED] element txt-billTxtCount is not displayed
  [info] Window closed
Windows size before: 2
  [info] After switching windows, new window title: Bill Search - POLITICO Pro
  [info] Window closed and switched to the previous window
Windows size before: 3
]]></system-out>
  </testcase>
  <testcase name="Test018_Add_Folder_From_Legislation_Page" classname="com.qait.politico.LegCompass.tests.LegislationSearchTest" time="30.045">
    <failure message="FAILED: Element btn-lcHeader not found on the YourPreferencePage !!!" type="java.lang.AssertionError">java.lang.AssertionError: FAILED: Element btn-lcHeader not found on the YourPreferencePage !!!
	at org.testng.Assert.fail(Assert.java:94)
	at com.qait.automation.getpageobjects.GetPage.element(GetPage.java:105)
	at com.qait.LegCompass.keywords.YourPreferencePage.clickButtonInLCHeader(YourPreferencePage.java:38)
	at com.qait.politico.LegCompass.tests.LegislationSearchTest.Test018_Add_Folder_From_Legislation_Page(LegislationSearchTest.java:233)
</failure>
    <system-out><![CDATA[ [INFO] Saving screenshot to D:\POLITICO\2017_automationscripts\./target/screenshots/\LegislationSearchTest\2018_04_24_02_01_PM\screenshot.png
 
***** STARTING TEST STEP: TEST018_ADD_FOLDER_FROM_LEGISLATION_PAGE *****
 
  [info] After switching windows, new window title: Legislative Compass: Federal and State Legislative Tracking | POLITICO Pro
[PASSED] element txt-billTxtCount is not displayed
  [info] Window closed
Windows size before: 2
  [info] After switching windows, new window title: Bill Search - POLITICO Pro
  [info] Window closed and switched to the previous window
Windows size before: 3
  [info] After switching windows, new window title: Legislative Compass: Federal and State Legislative Tracking | POLITICO Pro
[PASSED] element txt-billTxtCount is not displayed
  [info] Window closed
Windows size before: 2
  [info] After switching windows, new window title: Bill Search - POLITICO Pro
  [info] Window closed and switched to the previous window
Windows size before: 3
]]></system-out>
  </testcase>
  <testcase name="Test019_Download_Excel_From_Legislation_Page" classname="com.qait.politico.LegCompass.tests.LegislationSearchTest" time="30.02">
    <failure message="FAILED: Element btn-lcHeader not found on the YourPreferencePage !!!" type="java.lang.AssertionError">java.lang.AssertionError: FAILED: Element btn-lcHeader not found on the YourPreferencePage !!!
	at org.testng.Assert.fail(Assert.java:94)
	at com.qait.automation.getpageobjects.GetPage.element(GetPage.java:105)
	at com.qait.LegCompass.keywords.YourPreferencePage.clickButtonInLCHeader(YourPreferencePage.java:38)
	at com.qait.politico.LegCompass.tests.LegislationSearchTest.Test019_Download_Excel_From_Legislation_Page(LegislationSearchTest.java:252)
</failure>
    <system-out><![CDATA[ [INFO] Saving screenshot to D:\POLITICO\2017_automationscripts\./target/screenshots/\LegislationSearchTest\2018_04_24_02_01_PM\screenshot.png
 
***** STARTING TEST STEP: TEST019_DOWNLOAD_EXCEL_FROM_LEGISLATION_PAGE *****
 
  [info] After switching windows, new window title: Legislative Compass: Federal and State Legislative Tracking | POLITICO Pro
[PASSED] element txt-billTxtCount is not displayed
  [info] Window closed
Windows size before: 2
  [info] After switching windows, new window title: Bill Search - POLITICO Pro
  [info] Window closed and switched to the previous window
Windows size before: 3
  [info] After switching windows, new window title: Legislative Compass: Federal and State Legislative Tracking | POLITICO Pro
[PASSED] element txt-billTxtCount is not displayed
  [info] Window closed
Windows size before: 2
  [info] After switching windows, new window title: Bill Search - POLITICO Pro
  [info] Window closed and switched to the previous window
]]></system-out>
  </testcase>
  <testcase name="Test020_Verify_Pagination" classname="com.qait.politico.LegCompass.tests.LegislationSearchTest" time="30.042">
    <failure message="FAILED: Element btn-lcHeader not found on the YourPreferencePage !!!" type="java.lang.AssertionError">java.lang.AssertionError: FAILED: Element btn-lcHeader not found on the YourPreferencePage !!!
	at org.testng.Assert.fail(Assert.java:94)
	at com.qait.automation.getpageobjects.GetPage.element(GetPage.java:105)
	at com.qait.LegCompass.keywords.YourPreferencePage.clickButtonInLCHeader(YourPreferencePage.java:38)
	at com.qait.politico.LegCompass.tests.LegislationSearchTest.Test020_Verify_Pagination(LegislationSearchTest.java:263)
</failure>
    <system-out><![CDATA[ [INFO] Saving screenshot to D:\POLITICO\2017_automationscripts\./target/screenshots/\LegislationSearchTest\2018_04_24_02_02_PM\screenshot.png
 
***** STARTING TEST STEP: TEST020_VERIFY_PAGINATION *****
 
Windows size before: 3
  [info] After switching windows, new window title: Legislative Compass: Federal and State Legislative Tracking | POLITICO Pro
[PASSED] element txt-billTxtCount is not displayed
  [info] Window closed
Windows size before: 2
  [info] After switching windows, new window title: Bill Search - POLITICO Pro
  [info] Window closed and switched to the previous window
Windows size before: 3
  [info] After switching windows, new window title: Legislative Compass: Federal and State Legislative Tracking | POLITICO Pro
[PASSED] element txt-billTxtCount is not displayed
]]></system-out>
  </testcase>
  <testcase name="Test021_Verify_Opening_Of_A_Bill" classname="com.qait.politico.LegCompass.tests.LegislationSearchTest" time="9.082">
    <failure message="FAILED: Element btn-loadMore not found on the BillDetailPage !!!" type="java.lang.AssertionError">java.lang.AssertionError: FAILED: Element btn-loadMore not found on the BillDetailPage !!!
	at org.testng.Assert.fail(Assert.java:94)
	at com.qait.automation.getpageobjects.GetPage.element(GetPage.java:105)
	at com.qait.automation.getpageobjects.GetPage.element(GetPage.java:80)
	at com.qait.LegCompass.keywords.BillDetailPage.goToFirstFreshBill(BillDetailPage.java:77)
	at com.qait.politico.LegCompass.tests.LegislationSearchTest.Test021_Verify_Opening_Of_A_Bill(LegislationSearchTest.java:270)
</failure>
    <system-out><![CDATA[ [INFO] Saving screenshot to D:\POLITICO\2017_automationscripts\./target/screenshots/\LegislationSearchTest\2018_04_24_02_02_PM\screenshot.png
 
***** STARTING TEST STEP: TEST021_VERIFY_OPENING_OF_A_BILL *****
 
  [info] Window closed
Windows size before: 2
  [info] After switching windows, new window title: Bill Search - POLITICO Pro
  [info] Window closed and switched to the previous window
Windows size before: 3
[PASSED] element lnk-first-fresh-bill is not displayed
]]></system-out>
  </testcase>
  <testcase name="Test006_Verify_Compare_Bill_Version_For_Federal_Bill" classname="com.qait.politico.LegCompass.tests.FederalBillDetailTest" time="10.522">
    <failure message="FAILED: Element tab-rightRail not found on the BillDetailPage !!!" type="java.lang.AssertionError">java.lang.AssertionError: FAILED: Element tab-rightRail not found on the BillDetailPage !!!
	at org.testng.Assert.fail(Assert.java:94)
	at com.qait.automation.getpageobjects.GetPage.element(GetPage.java:105)
	at com.qait.LegCompass.keywords.BillDetailPage.clickTabOnRightRail(BillDetailPage.java:418)
	at com.qait.politico.LegCompass.tests.FederalBillDetailTest.Test006_Verify_Compare_Bill_Version_For_Federal_Bill(FederalBillDetailTest.java:77)
</failure>
    <system-out><![CDATA[ [INFO] Saving screenshot to D:\POLITICO\2017_automationscripts\./target/screenshots/\LegislationSearchTest\2018_04_24_02_02_PM\screenshot.png
 
***** STARTING TEST STEP: TEST022_SEARCH_BY_KEYWORD_OR_BILL_STATE *****
 
Windows size before: 2
  [info] After switching windows, new window title: Bill Search - POLITICO Pro
  [info] After switching windows, new window title: Legislative Compass: Federal and State Legislative Tracking | POLITICO Pro
[PASSED] element txt-billTxtCount is not displayed
  [info] Window closed
Windows size before: 2
  [info] After switching windows, new window title: Bill Search - POLITICO Pro
  [info] Window closed and switched to the previous window
Could not find appropriate Bill in the Search Page
]]></system-out>
  </testcase>
  <testcase name="Test007_Verify_Track_Functionality_For_Federal_Bill" classname="com.qait.politico.LegCompass.tests.FederalBillDetailTest" time="19.05">
    <failure message="Expected condition failed: waiting for title to contain &quot;Bill Overview - POLITICO Pro&quot;. Current title: &quot;Legislative Compass: Federal and State Legislative Tracking | POLITICO Pro&quot; (tried for 5 second(s) with 500 milliseconds interval)&#10;Build info: version: &apos;3.10.0&apos;, revision: &apos;176b4a9&apos;, time: &apos;2018-03-02T19:03:16.397Z&apos;&#10;System info: host: &apos;DLLA1439&apos;, ip: &apos;10.90.0.147&apos;, os.name: &apos;Windows 8.1&apos;, os.arch: &apos;amd64&apos;, os.version: &apos;6.3&apos;, java.version: &apos;1.8.0_161&apos;&#10;Driver info: org.openqa.selenium.chrome.ChromeDriver&#10;Capabilities {acceptInsecureCerts: false, acceptSslCerts: false, applicationCacheEnabled: false, browserConnectionEnabled: false, browserName: chrome, chrome: {chromedriverVersion: 2.36.540470 (e522d04694c7eb..., userDataDir: C:\Users\SHWETA~1\AppData\L...}, cssSelectorsEnabled: true, databaseEnabled: false, handlesAlerts: true, hasTouchScreen: false, javascriptEnabled: true, locationContextEnabled: true, mobileEmulationEnabled: false, nativeEvents: true, networkConnectionEnabled: false, pageLoadStrategy: normal, platform: XP, platformName: XP, rotatable: false, setWindowRect: true, takesHeapSnapshot: true, takesScreenshot: true, unexpectedAlertBehaviour: , unhandledPromptBehavior: , version: 66.0.3359.117, webStorageEnabled: true}&#10;Session ID: 612c05722024e75500c6e3284904fec2" type="org.openqa.selenium.TimeoutException">org.openqa.selenium.TimeoutException: Expected condition failed: waiting for title to contain "Bill Overview - POLITICO Pro". Current title: "Legislative Compass: Federal and State Legislative Tracking | POLITICO Pro" (tried for 5 second(s) with 500 milliseconds interval)
Build info: version: '3.10.0', revision: '176b4a9', time: '2018-03-02T19:03:16.397Z'
System info: host: 'DLLA1439', ip: '10.90.0.147', os.name: 'Windows 8.1', os.arch: 'amd64', os.version: '6.3', java.version: '1.8.0_161'
Driver info: org.openqa.selenium.chrome.ChromeDriver
Capabilities {acceptInsecureCerts: false, acceptSslCerts: false, applicationCacheEnabled: false, browserConnectionEnabled: false, browserName: chrome, chrome: {chromedriverVersion: 2.36.540470 (e522d04694c7eb..., userDataDir: C:\Users\SHWETA~1\AppData\L...}, cssSelectorsEnabled: true, databaseEnabled: false, handlesAlerts: true, hasTouchScreen: false, javascriptEnabled: true, locationContextEnabled: true, mobileEmulationEnabled: false, nativeEvents: true, networkConnectionEnabled: false, pageLoadStrategy: normal, platform: XP, platformName: XP, rotatable: false, setWindowRect: true, takesHeapSnapshot: true, takesScreenshot: true, unexpectedAlertBehaviour: , unhandledPromptBehavior: , version: 66.0.3359.117, webStorageEnabled: true}
Session ID: 612c05722024e75500c6e3284904fec2
	at org.openqa.selenium.support.ui.WebDriverWait.timeoutException(WebDriverWait.java:82)
	at org.openqa.selenium.support.ui.FluentWait.until(FluentWait.java:272)
	at com.qait.automation.getpageobjects.BaseUi.waitForWindowToChaneUntilTitle(BaseUi.java:628)
	at com.qait.LegCompass.keywords.BillDetailPage.verifyBillOpened(BillDetailPage.java:110)
	at com.qait.politico.LegCompass.tests.FederalBillDetailTest.Test007_Verify_Track_Functionality_For_Federal_Bill(FederalBillDetailTest.java:95)
</failure>
    <system-out><![CDATA[ [INFO] Saving screenshot to D:\POLITICO\2017_automationscripts\./target/screenshots/\FederalBillDetailTest\2018_04_24_02_03_PM\screenshot.png
 
***** STARTING TEST STEP: TEST007_VERIFY_TRACK_FUNCTIONALITY_FOR_FEDERAL_BILL *****
 
  [info] Legilation filter State selected
[PASSED] element lnk-first-fresh-bill is displayed
  [info] New York state entered
First unused bill on the Legislation Compass page clicked
Windows size before: 3
  [info] Results for state New York verified
[PASSED] element input-sessionFilter is displayed.
[PASSED] element input-searchByKeyword is displayed.
[PASSED] element select-chamberFilter is displayed.
[PASSED] element input-legislationType is displayed.
[PASSED] element input-sponsor is displayed.
[PASSED] element input-cosponsor is displayed.
[PASSED] element input-committee is displayed.
  [info] Filters in the left rail verified
]]></system-out>
  </testcase>
  <testcase name="Test008_Stop_Tracking" classname="com.qait.politico.LegCompass.tests.FederalBillDetailTest" time="3.047">
    <failure message="FAILED: Element txt-successEmailAlert not found on the LegislationSearch !!!" type="java.lang.AssertionError">java.lang.AssertionError: FAILED: Element txt-successEmailAlert not found on the LegislationSearch !!!
	at org.testng.Assert.fail(Assert.java:94)
	at com.qait.automation.getpageobjects.GetPage.element(GetPage.java:105)
	at com.qait.automation.getpageobjects.GetPage.element(GetPage.java:80)
	at com.qait.automation.getpageobjects.GetPage.isElementDisplayed(GetPage.java:231)
	at com.qait.LegCompass.keywords.LegislationSearchPage.verifyEmailAlertSuccessModal(LegislationSearchPage.java:784)
	at com.qait.politico.LegCompass.tests.FederalBillDetailTest.Test008_Stop_Tracking(FederalBillDetailTest.java:108)
</failure>
    <system-out><![CDATA[ [INFO] Saving screenshot to D:\POLITICO\2017_automationscripts\./target/screenshots/\FederalBillDetailTest\2018_04_24_02_03_PM\screenshot.png
 
***** STARTING TEST STEP: TEST008_STOP_TRACKING *****
 
]]></system-out>
  </testcase>
  <testcase name="Test022_Search_By_Keyword_Or_Bill_State" classname="com.qait.politico.LegCompass.tests.LegislationSearchTest" time="11.522"/>
  <testcase name="Test009_Verify_Track_Functionality_For_Amendment_Bill" classname="com.qait.politico.LegCompass.tests.FederalBillDetailTest" time="20.468">
    <failure message="FAILED: Element lnk-billHeader not found on the LegOutcome !!!" type="java.lang.AssertionError">java.lang.AssertionError: FAILED: Element lnk-billHeader not found on the LegOutcome !!!
	at org.testng.Assert.fail(Assert.java:94)
	at com.qait.automation.getpageobjects.GetPage.element(GetPage.java:105)
	at com.qait.LegCompass.keywords.LegOutcomePage.goToBill(LegOutcomePage.java:670)
	at com.qait.politico.LegCompass.tests.FederalBillDetailTest.Test009_Verify_Track_Functionality_For_Amendment_Bill(FederalBillDetailTest.java:121)
</failure>
    <system-out><![CDATA[ 
***** STARTING TEST STEP: TEST023_SAVE_SEARCH_STATE *****
 
[PASSED] element lnk-frst-fresh-amdt is not displayed
  [info] Filters cleared
  [info] Keyword to search entered
  [info] California state entered
]]></system-out>
  </testcase>
  <testcase name="Test010_Stop_Tracking_Amendment" classname="com.qait.politico.LegCompass.tests.FederalBillDetailTest" time="3.03">
    <failure message="FAILED: Element txt-successEmailAlert not found on the LegislationSearch !!!" type="java.lang.AssertionError">java.lang.AssertionError: FAILED: Element txt-successEmailAlert not found on the LegislationSearch !!!
	at org.testng.Assert.fail(Assert.java:94)
	at com.qait.automation.getpageobjects.GetPage.element(GetPage.java:105)
	at com.qait.automation.getpageobjects.GetPage.element(GetPage.java:80)
	at com.qait.automation.getpageobjects.GetPage.isElementDisplayed(GetPage.java:231)
	at com.qait.LegCompass.keywords.LegislationSearchPage.verifyEmailAlertSuccessModal(LegislationSearchPage.java:784)
	at com.qait.politico.LegCompass.tests.FederalBillDetailTest.Test010_Stop_Tracking_Amendment(FederalBillDetailTest.java:134)
</failure>
    <system-out><![CDATA[ [INFO] Saving screenshot to D:\POLITICO\2017_automationscripts\./target/screenshots/\FederalBillDetailTest\2018_04_24_02_03_PM\screenshot.png
 
***** STARTING TEST STEP: TEST010_STOP_TRACKING_AMENDMENT *****
 
]]></system-out>
  </testcase>
  <testcase name="Test011_Verify_Actions_Tab_For_Federal_Bill" classname="com.qait.politico.LegCompass.tests.FederalBillDetailTest" time="14.312">
    <failure message="FAILED: Element btn-loadMore not found on the BillDetailPage !!!" type="java.lang.AssertionError">java.lang.AssertionError: FAILED: Element btn-loadMore not found on the BillDetailPage !!!
	at org.testng.Assert.fail(Assert.java:94)
	at com.qait.automation.getpageobjects.GetPage.element(GetPage.java:105)
	at com.qait.automation.getpageobjects.GetPage.element(GetPage.java:80)
	at com.qait.LegCompass.keywords.BillDetailPage.goToFirstFreshBill(BillDetailPage.java:77)
	at com.qait.politico.LegCompass.tests.FederalBillDetailTest.Test011_Verify_Actions_Tab_For_Federal_Bill(FederalBillDetailTest.java:147)
</failure>
    <system-out><![CDATA[ [INFO] Saving screenshot to D:\POLITICO\2017_automationscripts\./target/screenshots/\FederalBillDetailTest\2018_04_24_02_04_PM\screenshot.png
 
***** STARTING TEST STEP: TEST011_VERIFY_ACTIONS_TAB_FOR_FEDERAL_BILL *****
 
  [info] Window closed
Windows size before: 1
  [info] Nevada state entered
  [info] After switching windows, new window title: Legislative Compass: Federal and State Legislative Tracking | POLITICO Pro
  [info] Window closed and switched to the previous window
  [info] Keyword to search entered
  [info] Save Search button clicked
[PASSED] element txt-searchName is displayed.
[PASSED] element txt-saveSearchModal is displayed.
[PASSED] element btn-saveModal is displayed.
[PASSED] element lnk-cancelSearch is displayed.
  [info] Information on Save Search modal verified
[PASSED] element lnk-first-fresh-bill is not displayed
Saved Search: medical marijuana SearchTue Apr 24 13:51:28 IST 2018
  [info] Search Name entered in the Save Search modal dialog
]]></system-out>
  </testcase>
  <testcase name="Test012_Verify_News_Tab_For_Federal_Bill" classname="com.qait.politico.LegCompass.tests.FederalBillDetailTest" time="4.311">
    <failure message="no such session&#10;  (Driver info: chromedriver=2.36.540470 (e522d04694c7ebea4ba8821272dbef4f9b818c91),platform=Windows NT 6.3.9600 x86_64) (WARNING: The server did not provide any stacktrace information)&#10;Command duration or timeout: 0 milliseconds&#10;Build info: version: &apos;3.10.0&apos;, revision: &apos;176b4a9&apos;, time: &apos;2018-03-02T19:03:16.397Z&apos;&#10;System info: host: &apos;DLLA1439&apos;, ip: &apos;10.90.0.147&apos;, os.name: &apos;Windows 8.1&apos;, os.arch: &apos;amd64&apos;, os.version: &apos;6.3&apos;, java.version: &apos;1.8.0_161&apos;&#10;Driver info: org.openqa.selenium.chrome.ChromeDriver&#10;Capabilities {acceptInsecureCerts: false, acceptSslCerts: false, applicationCacheEnabled: false, browserConnectionEnabled: false, browserName: chrome, chrome: {chromedriverVersion: 2.36.540470 (e522d04694c7eb..., userDataDir: C:\Users\SHWETA~1\AppData\L...}, cssSelectorsEnabled: true, databaseEnabled: false, handlesAlerts: true, hasTouchScreen: false, javascriptEnabled: true, locationContextEnabled: true, mobileEmulationEnabled: false, nativeEvents: true, networkConnectionEnabled: false, pageLoadStrategy: normal, platform: XP, platformName: XP, rotatable: false, setWindowRect: true, takesHeapSnapshot: true, takesScreenshot: true, unexpectedAlertBehaviour: , unhandledPromptBehavior: , version: 66.0.3359.117, webStorageEnabled: true}&#10;Session ID: 612c05722024e75500c6e3284904fec2" type="org.openqa.selenium.NoSuchSessionException">org.openqa.selenium.NoSuchSessionException: no such session
  (Driver info: chromedriver=2.36.540470 (e522d04694c7ebea4ba8821272dbef4f9b818c91),platform=Windows NT 6.3.9600 x86_64) (WARNING: The server did not provide any stacktrace information)
Command duration or timeout: 0 milliseconds
Build info: version: '3.10.0', revision: '176b4a9', time: '2018-03-02T19:03:16.397Z'
System info: host: 'DLLA1439', ip: '10.90.0.147', os.name: 'Windows 8.1', os.arch: 'amd64', os.version: '6.3', java.version: '1.8.0_161'
Driver info: org.openqa.selenium.chrome.ChromeDriver
Capabilities {acceptInsecureCerts: false, acceptSslCerts: false, applicationCacheEnabled: false, browserConnectionEnabled: false, browserName: chrome, chrome: {chromedriverVersion: 2.36.540470 (e522d04694c7eb..., userDataDir: C:\Users\SHWETA~1\AppData\L...}, cssSelectorsEnabled: true, databaseEnabled: false, handlesAlerts: true, hasTouchScreen: false, javascriptEnabled: true, locationContextEnabled: true, mobileEmulationEnabled: false, nativeEvents: true, networkConnectionEnabled: false, pageLoadStrategy: normal, platform: XP, platformName: XP, rotatable: false, setWindowRect: true, takesHeapSnapshot: true, takesScreenshot: true, unexpectedAlertBehaviour: , unhandledPromptBehavior: , version: 66.0.3359.117, webStorageEnabled: true}
Session ID: 612c05722024e75500c6e3284904fec2
	at sun.reflect.NativeConstructorAccessorImpl.newInstance0(Native Method)
	at sun.reflect.NativeConstructorAccessorImpl.newInstance(NativeConstructorAccessorImpl.java:62)
	at sun.reflect.DelegatingConstructorAccessorImpl.newInstance(DelegatingConstructorAccessorImpl.java:45)
	at java.lang.reflect.Constructor.newInstance(Constructor.java:423)
	at org.openqa.selenium.remote.ErrorHandler.createThrowable(ErrorHandler.java:214)
	at org.openqa.selenium.remote.ErrorHandler.throwIfResponseFailed(ErrorHandler.java:166)
	at org.openqa.selenium.remote.http.JsonHttpResponseCodec.reconstructValue(JsonHttpResponseCodec.java:40)
	at org.openqa.selenium.remote.http.AbstractHttpResponseCodec.decode(AbstractHttpResponseCodec.java:80)
	at org.openqa.selenium.remote.http.AbstractHttpResponseCodec.decode(AbstractHttpResponseCodec.java:44)
	at org.openqa.selenium.remote.HttpCommandExecutor.execute(HttpCommandExecutor.java:160)
	at org.openqa.selenium.remote.service.DriverCommandExecutor.execute(DriverCommandExecutor.java:83)
	at org.openqa.selenium.remote.RemoteWebDriver.execute(RemoteWebDriver.java:601)
	at org.openqa.selenium.remote.RemoteWebDriver.execute(RemoteWebDriver.java:658)
	at org.openqa.selenium.remote.RemoteWebDriver.getWindowHandles(RemoteWebDriver.java:506)
	at com.qait.automation.getpageobjects.BaseUi.changeWindow(BaseUi.java:583)
	at com.qait.LegCompass.keywords.BillDetailPage.closeAndSwitchToPreviousWindow(BillDetailPage.java:545)
	at com.qait.politico.LegCompass.tests.FederalBillDetailTest.Test012_Verify_News_Tab_For_Federal_Bill(FederalBillDetailTest.java:164)
</failure>
    <system-out><![CDATA[ [INFO] Saving screenshot to D:\POLITICO\2017_automationscripts\./target/screenshots/\FederalBillDetailTest\2018_04_24_02_04_PM\screenshot.png
 
***** STARTING TEST STEP: TEST012_VERIFY_NEWS_TAB_FOR_FEDERAL_BILL *****
 
[PASSED] element txt-searchSuccess is displayed.
[PASSED] element btn-okSearchSaved is displayed.
  [info] Window closed
]]></system-out>
  </testcase>
  <testcase name="Test013_Verify_CRS_Summary_Tab" classname="com.qait.politico.LegCompass.tests.FederalBillDetailTest" time="0.034">
    <failure message="no such session&#10;  (Driver info: chromedriver=2.36.540470 (e522d04694c7ebea4ba8821272dbef4f9b818c91),platform=Windows NT 6.3.9600 x86_64) (WARNING: The server did not provide any stacktrace information)&#10;Command duration or timeout: 0 milliseconds&#10;Build info: version: &apos;3.10.0&apos;, revision: &apos;176b4a9&apos;, time: &apos;2018-03-02T19:03:16.397Z&apos;&#10;System info: host: &apos;DLLA1439&apos;, ip: &apos;10.90.0.147&apos;, os.name: &apos;Windows 8.1&apos;, os.arch: &apos;amd64&apos;, os.version: &apos;6.3&apos;, java.version: &apos;1.8.0_161&apos;&#10;Driver info: org.openqa.selenium.chrome.ChromeDriver&#10;Capabilities {acceptInsecureCerts: false, acceptSslCerts: false, applicationCacheEnabled: false, browserConnectionEnabled: false, browserName: chrome, chrome: {chromedriverVersion: 2.36.540470 (e522d04694c7eb..., userDataDir: C:\Users\SHWETA~1\AppData\L...}, cssSelectorsEnabled: true, databaseEnabled: false, handlesAlerts: true, hasTouchScreen: false, javascriptEnabled: true, locationContextEnabled: true, mobileEmulationEnabled: false, nativeEvents: true, networkConnectionEnabled: false, pageLoadStrategy: normal, platform: XP, platformName: XP, rotatable: false, setWindowRect: true, takesHeapSnapshot: true, takesScreenshot: true, unexpectedAlertBehaviour: , unhandledPromptBehavior: , version: 66.0.3359.117, webStorageEnabled: true}&#10;Session ID: 612c05722024e75500c6e3284904fec2&#10;*** Element info: {Using=xpath, value=//h3[@class=&apos;name mt1&apos;]//a[1][not(contains(text(),&apos;Amdt.&apos;)) and not(contains(text(),&apos;Amendment&apos;))]}" type="org.openqa.selenium.NoSuchSessionException">org.openqa.selenium.NoSuchSessionException: no such session
  (Driver info: chromedriver=2.36.540470 (e522d04694c7ebea4ba8821272dbef4f9b818c91),platform=Windows NT 6.3.9600 x86_64) (WARNING: The server did not provide any stacktrace information)
Command duration or timeout: 0 milliseconds
Build info: version: '3.10.0', revision: '176b4a9', time: '2018-03-02T19:03:16.397Z'
System info: host: 'DLLA1439', ip: '10.90.0.147', os.name: 'Windows 8.1', os.arch: 'amd64', os.version: '6.3', java.version: '1.8.0_161'
Driver info: org.openqa.selenium.chrome.ChromeDriver
Capabilities {acceptInsecureCerts: false, acceptSslCerts: false, applicationCacheEnabled: false, browserConnectionEnabled: false, browserName: chrome, chrome: {chromedriverVersion: 2.36.540470 (e522d04694c7eb..., userDataDir: C:\Users\SHWETA~1\AppData\L...}, cssSelectorsEnabled: true, databaseEnabled: false, handlesAlerts: true, hasTouchScreen: false, javascriptEnabled: true, locationContextEnabled: true, mobileEmulationEnabled: false, nativeEvents: true, networkConnectionEnabled: false, pageLoadStrategy: normal, platform: XP, platformName: XP, rotatable: false, setWindowRect: true, takesHeapSnapshot: true, takesScreenshot: true, unexpectedAlertBehaviour: , unhandledPromptBehavior: , version: 66.0.3359.117, webStorageEnabled: true}
Session ID: 612c05722024e75500c6e3284904fec2
*** Element info: {Using=xpath, value=//h3[@class='name mt1']//a[1][not(contains(text(),'Amdt.')) and not(contains(text(),'Amendment'))]}
	at sun.reflect.NativeConstructorAccessorImpl.newInstance0(Native Method)
	at sun.reflect.NativeConstructorAccessorImpl.newInstance(NativeConstructorAccessorImpl.java:62)
	at sun.reflect.DelegatingConstructorAccessorImpl.newInstance(DelegatingConstructorAccessorImpl.java:45)
	at java.lang.reflect.Constructor.newInstance(Constructor.java:423)
	at org.openqa.selenium.remote.ErrorHandler.createThrowable(ErrorHandler.java:214)
	at org.openqa.selenium.remote.ErrorHandler.throwIfResponseFailed(ErrorHandler.java:166)
	at org.openqa.selenium.remote.http.JsonHttpResponseCodec.reconstructValue(JsonHttpResponseCodec.java:40)
	at org.openqa.selenium.remote.http.AbstractHttpResponseCodec.decode(AbstractHttpResponseCodec.java:80)
	at org.openqa.selenium.remote.http.AbstractHttpResponseCodec.decode(AbstractHttpResponseCodec.java:44)
	at org.openqa.selenium.remote.HttpCommandExecutor.execute(HttpCommandExecutor.java:160)
	at org.openqa.selenium.remote.service.DriverCommandExecutor.execute(DriverCommandExecutor.java:83)
	at org.openqa.selenium.remote.RemoteWebDriver.execute(RemoteWebDriver.java:601)
	at org.openqa.selenium.remote.RemoteWebDriver.findElements(RemoteWebDriver.java:398)
	at org.openqa.selenium.remote.RemoteWebDriver.findElementsByXPath(RemoteWebDriver.java:477)
	at org.openqa.selenium.By$ByXPath.findElements(By.java:356)
	at org.openqa.selenium.remote.RemoteWebDriver.findElements(RemoteWebDriver.java:359)
	at com.qait.automation.getpageobjects.GetPage.elements(GetPage.java:127)
	at com.qait.automation.getpageobjects.GetPage.elements(GetPage.java:135)
	at com.qait.LegCompass.keywords.BillDetailPage.selectBillToVerifyCRSSummary(BillDetailPage.java:768)
	at com.qait.politico.LegCompass.tests.FederalBillDetailTest.Test013_Verify_CRS_Summary_Tab(FederalBillDetailTest.java:186)
</failure>
    <system-out><![CDATA[Driver is null while taking screen shot
 
***** STARTING TEST STEP: TEST013_VERIFY_CRS_SUMMARY_TAB *****
 
]]></system-out>
  </testcase>
  <testcase name="Test014_Verify_News_Count" classname="com.qait.politico.LegCompass.tests.FederalBillDetailTest" time="0.062">
    <failure message="no such session&#10;  (Driver info: chromedriver=2.36.540470 (e522d04694c7ebea4ba8821272dbef4f9b818c91),platform=Windows NT 6.3.9600 x86_64) (WARNING: The server did not provide any stacktrace information)&#10;Command duration or timeout: 0 milliseconds&#10;Build info: version: &apos;3.10.0&apos;, revision: &apos;176b4a9&apos;, time: &apos;2018-03-02T19:03:16.397Z&apos;&#10;System info: host: &apos;DLLA1439&apos;, ip: &apos;10.90.0.147&apos;, os.name: &apos;Windows 8.1&apos;, os.arch: &apos;amd64&apos;, os.version: &apos;6.3&apos;, java.version: &apos;1.8.0_161&apos;&#10;Driver info: org.openqa.selenium.chrome.ChromeDriver&#10;Capabilities {acceptInsecureCerts: false, acceptSslCerts: false, applicationCacheEnabled: false, browserConnectionEnabled: false, browserName: chrome, chrome: {chromedriverVersion: 2.36.540470 (e522d04694c7eb..., userDataDir: C:\Users\SHWETA~1\AppData\L...}, cssSelectorsEnabled: true, databaseEnabled: false, handlesAlerts: true, hasTouchScreen: false, javascriptEnabled: true, locationContextEnabled: true, mobileEmulationEnabled: false, nativeEvents: true, networkConnectionEnabled: false, pageLoadStrategy: normal, platform: XP, platformName: XP, rotatable: false, setWindowRect: true, takesHeapSnapshot: true, takesScreenshot: true, unexpectedAlertBehaviour: , unhandledPromptBehavior: , version: 66.0.3359.117, webStorageEnabled: true}&#10;Session ID: 612c05722024e75500c6e3284904fec2" type="org.openqa.selenium.NoSuchSessionException">org.openqa.selenium.NoSuchSessionException: no such session
  (Driver info: chromedriver=2.36.540470 (e522d04694c7ebea4ba8821272dbef4f9b818c91),platform=Windows NT 6.3.9600 x86_64) (WARNING: The server did not provide any stacktrace information)
Command duration or timeout: 0 milliseconds
Build info: version: '3.10.0', revision: '176b4a9', time: '2018-03-02T19:03:16.397Z'
System info: host: 'DLLA1439', ip: '10.90.0.147', os.name: 'Windows 8.1', os.arch: 'amd64', os.version: '6.3', java.version: '1.8.0_161'
Driver info: org.openqa.selenium.chrome.ChromeDriver
Capabilities {acceptInsecureCerts: false, acceptSslCerts: false, applicationCacheEnabled: false, browserConnectionEnabled: false, browserName: chrome, chrome: {chromedriverVersion: 2.36.540470 (e522d04694c7eb..., userDataDir: C:\Users\SHWETA~1\AppData\L...}, cssSelectorsEnabled: true, databaseEnabled: false, handlesAlerts: true, hasTouchScreen: false, javascriptEnabled: true, locationContextEnabled: true, mobileEmulationEnabled: false, nativeEvents: true, networkConnectionEnabled: false, pageLoadStrategy: normal, platform: XP, platformName: XP, rotatable: false, setWindowRect: true, takesHeapSnapshot: true, takesScreenshot: true, unexpectedAlertBehaviour: , unhandledPromptBehavior: , version: 66.0.3359.117, webStorageEnabled: true}
Session ID: 612c05722024e75500c6e3284904fec2
	at sun.reflect.NativeConstructorAccessorImpl.newInstance0(Native Method)
	at sun.reflect.NativeConstructorAccessorImpl.newInstance(NativeConstructorAccessorImpl.java:62)
	at sun.reflect.DelegatingConstructorAccessorImpl.newInstance(DelegatingConstructorAccessorImpl.java:45)
	at java.lang.reflect.Constructor.newInstance(Constructor.java:423)
	at org.openqa.selenium.remote.ErrorHandler.createThrowable(ErrorHandler.java:214)
	at org.openqa.selenium.remote.ErrorHandler.throwIfResponseFailed(ErrorHandler.java:166)
	at org.openqa.selenium.remote.http.JsonHttpResponseCodec.reconstructValue(JsonHttpResponseCodec.java:40)
	at org.openqa.selenium.remote.http.AbstractHttpResponseCodec.decode(AbstractHttpResponseCodec.java:80)
	at org.openqa.selenium.remote.http.AbstractHttpResponseCodec.decode(AbstractHttpResponseCodec.java:44)
	at org.openqa.selenium.remote.HttpCommandExecutor.execute(HttpCommandExecutor.java:160)
	at org.openqa.selenium.remote.service.DriverCommandExecutor.execute(DriverCommandExecutor.java:83)
	at org.openqa.selenium.remote.RemoteWebDriver.execute(RemoteWebDriver.java:601)
	at org.openqa.selenium.remote.RemoteWebDriver.get(RemoteWebDriver.java:325)
	at com.qait.automation.TestSessionInitiator.openUrl(TestSessionInitiator.java:398)
	at com.qait.politico.LegCompass.tests.FederalBillDetailTest.Test014_Verify_News_Count(FederalBillDetailTest.java:203)
</failure>
    <system-out><![CDATA[Driver is null while taking screen shot
 
***** STARTING TEST STEP: TEST014_VERIFY_NEWS_COUNT *****
 
#########
https://subscriber-stage.politicopro.com/
]]></system-out>
  </testcase>
  <testcase name="Test015_Verify_Roll_Call_Votes_Tab_Modules_For_Federal_Bill" classname="com.qait.politico.LegCompass.tests.FederalBillDetailTest" time="0.006">
    <failure message="no such session&#10;  (Driver info: chromedriver=2.36.540470 (e522d04694c7ebea4ba8821272dbef4f9b818c91),platform=Windows NT 6.3.9600 x86_64) (WARNING: The server did not provide any stacktrace information)&#10;Command duration or timeout: 0 milliseconds&#10;Build info: version: &apos;3.10.0&apos;, revision: &apos;176b4a9&apos;, time: &apos;2018-03-02T19:03:16.397Z&apos;&#10;System info: host: &apos;DLLA1439&apos;, ip: &apos;10.90.0.147&apos;, os.name: &apos;Windows 8.1&apos;, os.arch: &apos;amd64&apos;, os.version: &apos;6.3&apos;, java.version: &apos;1.8.0_161&apos;&#10;Driver info: org.openqa.selenium.chrome.ChromeDriver&#10;Capabilities {acceptInsecureCerts: false, acceptSslCerts: false, applicationCacheEnabled: false, browserConnectionEnabled: false, browserName: chrome, chrome: {chromedriverVersion: 2.36.540470 (e522d04694c7eb..., userDataDir: C:\Users\SHWETA~1\AppData\L...}, cssSelectorsEnabled: true, databaseEnabled: false, handlesAlerts: true, hasTouchScreen: false, javascriptEnabled: true, locationContextEnabled: true, mobileEmulationEnabled: false, nativeEvents: true, networkConnectionEnabled: false, pageLoadStrategy: normal, platform: XP, platformName: XP, rotatable: false, setWindowRect: true, takesHeapSnapshot: true, takesScreenshot: true, unexpectedAlertBehaviour: , unhandledPromptBehavior: , version: 66.0.3359.117, webStorageEnabled: true}&#10;Session ID: 612c05722024e75500c6e3284904fec2&#10;*** Element info: {Using=xpath, value=//h3[@class=&apos;name mt1&apos;]//a[1][not(contains(text(),&apos;Amdt.&apos;)) and not(contains(text(),&apos;Amendment&apos;))]}" type="org.openqa.selenium.NoSuchSessionException">org.openqa.selenium.NoSuchSessionException: no such session
  (Driver info: chromedriver=2.36.540470 (e522d04694c7ebea4ba8821272dbef4f9b818c91),platform=Windows NT 6.3.9600 x86_64) (WARNING: The server did not provide any stacktrace information)
Command duration or timeout: 0 milliseconds
Build info: version: '3.10.0', revision: '176b4a9', time: '2018-03-02T19:03:16.397Z'
System info: host: 'DLLA1439', ip: '10.90.0.147', os.name: 'Windows 8.1', os.arch: 'amd64', os.version: '6.3', java.version: '1.8.0_161'
Driver info: org.openqa.selenium.chrome.ChromeDriver
Capabilities {acceptInsecureCerts: false, acceptSslCerts: false, applicationCacheEnabled: false, browserConnectionEnabled: false, browserName: chrome, chrome: {chromedriverVersion: 2.36.540470 (e522d04694c7eb..., userDataDir: C:\Users\SHWETA~1\AppData\L...}, cssSelectorsEnabled: true, databaseEnabled: false, handlesAlerts: true, hasTouchScreen: false, javascriptEnabled: true, locationContextEnabled: true, mobileEmulationEnabled: false, nativeEvents: true, networkConnectionEnabled: false, pageLoadStrategy: normal, platform: XP, platformName: XP, rotatable: false, setWindowRect: true, takesHeapSnapshot: true, takesScreenshot: true, unexpectedAlertBehaviour: , unhandledPromptBehavior: , version: 66.0.3359.117, webStorageEnabled: true}
Session ID: 612c05722024e75500c6e3284904fec2
*** Element info: {Using=xpath, value=//h3[@class='name mt1']//a[1][not(contains(text(),'Amdt.')) and not(contains(text(),'Amendment'))]}
	at sun.reflect.NativeConstructorAccessorImpl.newInstance0(Native Method)
	at sun.reflect.NativeConstructorAccessorImpl.newInstance(NativeConstructorAccessorImpl.java:62)
	at sun.reflect.DelegatingConstructorAccessorImpl.newInstance(DelegatingConstructorAccessorImpl.java:45)
	at java.lang.reflect.Constructor.newInstance(Constructor.java:423)
	at org.openqa.selenium.remote.ErrorHandler.createThrowable(ErrorHandler.java:214)
	at org.openqa.selenium.remote.ErrorHandler.throwIfResponseFailed(ErrorHandler.java:166)
	at org.openqa.selenium.remote.http.JsonHttpResponseCodec.reconstructValue(JsonHttpResponseCodec.java:40)
	at org.openqa.selenium.remote.http.AbstractHttpResponseCodec.decode(AbstractHttpResponseCodec.java:80)
	at org.openqa.selenium.remote.http.AbstractHttpResponseCodec.decode(AbstractHttpResponseCodec.java:44)
	at org.openqa.selenium.remote.HttpCommandExecutor.execute(HttpCommandExecutor.java:160)
	at org.openqa.selenium.remote.service.DriverCommandExecutor.execute(DriverCommandExecutor.java:83)
	at org.openqa.selenium.remote.RemoteWebDriver.execute(RemoteWebDriver.java:601)
	at org.openqa.selenium.remote.RemoteWebDriver.findElements(RemoteWebDriver.java:398)
	at org.openqa.selenium.remote.RemoteWebDriver.findElementsByXPath(RemoteWebDriver.java:477)
	at org.openqa.selenium.By$ByXPath.findElements(By.java:356)
	at org.openqa.selenium.remote.RemoteWebDriver.findElements(RemoteWebDriver.java:359)
	at com.qait.automation.getpageobjects.GetPage.elements(GetPage.java:127)
	at com.qait.automation.getpageobjects.GetPage.elements(GetPage.java:135)
	at com.qait.LegCompass.keywords.BillDetailPage.selectBillToVerifyRollCall(BillDetailPage.java:1273)
	at com.qait.politico.LegCompass.tests.FederalBillDetailTest.Test015_Verify_Roll_Call_Votes_Tab_Modules_For_Federal_Bill(FederalBillDetailTest.java:213)
</failure>
    <system-out><![CDATA[Driver is null while taking screen shot
 
***** STARTING TEST STEP: TEST015_VERIFY_ROLL_CALL_VOTES_TAB_MODULES_FOR_FEDERAL_BILL *****
 
]]></system-out>
  </testcase>
  <testcase name="Test016_Verify_Vote_Count_By_Member_Module_For_Federal_Bill" classname="com.qait.politico.LegCompass.tests.FederalBillDetailTest" time="0.009">
    <failure message="no such session&#10;  (Driver info: chromedriver=2.36.540470 (e522d04694c7ebea4ba8821272dbef4f9b818c91),platform=Windows NT 6.3.9600 x86_64) (WARNING: The server did not provide any stacktrace information)&#10;Command duration or timeout: 0 milliseconds&#10;Build info: version: &apos;3.10.0&apos;, revision: &apos;176b4a9&apos;, time: &apos;2018-03-02T19:03:16.397Z&apos;&#10;System info: host: &apos;DLLA1439&apos;, ip: &apos;10.90.0.147&apos;, os.name: &apos;Windows 8.1&apos;, os.arch: &apos;amd64&apos;, os.version: &apos;6.3&apos;, java.version: &apos;1.8.0_161&apos;&#10;Driver info: org.openqa.selenium.chrome.ChromeDriver&#10;Capabilities {acceptInsecureCerts: false, acceptSslCerts: false, applicationCacheEnabled: false, browserConnectionEnabled: false, browserName: chrome, chrome: {chromedriverVersion: 2.36.540470 (e522d04694c7eb..., userDataDir: C:\Users\SHWETA~1\AppData\L...}, cssSelectorsEnabled: true, databaseEnabled: false, handlesAlerts: true, hasTouchScreen: false, javascriptEnabled: true, locationContextEnabled: true, mobileEmulationEnabled: false, nativeEvents: true, networkConnectionEnabled: false, pageLoadStrategy: normal, platform: XP, platformName: XP, rotatable: false, setWindowRect: true, takesHeapSnapshot: true, takesScreenshot: true, unexpectedAlertBehaviour: , unhandledPromptBehavior: , version: 66.0.3359.117, webStorageEnabled: true}&#10;Session ID: 612c05722024e75500c6e3284904fec2&#10;*** Element info: {Using=css selector, value=select#roll_call_voted_state}" type="org.openqa.selenium.NoSuchSessionException">org.openqa.selenium.NoSuchSessionException: no such session
  (Driver info: chromedriver=2.36.540470 (e522d04694c7ebea4ba8821272dbef4f9b818c91),platform=Windows NT 6.3.9600 x86_64) (WARNING: The server did not provide any stacktrace information)
Command duration or timeout: 0 milliseconds
Build info: version: '3.10.0', revision: '176b4a9', time: '2018-03-02T19:03:16.397Z'
System info: host: 'DLLA1439', ip: '10.90.0.147', os.name: 'Windows 8.1', os.arch: 'amd64', os.version: '6.3', java.version: '1.8.0_161'
Driver info: org.openqa.selenium.chrome.ChromeDriver
Capabilities {acceptInsecureCerts: false, acceptSslCerts: false, applicationCacheEnabled: false, browserConnectionEnabled: false, browserName: chrome, chrome: {chromedriverVersion: 2.36.540470 (e522d04694c7eb..., userDataDir: C:\Users\SHWETA~1\AppData\L...}, cssSelectorsEnabled: true, databaseEnabled: false, handlesAlerts: true, hasTouchScreen: false, javascriptEnabled: true, locationContextEnabled: true, mobileEmulationEnabled: false, nativeEvents: true, networkConnectionEnabled: false, pageLoadStrategy: normal, platform: XP, platformName: XP, rotatable: false, setWindowRect: true, takesHeapSnapshot: true, takesScreenshot: true, unexpectedAlertBehaviour: , unhandledPromptBehavior: , version: 66.0.3359.117, webStorageEnabled: true}
Session ID: 612c05722024e75500c6e3284904fec2
*** Element info: {Using=css selector, value=select#roll_call_voted_state}
	at sun.reflect.NativeConstructorAccessorImpl.newInstance0(Native Method)
	at sun.reflect.NativeConstructorAccessorImpl.newInstance(NativeConstructorAccessorImpl.java:62)
	at sun.reflect.DelegatingConstructorAccessorImpl.newInstance(DelegatingConstructorAccessorImpl.java:45)
	at java.lang.reflect.Constructor.newInstance(Constructor.java:423)
	at org.openqa.selenium.remote.ErrorHandler.createThrowable(ErrorHandler.java:214)
	at org.openqa.selenium.remote.ErrorHandler.throwIfResponseFailed(ErrorHandler.java:166)
	at org.openqa.selenium.remote.http.JsonHttpResponseCodec.reconstructValue(JsonHttpResponseCodec.java:40)
	at org.openqa.selenium.remote.http.AbstractHttpResponseCodec.decode(AbstractHttpResponseCodec.java:80)
	at org.openqa.selenium.remote.http.AbstractHttpResponseCodec.decode(AbstractHttpResponseCodec.java:44)
	at org.openqa.selenium.remote.HttpCommandExecutor.execute(HttpCommandExecutor.java:160)
	at org.openqa.selenium.remote.service.DriverCommandExecutor.execute(DriverCommandExecutor.java:83)
	at org.openqa.selenium.remote.RemoteWebDriver.execute(RemoteWebDriver.java:601)
	at org.openqa.selenium.remote.RemoteWebDriver.findElement(RemoteWebDriver.java:371)
	at org.openqa.selenium.remote.RemoteWebDriver.findElementByCssSelector(RemoteWebDriver.java:465)
	at org.openqa.selenium.By$ByCssSelector.findElement(By.java:430)
	at org.openqa.selenium.remote.RemoteWebDriver.findElement(RemoteWebDriver.java:363)
	at com.qait.automation.getpageobjects.GetPage.element(GetPage.java:103)
	at com.qait.automation.getpageobjects.GetPage.element(GetPage.java:80)
	at com.qait.LegCompass.keywords.BillDetailPage.verifyRollCallVotedStateDropdown(BillDetailPage.java:1342)
	at com.qait.politico.LegCompass.tests.FederalBillDetailTest.Test016_Verify_Vote_Count_By_Member_Module_For_Federal_Bill(FederalBillDetailTest.java:225)
</failure>
    <system-out><![CDATA[Driver is null while taking screen shot
 
***** STARTING TEST STEP: TEST016_VERIFY_VOTE_COUNT_BY_MEMBER_MODULE_FOR_FEDERAL_BILL *****
 
]]></system-out>
  </testcase>
  <testcase name="Test017_Verify_Bill_Titles_On_related_Bill_Tab" classname="com.qait.politico.LegCompass.tests.FederalBillDetailTest" time="0.055">
    <failure message="no such session&#10;  (Driver info: chromedriver=2.36.540470 (e522d04694c7ebea4ba8821272dbef4f9b818c91),platform=Windows NT 6.3.9600 x86_64) (WARNING: The server did not provide any stacktrace information)&#10;Command duration or timeout: 0 milliseconds&#10;Build info: version: &apos;3.10.0&apos;, revision: &apos;176b4a9&apos;, time: &apos;2018-03-02T19:03:16.397Z&apos;&#10;System info: host: &apos;DLLA1439&apos;, ip: &apos;10.90.0.147&apos;, os.name: &apos;Windows 8.1&apos;, os.arch: &apos;amd64&apos;, os.version: &apos;6.3&apos;, java.version: &apos;1.8.0_161&apos;&#10;Driver info: org.openqa.selenium.chrome.ChromeDriver&#10;Capabilities {acceptInsecureCerts: false, acceptSslCerts: false, applicationCacheEnabled: false, browserConnectionEnabled: false, browserName: chrome, chrome: {chromedriverVersion: 2.36.540470 (e522d04694c7eb..., userDataDir: C:\Users\SHWETA~1\AppData\L...}, cssSelectorsEnabled: true, databaseEnabled: false, handlesAlerts: true, hasTouchScreen: false, javascriptEnabled: true, locationContextEnabled: true, mobileEmulationEnabled: false, nativeEvents: true, networkConnectionEnabled: false, pageLoadStrategy: normal, platform: XP, platformName: XP, rotatable: false, setWindowRect: true, takesHeapSnapshot: true, takesScreenshot: true, unexpectedAlertBehaviour: , unhandledPromptBehavior: , version: 66.0.3359.117, webStorageEnabled: true}&#10;Session ID: 612c05722024e75500c6e3284904fec2" type="org.openqa.selenium.NoSuchSessionException">org.openqa.selenium.NoSuchSessionException: no such session
  (Driver info: chromedriver=2.36.540470 (e522d04694c7ebea4ba8821272dbef4f9b818c91),platform=Windows NT 6.3.9600 x86_64) (WARNING: The server did not provide any stacktrace information)
Command duration or timeout: 0 milliseconds
Build info: version: '3.10.0', revision: '176b4a9', time: '2018-03-02T19:03:16.397Z'
System info: host: 'DLLA1439', ip: '10.90.0.147', os.name: 'Windows 8.1', os.arch: 'amd64', os.version: '6.3', java.version: '1.8.0_161'
Driver info: org.openqa.selenium.chrome.ChromeDriver
Capabilities {acceptInsecureCerts: false, acceptSslCerts: false, applicationCacheEnabled: false, browserConnectionEnabled: false, browserName: chrome, chrome: {chromedriverVersion: 2.36.540470 (e522d04694c7eb..., userDataDir: C:\Users\SHWETA~1\AppData\L...}, cssSelectorsEnabled: true, databaseEnabled: false, handlesAlerts: true, hasTouchScreen: false, javascriptEnabled: true, locationContextEnabled: true, mobileEmulationEnabled: false, nativeEvents: true, networkConnectionEnabled: false, pageLoadStrategy: normal, platform: XP, platformName: XP, rotatable: false, setWindowRect: true, takesHeapSnapshot: true, takesScreenshot: true, unexpectedAlertBehaviour: , unhandledPromptBehavior: , version: 66.0.3359.117, webStorageEnabled: true}
Session ID: 612c05722024e75500c6e3284904fec2
	at sun.reflect.NativeConstructorAccessorImpl.newInstance0(Native Method)
	at sun.reflect.NativeConstructorAccessorImpl.newInstance(NativeConstructorAccessorImpl.java:62)
	at sun.reflect.DelegatingConstructorAccessorImpl.newInstance(DelegatingConstructorAccessorImpl.java:45)
	at java.lang.reflect.Constructor.newInstance(Constructor.java:423)
	at org.openqa.selenium.remote.ErrorHandler.createThrowable(ErrorHandler.java:214)
	at org.openqa.selenium.remote.ErrorHandler.throwIfResponseFailed(ErrorHandler.java:166)
	at org.openqa.selenium.remote.http.JsonHttpResponseCodec.reconstructValue(JsonHttpResponseCodec.java:40)
	at org.openqa.selenium.remote.http.AbstractHttpResponseCodec.decode(AbstractHttpResponseCodec.java:80)
	at org.openqa.selenium.remote.http.AbstractHttpResponseCodec.decode(AbstractHttpResponseCodec.java:44)
	at org.openqa.selenium.remote.HttpCommandExecutor.execute(HttpCommandExecutor.java:160)
	at org.openqa.selenium.remote.service.DriverCommandExecutor.execute(DriverCommandExecutor.java:83)
	at org.openqa.selenium.remote.RemoteWebDriver.execute(RemoteWebDriver.java:601)
	at org.openqa.selenium.remote.RemoteWebDriver.get(RemoteWebDriver.java:325)
	at com.qait.automation.TestSessionInitiator.openUrl(TestSessionInitiator.java:398)
	at com.qait.politico.LegCompass.tests.FederalBillDetailTest.Test017_Verify_Bill_Titles_On_related_Bill_Tab(FederalBillDetailTest.java:240)
</failure>
    <system-out><![CDATA[Driver is null while taking screen shot
 
***** STARTING TEST STEP: TEST017_VERIFY_BILL_TITLES_ON_RELATED_BILL_TAB *****
 
#########
https://subscriber-stage.politicopro.com/
]]></system-out>
  </testcase>
  <testcase name="Test018_Verify_Bill_Titles_For_Similar_Bill" classname="com.qait.politico.LegCompass.tests.FederalBillDetailTest" time="0.018">
    <failure message="no such session&#10;  (Driver info: chromedriver=2.36.540470 (e522d04694c7ebea4ba8821272dbef4f9b818c91),platform=Windows NT 6.3.9600 x86_64) (WARNING: The server did not provide any stacktrace information)&#10;Command duration or timeout: 0 milliseconds&#10;Build info: version: &apos;3.10.0&apos;, revision: &apos;176b4a9&apos;, time: &apos;2018-03-02T19:03:16.397Z&apos;&#10;System info: host: &apos;DLLA1439&apos;, ip: &apos;10.90.0.147&apos;, os.name: &apos;Windows 8.1&apos;, os.arch: &apos;amd64&apos;, os.version: &apos;6.3&apos;, java.version: &apos;1.8.0_161&apos;&#10;Driver info: org.openqa.selenium.chrome.ChromeDriver&#10;Capabilities {acceptInsecureCerts: false, acceptSslCerts: false, applicationCacheEnabled: false, browserConnectionEnabled: false, browserName: chrome, chrome: {chromedriverVersion: 2.36.540470 (e522d04694c7eb..., userDataDir: C:\Users\SHWETA~1\AppData\L...}, cssSelectorsEnabled: true, databaseEnabled: false, handlesAlerts: true, hasTouchScreen: false, javascriptEnabled: true, locationContextEnabled: true, mobileEmulationEnabled: false, nativeEvents: true, networkConnectionEnabled: false, pageLoadStrategy: normal, platform: XP, platformName: XP, rotatable: false, setWindowRect: true, takesHeapSnapshot: true, takesScreenshot: true, unexpectedAlertBehaviour: , unhandledPromptBehavior: , version: 66.0.3359.117, webStorageEnabled: true}&#10;Session ID: 612c05722024e75500c6e3284904fec2&#10;*** Element info: {Using=xpath, value=//h3[@class=&apos;name mt1&apos;]//a[1][not(contains(text(),&apos;Amdt.&apos;)) and not(contains(text(),&apos;Amendment&apos;))]}" type="org.openqa.selenium.NoSuchSessionException">org.openqa.selenium.NoSuchSessionException: no such session
  (Driver info: chromedriver=2.36.540470 (e522d04694c7ebea4ba8821272dbef4f9b818c91),platform=Windows NT 6.3.9600 x86_64) (WARNING: The server did not provide any stacktrace information)
Command duration or timeout: 0 milliseconds
Build info: version: '3.10.0', revision: '176b4a9', time: '2018-03-02T19:03:16.397Z'
System info: host: 'DLLA1439', ip: '10.90.0.147', os.name: 'Windows 8.1', os.arch: 'amd64', os.version: '6.3', java.version: '1.8.0_161'
Driver info: org.openqa.selenium.chrome.ChromeDriver
Capabilities {acceptInsecureCerts: false, acceptSslCerts: false, applicationCacheEnabled: false, browserConnectionEnabled: false, browserName: chrome, chrome: {chromedriverVersion: 2.36.540470 (e522d04694c7eb..., userDataDir: C:\Users\SHWETA~1\AppData\L...}, cssSelectorsEnabled: true, databaseEnabled: false, handlesAlerts: true, hasTouchScreen: false, javascriptEnabled: true, locationContextEnabled: true, mobileEmulationEnabled: false, nativeEvents: true, networkConnectionEnabled: false, pageLoadStrategy: normal, platform: XP, platformName: XP, rotatable: false, setWindowRect: true, takesHeapSnapshot: true, takesScreenshot: true, unexpectedAlertBehaviour: , unhandledPromptBehavior: , version: 66.0.3359.117, webStorageEnabled: true}
Session ID: 612c05722024e75500c6e3284904fec2
*** Element info: {Using=xpath, value=//h3[@class='name mt1']//a[1][not(contains(text(),'Amdt.')) and not(contains(text(),'Amendment'))]}
	at sun.reflect.NativeConstructorAccessorImpl.newInstance0(Native Method)
	at sun.reflect.NativeConstructorAccessorImpl.newInstance(NativeConstructorAccessorImpl.java:62)
	at sun.reflect.DelegatingConstructorAccessorImpl.newInstance(DelegatingConstructorAccessorImpl.java:45)
	at java.lang.reflect.Constructor.newInstance(Constructor.java:423)
	at org.openqa.selenium.remote.ErrorHandler.createThrowable(ErrorHandler.java:214)
	at org.openqa.selenium.remote.ErrorHandler.throwIfResponseFailed(ErrorHandler.java:166)
	at org.openqa.selenium.remote.http.JsonHttpResponseCodec.reconstructValue(JsonHttpResponseCodec.java:40)
	at org.openqa.selenium.remote.http.AbstractHttpResponseCodec.decode(AbstractHttpResponseCodec.java:80)
	at org.openqa.selenium.remote.http.AbstractHttpResponseCodec.decode(AbstractHttpResponseCodec.java:44)
	at org.openqa.selenium.remote.HttpCommandExecutor.execute(HttpCommandExecutor.java:160)
	at org.openqa.selenium.remote.service.DriverCommandExecutor.execute(DriverCommandExecutor.java:83)
	at org.openqa.selenium.remote.RemoteWebDriver.execute(RemoteWebDriver.java:601)
	at org.openqa.selenium.remote.RemoteWebDriver.findElements(RemoteWebDriver.java:398)
	at org.openqa.selenium.remote.RemoteWebDriver.findElementsByXPath(RemoteWebDriver.java:477)
	at org.openqa.selenium.By$ByXPath.findElements(By.java:356)
	at org.openqa.selenium.remote.RemoteWebDriver.findElements(RemoteWebDriver.java:359)
	at com.qait.automation.getpageobjects.GetPage.elements(GetPage.java:127)
	at com.qait.automation.getpageobjects.GetPage.elements(GetPage.java:135)
	at com.qait.LegCompass.keywords.BillDetailPage.selectBillWithSimilarBillsSection(BillDetailPage.java:1154)
	at com.qait.politico.LegCompass.tests.FederalBillDetailTest.Test018_Verify_Bill_Titles_For_Similar_Bill(FederalBillDetailTest.java:260)
</failure>
    <system-out><![CDATA[Driver is null while taking screen shot
 
***** STARTING TEST STEP: TEST018_VERIFY_BILL_TITLES_FOR_SIMILAR_BILL *****
 
]]></system-out>
  </testcase>
  <testcase name="Test019_Verify_Ammendments_Tab" classname="com.qait.politico.LegCompass.tests.FederalBillDetailTest" time="0.004">
    <failure message="no such session&#10;  (Driver info: chromedriver=2.36.540470 (e522d04694c7ebea4ba8821272dbef4f9b818c91),platform=Windows NT 6.3.9600 x86_64) (WARNING: The server did not provide any stacktrace information)&#10;Command duration or timeout: 0 milliseconds&#10;Build info: version: &apos;3.10.0&apos;, revision: &apos;176b4a9&apos;, time: &apos;2018-03-02T19:03:16.397Z&apos;&#10;System info: host: &apos;DLLA1439&apos;, ip: &apos;10.90.0.147&apos;, os.name: &apos;Windows 8.1&apos;, os.arch: &apos;amd64&apos;, os.version: &apos;6.3&apos;, java.version: &apos;1.8.0_161&apos;&#10;Driver info: org.openqa.selenium.chrome.ChromeDriver&#10;Capabilities {acceptInsecureCerts: false, acceptSslCerts: false, applicationCacheEnabled: false, browserConnectionEnabled: false, browserName: chrome, chrome: {chromedriverVersion: 2.36.540470 (e522d04694c7eb..., userDataDir: C:\Users\SHWETA~1\AppData\L...}, cssSelectorsEnabled: true, databaseEnabled: false, handlesAlerts: true, hasTouchScreen: false, javascriptEnabled: true, locationContextEnabled: true, mobileEmulationEnabled: false, nativeEvents: true, networkConnectionEnabled: false, pageLoadStrategy: normal, platform: XP, platformName: XP, rotatable: false, setWindowRect: true, takesHeapSnapshot: true, takesScreenshot: true, unexpectedAlertBehaviour: , unhandledPromptBehavior: , version: 66.0.3359.117, webStorageEnabled: true}&#10;Session ID: 612c05722024e75500c6e3284904fec2" type="org.openqa.selenium.NoSuchSessionException">org.openqa.selenium.NoSuchSessionException: no such session
  (Driver info: chromedriver=2.36.540470 (e522d04694c7ebea4ba8821272dbef4f9b818c91),platform=Windows NT 6.3.9600 x86_64) (WARNING: The server did not provide any stacktrace information)
Command duration or timeout: 0 milliseconds
Build info: version: '3.10.0', revision: '176b4a9', time: '2018-03-02T19:03:16.397Z'
System info: host: 'DLLA1439', ip: '10.90.0.147', os.name: 'Windows 8.1', os.arch: 'amd64', os.version: '6.3', java.version: '1.8.0_161'
Driver info: org.openqa.selenium.chrome.ChromeDriver
Capabilities {acceptInsecureCerts: false, acceptSslCerts: false, applicationCacheEnabled: false, browserConnectionEnabled: false, browserName: chrome, chrome: {chromedriverVersion: 2.36.540470 (e522d04694c7eb..., userDataDir: C:\Users\SHWETA~1\AppData\L...}, cssSelectorsEnabled: true, databaseEnabled: false, handlesAlerts: true, hasTouchScreen: false, javascriptEnabled: true, locationContextEnabled: true, mobileEmulationEnabled: false, nativeEvents: true, networkConnectionEnabled: false, pageLoadStrategy: normal, platform: XP, platformName: XP, rotatable: false, setWindowRect: true, takesHeapSnapshot: true, takesScreenshot: true, unexpectedAlertBehaviour: , unhandledPromptBehavior: , version: 66.0.3359.117, webStorageEnabled: true}
Session ID: 612c05722024e75500c6e3284904fec2
	at sun.reflect.NativeConstructorAccessorImpl.newInstance0(Native Method)
	at sun.reflect.NativeConstructorAccessorImpl.newInstance(NativeConstructorAccessorImpl.java:62)
	at sun.reflect.DelegatingConstructorAccessorImpl.newInstance(DelegatingConstructorAccessorImpl.java:45)
	at java.lang.reflect.Constructor.newInstance(Constructor.java:423)
	at org.openqa.selenium.remote.ErrorHandler.createThrowable(ErrorHandler.java:214)
	at org.openqa.selenium.remote.ErrorHandler.throwIfResponseFailed(ErrorHandler.java:166)
	at org.openqa.selenium.remote.http.JsonHttpResponseCodec.reconstructValue(JsonHttpResponseCodec.java:40)
	at org.openqa.selenium.remote.http.AbstractHttpResponseCodec.decode(AbstractHttpResponseCodec.java:80)
	at org.openqa.selenium.remote.http.AbstractHttpResponseCodec.decode(AbstractHttpResponseCodec.java:44)
	at org.openqa.selenium.remote.HttpCommandExecutor.execute(HttpCommandExecutor.java:160)
	at org.openqa.selenium.remote.service.DriverCommandExecutor.execute(DriverCommandExecutor.java:83)
	at org.openqa.selenium.remote.RemoteWebDriver.execute(RemoteWebDriver.java:601)
	at org.openqa.selenium.remote.RemoteWebDriver.execute(RemoteWebDriver.java:658)
	at org.openqa.selenium.remote.RemoteWebDriver.close(RemoteWebDriver.java:487)
	at com.qait.automation.getpageobjects.BaseUi.closeWindow(BaseUi.java:278)
	at com.qait.LegCompass.keywords.BillDetailPage.closeAndSwitchToPreviousWindow(BillDetailPage.java:544)
	at com.qait.politico.LegCompass.tests.FederalBillDetailTest.Test019_Verify_Ammendments_Tab(FederalBillDetailTest.java:270)
</failure>
    <system-out><![CDATA[Driver is null while taking screen shot
 
***** STARTING TEST STEP: TEST019_VERIFY_AMMENDMENTS_TAB *****
 
]]></system-out>
  </testcase>
  <testcase name="Test020_Verify_Cosponsors_Tab" classname="com.qait.politico.LegCompass.tests.FederalBillDetailTest" time="0.013">
    <failure message="no such session&#10;  (Driver info: chromedriver=2.36.540470 (e522d04694c7ebea4ba8821272dbef4f9b818c91),platform=Windows NT 6.3.9600 x86_64) (WARNING: The server did not provide any stacktrace information)&#10;Command duration or timeout: 0 milliseconds&#10;Build info: version: &apos;3.10.0&apos;, revision: &apos;176b4a9&apos;, time: &apos;2018-03-02T19:03:16.397Z&apos;&#10;System info: host: &apos;DLLA1439&apos;, ip: &apos;10.90.0.147&apos;, os.name: &apos;Windows 8.1&apos;, os.arch: &apos;amd64&apos;, os.version: &apos;6.3&apos;, java.version: &apos;1.8.0_161&apos;&#10;Driver info: org.openqa.selenium.chrome.ChromeDriver&#10;Capabilities {acceptInsecureCerts: false, acceptSslCerts: false, applicationCacheEnabled: false, browserConnectionEnabled: false, browserName: chrome, chrome: {chromedriverVersion: 2.36.540470 (e522d04694c7eb..., userDataDir: C:\Users\SHWETA~1\AppData\L...}, cssSelectorsEnabled: true, databaseEnabled: false, handlesAlerts: true, hasTouchScreen: false, javascriptEnabled: true, locationContextEnabled: true, mobileEmulationEnabled: false, nativeEvents: true, networkConnectionEnabled: false, pageLoadStrategy: normal, platform: XP, platformName: XP, rotatable: false, setWindowRect: true, takesHeapSnapshot: true, takesScreenshot: true, unexpectedAlertBehaviour: , unhandledPromptBehavior: , version: 66.0.3359.117, webStorageEnabled: true}&#10;Session ID: 612c05722024e75500c6e3284904fec2&#10;*** Element info: {Using=xpath, value=//p[@class=&apos;mt1 lh4&apos;]/b[text()=&apos;Cosponsors:&apos;]//../a}" type="org.openqa.selenium.NoSuchSessionException">org.openqa.selenium.NoSuchSessionException: no such session
  (Driver info: chromedriver=2.36.540470 (e522d04694c7ebea4ba8821272dbef4f9b818c91),platform=Windows NT 6.3.9600 x86_64) (WARNING: The server did not provide any stacktrace information)
Command duration or timeout: 0 milliseconds
Build info: version: '3.10.0', revision: '176b4a9', time: '2018-03-02T19:03:16.397Z'
System info: host: 'DLLA1439', ip: '10.90.0.147', os.name: 'Windows 8.1', os.arch: 'amd64', os.version: '6.3', java.version: '1.8.0_161'
Driver info: org.openqa.selenium.chrome.ChromeDriver
Capabilities {acceptInsecureCerts: false, acceptSslCerts: false, applicationCacheEnabled: false, browserConnectionEnabled: false, browserName: chrome, chrome: {chromedriverVersion: 2.36.540470 (e522d04694c7eb..., userDataDir: C:\Users\SHWETA~1\AppData\L...}, cssSelectorsEnabled: true, databaseEnabled: false, handlesAlerts: true, hasTouchScreen: false, javascriptEnabled: true, locationContextEnabled: true, mobileEmulationEnabled: false, nativeEvents: true, networkConnectionEnabled: false, pageLoadStrategy: normal, platform: XP, platformName: XP, rotatable: false, setWindowRect: true, takesHeapSnapshot: true, takesScreenshot: true, unexpectedAlertBehaviour: , unhandledPromptBehavior: , version: 66.0.3359.117, webStorageEnabled: true}
Session ID: 612c05722024e75500c6e3284904fec2
*** Element info: {Using=xpath, value=//p[@class='mt1 lh4']/b[text()='Cosponsors:']//../a}
	at sun.reflect.GeneratedConstructorAccessor15.newInstance(Unknown Source)
	at sun.reflect.DelegatingConstructorAccessorImpl.newInstance(DelegatingConstructorAccessorImpl.java:45)
	at java.lang.reflect.Constructor.newInstance(Constructor.java:423)
	at org.openqa.selenium.remote.ErrorHandler.createThrowable(ErrorHandler.java:214)
	at org.openqa.selenium.remote.ErrorHandler.throwIfResponseFailed(ErrorHandler.java:166)
	at org.openqa.selenium.remote.http.JsonHttpResponseCodec.reconstructValue(JsonHttpResponseCodec.java:40)
	at org.openqa.selenium.remote.http.AbstractHttpResponseCodec.decode(AbstractHttpResponseCodec.java:80)
	at org.openqa.selenium.remote.http.AbstractHttpResponseCodec.decode(AbstractHttpResponseCodec.java:44)
	at org.openqa.selenium.remote.HttpCommandExecutor.execute(HttpCommandExecutor.java:160)
	at org.openqa.selenium.remote.service.DriverCommandExecutor.execute(DriverCommandExecutor.java:83)
	at org.openqa.selenium.remote.RemoteWebDriver.execute(RemoteWebDriver.java:601)
	at org.openqa.selenium.remote.RemoteWebDriver.findElements(RemoteWebDriver.java:398)
	at org.openqa.selenium.remote.RemoteWebDriver.findElementsByXPath(RemoteWebDriver.java:477)
	at org.openqa.selenium.By$ByXPath.findElements(By.java:356)
	at org.openqa.selenium.remote.RemoteWebDriver.findElements(RemoteWebDriver.java:359)
	at com.qait.automation.getpageobjects.GetPage.elements(GetPage.java:127)
	at com.qait.automation.getpageobjects.GetPage.elements(GetPage.java:135)
	at com.qait.LegCompass.keywords.BillDetailPage.selectBillWithCosponsors(BillDetailPage.java:1905)
	at com.qait.politico.LegCompass.tests.FederalBillDetailTest.Test020_Verify_Cosponsors_Tab(FederalBillDetailTest.java:287)
</failure>
    <system-out><![CDATA[Driver is null while taking screen shot
 
***** STARTING TEST STEP: TEST020_VERIFY_COSPONSORS_TAB *****
 
]]></system-out>
  </testcase>
  <testcase name="Test021_Verify_Document_Tab" classname="com.qait.politico.LegCompass.tests.FederalBillDetailTest" time="0.003">
    <failure message="no such session&#10;  (Driver info: chromedriver=2.36.540470 (e522d04694c7ebea4ba8821272dbef4f9b818c91),platform=Windows NT 6.3.9600 x86_64) (WARNING: The server did not provide any stacktrace information)&#10;Command duration or timeout: 0 milliseconds&#10;Build info: version: &apos;3.10.0&apos;, revision: &apos;176b4a9&apos;, time: &apos;2018-03-02T19:03:16.397Z&apos;&#10;System info: host: &apos;DLLA1439&apos;, ip: &apos;10.90.0.147&apos;, os.name: &apos;Windows 8.1&apos;, os.arch: &apos;amd64&apos;, os.version: &apos;6.3&apos;, java.version: &apos;1.8.0_161&apos;&#10;Driver info: org.openqa.selenium.chrome.ChromeDriver&#10;Capabilities {acceptInsecureCerts: false, acceptSslCerts: false, applicationCacheEnabled: false, browserConnectionEnabled: false, browserName: chrome, chrome: {chromedriverVersion: 2.36.540470 (e522d04694c7eb..., userDataDir: C:\Users\SHWETA~1\AppData\L...}, cssSelectorsEnabled: true, databaseEnabled: false, handlesAlerts: true, hasTouchScreen: false, javascriptEnabled: true, locationContextEnabled: true, mobileEmulationEnabled: false, nativeEvents: true, networkConnectionEnabled: false, pageLoadStrategy: normal, platform: XP, platformName: XP, rotatable: false, setWindowRect: true, takesHeapSnapshot: true, takesScreenshot: true, unexpectedAlertBehaviour: , unhandledPromptBehavior: , version: 66.0.3359.117, webStorageEnabled: true}&#10;Session ID: 612c05722024e75500c6e3284904fec2" type="org.openqa.selenium.NoSuchSessionException">org.openqa.selenium.NoSuchSessionException: no such session
  (Driver info: chromedriver=2.36.540470 (e522d04694c7ebea4ba8821272dbef4f9b818c91),platform=Windows NT 6.3.9600 x86_64) (WARNING: The server did not provide any stacktrace information)
Command duration or timeout: 0 milliseconds
Build info: version: '3.10.0', revision: '176b4a9', time: '2018-03-02T19:03:16.397Z'
System info: host: 'DLLA1439', ip: '10.90.0.147', os.name: 'Windows 8.1', os.arch: 'amd64', os.version: '6.3', java.version: '1.8.0_161'
Driver info: org.openqa.selenium.chrome.ChromeDriver
Capabilities {acceptInsecureCerts: false, acceptSslCerts: false, applicationCacheEnabled: false, browserConnectionEnabled: false, browserName: chrome, chrome: {chromedriverVersion: 2.36.540470 (e522d04694c7eb..., userDataDir: C:\Users\SHWETA~1\AppData\L...}, cssSelectorsEnabled: true, databaseEnabled: false, handlesAlerts: true, hasTouchScreen: false, javascriptEnabled: true, locationContextEnabled: true, mobileEmulationEnabled: false, nativeEvents: true, networkConnectionEnabled: false, pageLoadStrategy: normal, platform: XP, platformName: XP, rotatable: false, setWindowRect: true, takesHeapSnapshot: true, takesScreenshot: true, unexpectedAlertBehaviour: , unhandledPromptBehavior: , version: 66.0.3359.117, webStorageEnabled: true}
Session ID: 612c05722024e75500c6e3284904fec2
	at sun.reflect.GeneratedConstructorAccessor15.newInstance(Unknown Source)
	at sun.reflect.DelegatingConstructorAccessorImpl.newInstance(DelegatingConstructorAccessorImpl.java:45)
	at java.lang.reflect.Constructor.newInstance(Constructor.java:423)
	at org.openqa.selenium.remote.ErrorHandler.createThrowable(ErrorHandler.java:214)
	at org.openqa.selenium.remote.ErrorHandler.throwIfResponseFailed(ErrorHandler.java:166)
	at org.openqa.selenium.remote.http.JsonHttpResponseCodec.reconstructValue(JsonHttpResponseCodec.java:40)
	at org.openqa.selenium.remote.http.AbstractHttpResponseCodec.decode(AbstractHttpResponseCodec.java:80)
	at org.openqa.selenium.remote.http.AbstractHttpResponseCodec.decode(AbstractHttpResponseCodec.java:44)
	at org.openqa.selenium.remote.HttpCommandExecutor.execute(HttpCommandExecutor.java:160)
	at org.openqa.selenium.remote.service.DriverCommandExecutor.execute(DriverCommandExecutor.java:83)
	at org.openqa.selenium.remote.RemoteWebDriver.execute(RemoteWebDriver.java:601)
	at org.openqa.selenium.remote.RemoteWebDriver.execute(RemoteWebDriver.java:658)
	at org.openqa.selenium.remote.RemoteWebDriver.close(RemoteWebDriver.java:487)
	at com.qait.automation.getpageobjects.BaseUi.closeWindow(BaseUi.java:278)
	at com.qait.LegCompass.keywords.BillDetailPage.closeAndSwitchToPreviousWindow(BillDetailPage.java:544)
	at com.qait.politico.LegCompass.tests.FederalBillDetailTest.Test021_Verify_Document_Tab(FederalBillDetailTest.java:305)
</failure>
    <system-out><![CDATA[Driver is null while taking screen shot
 
***** STARTING TEST STEP: TEST021_VERIFY_DOCUMENT_TAB *****
 
]]></system-out>
  </testcase>
  <testcase name="Test022_Verify_Pro_Document" classname="com.qait.politico.LegCompass.tests.FederalBillDetailTest" time="0.002">
    <failure message="no such session&#10;  (Driver info: chromedriver=2.36.540470 (e522d04694c7ebea4ba8821272dbef4f9b818c91),platform=Windows NT 6.3.9600 x86_64) (WARNING: The server did not provide any stacktrace information)&#10;Command duration or timeout: 0 milliseconds&#10;Build info: version: &apos;3.10.0&apos;, revision: &apos;176b4a9&apos;, time: &apos;2018-03-02T19:03:16.397Z&apos;&#10;System info: host: &apos;DLLA1439&apos;, ip: &apos;10.90.0.147&apos;, os.name: &apos;Windows 8.1&apos;, os.arch: &apos;amd64&apos;, os.version: &apos;6.3&apos;, java.version: &apos;1.8.0_161&apos;&#10;Driver info: org.openqa.selenium.chrome.ChromeDriver&#10;Capabilities {acceptInsecureCerts: false, acceptSslCerts: false, applicationCacheEnabled: false, browserConnectionEnabled: false, browserName: chrome, chrome: {chromedriverVersion: 2.36.540470 (e522d04694c7eb..., userDataDir: C:\Users\SHWETA~1\AppData\L...}, cssSelectorsEnabled: true, databaseEnabled: false, handlesAlerts: true, hasTouchScreen: false, javascriptEnabled: true, locationContextEnabled: true, mobileEmulationEnabled: false, nativeEvents: true, networkConnectionEnabled: false, pageLoadStrategy: normal, platform: XP, platformName: XP, rotatable: false, setWindowRect: true, takesHeapSnapshot: true, takesScreenshot: true, unexpectedAlertBehaviour: , unhandledPromptBehavior: , version: 66.0.3359.117, webStorageEnabled: true}&#10;Session ID: 612c05722024e75500c6e3284904fec2" type="org.openqa.selenium.NoSuchSessionException">org.openqa.selenium.NoSuchSessionException: no such session
  (Driver info: chromedriver=2.36.540470 (e522d04694c7ebea4ba8821272dbef4f9b818c91),platform=Windows NT 6.3.9600 x86_64) (WARNING: The server did not provide any stacktrace information)
Command duration or timeout: 0 milliseconds
Build info: version: '3.10.0', revision: '176b4a9', time: '2018-03-02T19:03:16.397Z'
System info: host: 'DLLA1439', ip: '10.90.0.147', os.name: 'Windows 8.1', os.arch: 'amd64', os.version: '6.3', java.version: '1.8.0_161'
Driver info: org.openqa.selenium.chrome.ChromeDriver
Capabilities {acceptInsecureCerts: false, acceptSslCerts: false, applicationCacheEnabled: false, browserConnectionEnabled: false, browserName: chrome, chrome: {chromedriverVersion: 2.36.540470 (e522d04694c7eb..., userDataDir: C:\Users\SHWETA~1\AppData\L...}, cssSelectorsEnabled: true, databaseEnabled: false, handlesAlerts: true, hasTouchScreen: false, javascriptEnabled: true, locationContextEnabled: true, mobileEmulationEnabled: false, nativeEvents: true, networkConnectionEnabled: false, pageLoadStrategy: normal, platform: XP, platformName: XP, rotatable: false, setWindowRect: true, takesHeapSnapshot: true, takesScreenshot: true, unexpectedAlertBehaviour: , unhandledPromptBehavior: , version: 66.0.3359.117, webStorageEnabled: true}
Session ID: 612c05722024e75500c6e3284904fec2
	at sun.reflect.GeneratedConstructorAccessor15.newInstance(Unknown Source)
	at sun.reflect.DelegatingConstructorAccessorImpl.newInstance(DelegatingConstructorAccessorImpl.java:45)
	at java.lang.reflect.Constructor.newInstance(Constructor.java:423)
	at org.openqa.selenium.remote.ErrorHandler.createThrowable(ErrorHandler.java:214)
	at org.openqa.selenium.remote.ErrorHandler.throwIfResponseFailed(ErrorHandler.java:166)
	at org.openqa.selenium.remote.http.JsonHttpResponseCodec.reconstructValue(JsonHttpResponseCodec.java:40)
	at org.openqa.selenium.remote.http.AbstractHttpResponseCodec.decode(AbstractHttpResponseCodec.java:80)
	at org.openqa.selenium.remote.http.AbstractHttpResponseCodec.decode(AbstractHttpResponseCodec.java:44)
	at org.openqa.selenium.remote.HttpCommandExecutor.execute(HttpCommandExecutor.java:160)
	at org.openqa.selenium.remote.service.DriverCommandExecutor.execute(DriverCommandExecutor.java:83)
	at org.openqa.selenium.remote.RemoteWebDriver.execute(RemoteWebDriver.java:601)
	at org.openqa.selenium.remote.RemoteWebDriver$RemoteWebDriverOptions$RemoteTimeouts.implicitlyWait(RemoteWebDriver.java:835)
	at com.qait.automation.getpageobjects.GetPage.isElementNotDisplayed(GetPage.java:416)
	at com.qait.LegCompass.keywords.BillDetailPage.verifyProDocuments(BillDetailPage.java:1996)
	at com.qait.politico.LegCompass.tests.FederalBillDetailTest.Test022_Verify_Pro_Document(FederalBillDetailTest.java:317)
</failure>
    <system-out><![CDATA[Driver is null while taking screen shot
 
***** STARTING TEST STEP: TEST022_VERIFY_PRO_DOCUMENT *****
 
]]></system-out>
  </testcase>
  <testcase name="Test023_Verify_Bill_Text_Document" classname="com.qait.politico.LegCompass.tests.FederalBillDetailTest" time="0.003">
    <failure message="no such session&#10;  (Driver info: chromedriver=2.36.540470 (e522d04694c7ebea4ba8821272dbef4f9b818c91),platform=Windows NT 6.3.9600 x86_64) (WARNING: The server did not provide any stacktrace information)&#10;Command duration or timeout: 0 milliseconds&#10;Build info: version: &apos;3.10.0&apos;, revision: &apos;176b4a9&apos;, time: &apos;2018-03-02T19:03:16.397Z&apos;&#10;System info: host: &apos;DLLA1439&apos;, ip: &apos;10.90.0.147&apos;, os.name: &apos;Windows 8.1&apos;, os.arch: &apos;amd64&apos;, os.version: &apos;6.3&apos;, java.version: &apos;1.8.0_161&apos;&#10;Driver info: org.openqa.selenium.chrome.ChromeDriver&#10;Capabilities {acceptInsecureCerts: false, acceptSslCerts: false, applicationCacheEnabled: false, browserConnectionEnabled: false, browserName: chrome, chrome: {chromedriverVersion: 2.36.540470 (e522d04694c7eb..., userDataDir: C:\Users\SHWETA~1\AppData\L...}, cssSelectorsEnabled: true, databaseEnabled: false, handlesAlerts: true, hasTouchScreen: false, javascriptEnabled: true, locationContextEnabled: true, mobileEmulationEnabled: false, nativeEvents: true, networkConnectionEnabled: false, pageLoadStrategy: normal, platform: XP, platformName: XP, rotatable: false, setWindowRect: true, takesHeapSnapshot: true, takesScreenshot: true, unexpectedAlertBehaviour: , unhandledPromptBehavior: , version: 66.0.3359.117, webStorageEnabled: true}&#10;Session ID: 612c05722024e75500c6e3284904fec2" type="org.openqa.selenium.NoSuchSessionException">org.openqa.selenium.NoSuchSessionException: no such session
  (Driver info: chromedriver=2.36.540470 (e522d04694c7ebea4ba8821272dbef4f9b818c91),platform=Windows NT 6.3.9600 x86_64) (WARNING: The server did not provide any stacktrace information)
Command duration or timeout: 0 milliseconds
Build info: version: '3.10.0', revision: '176b4a9', time: '2018-03-02T19:03:16.397Z'
System info: host: 'DLLA1439', ip: '10.90.0.147', os.name: 'Windows 8.1', os.arch: 'amd64', os.version: '6.3', java.version: '1.8.0_161'
Driver info: org.openqa.selenium.chrome.ChromeDriver
Capabilities {acceptInsecureCerts: false, acceptSslCerts: false, applicationCacheEnabled: false, browserConnectionEnabled: false, browserName: chrome, chrome: {chromedriverVersion: 2.36.540470 (e522d04694c7eb..., userDataDir: C:\Users\SHWETA~1\AppData\L...}, cssSelectorsEnabled: true, databaseEnabled: false, handlesAlerts: true, hasTouchScreen: false, javascriptEnabled: true, locationContextEnabled: true, mobileEmulationEnabled: false, nativeEvents: true, networkConnectionEnabled: false, pageLoadStrategy: normal, platform: XP, platformName: XP, rotatable: false, setWindowRect: true, takesHeapSnapshot: true, takesScreenshot: true, unexpectedAlertBehaviour: , unhandledPromptBehavior: , version: 66.0.3359.117, webStorageEnabled: true}
Session ID: 612c05722024e75500c6e3284904fec2
	at sun.reflect.GeneratedConstructorAccessor15.newInstance(Unknown Source)
	at sun.reflect.DelegatingConstructorAccessorImpl.newInstance(DelegatingConstructorAccessorImpl.java:45)
	at java.lang.reflect.Constructor.newInstance(Constructor.java:423)
	at org.openqa.selenium.remote.ErrorHandler.createThrowable(ErrorHandler.java:214)
	at org.openqa.selenium.remote.ErrorHandler.throwIfResponseFailed(ErrorHandler.java:166)
	at org.openqa.selenium.remote.http.JsonHttpResponseCodec.reconstructValue(JsonHttpResponseCodec.java:40)
	at org.openqa.selenium.remote.http.AbstractHttpResponseCodec.decode(AbstractHttpResponseCodec.java:80)
	at org.openqa.selenium.remote.http.AbstractHttpResponseCodec.decode(AbstractHttpResponseCodec.java:44)
	at org.openqa.selenium.remote.HttpCommandExecutor.execute(HttpCommandExecutor.java:160)
	at org.openqa.selenium.remote.service.DriverCommandExecutor.execute(DriverCommandExecutor.java:83)
	at org.openqa.selenium.remote.RemoteWebDriver.execute(RemoteWebDriver.java:601)
	at org.openqa.selenium.remote.RemoteWebDriver$RemoteWebDriverOptions$RemoteTimeouts.implicitlyWait(RemoteWebDriver.java:835)
	at com.qait.automation.getpageobjects.GetPage.isElementNotDisplayed(GetPage.java:416)
	at com.qait.LegCompass.keywords.BillDetailPage.verifyBillTextOnDocuments(BillDetailPage.java:2018)
	at com.qait.politico.LegCompass.tests.FederalBillDetailTest.Test023_Verify_Bill_Text_Document(FederalBillDetailTest.java:322)
</failure>
    <system-out><![CDATA[Driver is null while taking screen shot
 
***** STARTING TEST STEP: TEST023_VERIFY_BILL_TEXT_DOCUMENT *****
 
]]></system-out>
  </testcase>
  <testcase name="Test024_Verify_CBO_Cost_Estimate_Document" classname="com.qait.politico.LegCompass.tests.FederalBillDetailTest" time="0.002">
    <failure message="no such session&#10;  (Driver info: chromedriver=2.36.540470 (e522d04694c7ebea4ba8821272dbef4f9b818c91),platform=Windows NT 6.3.9600 x86_64) (WARNING: The server did not provide any stacktrace information)&#10;Command duration or timeout: 0 milliseconds&#10;Build info: version: &apos;3.10.0&apos;, revision: &apos;176b4a9&apos;, time: &apos;2018-03-02T19:03:16.397Z&apos;&#10;System info: host: &apos;DLLA1439&apos;, ip: &apos;10.90.0.147&apos;, os.name: &apos;Windows 8.1&apos;, os.arch: &apos;amd64&apos;, os.version: &apos;6.3&apos;, java.version: &apos;1.8.0_161&apos;&#10;Driver info: org.openqa.selenium.chrome.ChromeDriver&#10;Capabilities {acceptInsecureCerts: false, acceptSslCerts: false, applicationCacheEnabled: false, browserConnectionEnabled: false, browserName: chrome, chrome: {chromedriverVersion: 2.36.540470 (e522d04694c7eb..., userDataDir: C:\Users\SHWETA~1\AppData\L...}, cssSelectorsEnabled: true, databaseEnabled: false, handlesAlerts: true, hasTouchScreen: false, javascriptEnabled: true, locationContextEnabled: true, mobileEmulationEnabled: false, nativeEvents: true, networkConnectionEnabled: false, pageLoadStrategy: normal, platform: XP, platformName: XP, rotatable: false, setWindowRect: true, takesHeapSnapshot: true, takesScreenshot: true, unexpectedAlertBehaviour: , unhandledPromptBehavior: , version: 66.0.3359.117, webStorageEnabled: true}&#10;Session ID: 612c05722024e75500c6e3284904fec2" type="org.openqa.selenium.NoSuchSessionException">org.openqa.selenium.NoSuchSessionException: no such session
  (Driver info: chromedriver=2.36.540470 (e522d04694c7ebea4ba8821272dbef4f9b818c91),platform=Windows NT 6.3.9600 x86_64) (WARNING: The server did not provide any stacktrace information)
Command duration or timeout: 0 milliseconds
Build info: version: '3.10.0', revision: '176b4a9', time: '2018-03-02T19:03:16.397Z'
System info: host: 'DLLA1439', ip: '10.90.0.147', os.name: 'Windows 8.1', os.arch: 'amd64', os.version: '6.3', java.version: '1.8.0_161'
Driver info: org.openqa.selenium.chrome.ChromeDriver
Capabilities {acceptInsecureCerts: false, acceptSslCerts: false, applicationCacheEnabled: false, browserConnectionEnabled: false, browserName: chrome, chrome: {chromedriverVersion: 2.36.540470 (e522d04694c7eb..., userDataDir: C:\Users\SHWETA~1\AppData\L...}, cssSelectorsEnabled: true, databaseEnabled: false, handlesAlerts: true, hasTouchScreen: false, javascriptEnabled: true, locationContextEnabled: true, mobileEmulationEnabled: false, nativeEvents: true, networkConnectionEnabled: false, pageLoadStrategy: normal, platform: XP, platformName: XP, rotatable: false, setWindowRect: true, takesHeapSnapshot: true, takesScreenshot: true, unexpectedAlertBehaviour: , unhandledPromptBehavior: , version: 66.0.3359.117, webStorageEnabled: true}
Session ID: 612c05722024e75500c6e3284904fec2
	at sun.reflect.GeneratedConstructorAccessor15.newInstance(Unknown Source)
	at sun.reflect.DelegatingConstructorAccessorImpl.newInstance(DelegatingConstructorAccessorImpl.java:45)
	at java.lang.reflect.Constructor.newInstance(Constructor.java:423)
	at org.openqa.selenium.remote.ErrorHandler.createThrowable(ErrorHandler.java:214)
	at org.openqa.selenium.remote.ErrorHandler.throwIfResponseFailed(ErrorHandler.java:166)
	at org.openqa.selenium.remote.http.JsonHttpResponseCodec.reconstructValue(JsonHttpResponseCodec.java:40)
	at org.openqa.selenium.remote.http.AbstractHttpResponseCodec.decode(AbstractHttpResponseCodec.java:80)
	at org.openqa.selenium.remote.http.AbstractHttpResponseCodec.decode(AbstractHttpResponseCodec.java:44)
	at org.openqa.selenium.remote.HttpCommandExecutor.execute(HttpCommandExecutor.java:160)
	at org.openqa.selenium.remote.service.DriverCommandExecutor.execute(DriverCommandExecutor.java:83)
	at org.openqa.selenium.remote.RemoteWebDriver.execute(RemoteWebDriver.java:601)
	at org.openqa.selenium.remote.RemoteWebDriver$RemoteWebDriverOptions$RemoteTimeouts.implicitlyWait(RemoteWebDriver.java:835)
	at com.qait.automation.getpageobjects.GetPage.isElementNotDisplayed(GetPage.java:416)
	at com.qait.LegCompass.keywords.BillDetailPage.verifyCBOCostEstimate(BillDetailPage.java:2038)
	at com.qait.politico.LegCompass.tests.FederalBillDetailTest.Test024_Verify_CBO_Cost_Estimate_Document(FederalBillDetailTest.java:329)
</failure>
    <system-out><![CDATA[Driver is null while taking screen shot
 
***** STARTING TEST STEP: TEST024_VERIFY_CBO_COST_ESTIMATE_DOCUMENT *****
 
]]></system-out>
  </testcase>
  <testcase name="Test025_Verify_Committee_Reports_Document" classname="com.qait.politico.LegCompass.tests.FederalBillDetailTest" time="0.003">
    <failure message="no such session&#10;  (Driver info: chromedriver=2.36.540470 (e522d04694c7ebea4ba8821272dbef4f9b818c91),platform=Windows NT 6.3.9600 x86_64) (WARNING: The server did not provide any stacktrace information)&#10;Command duration or timeout: 0 milliseconds&#10;Build info: version: &apos;3.10.0&apos;, revision: &apos;176b4a9&apos;, time: &apos;2018-03-02T19:03:16.397Z&apos;&#10;System info: host: &apos;DLLA1439&apos;, ip: &apos;10.90.0.147&apos;, os.name: &apos;Windows 8.1&apos;, os.arch: &apos;amd64&apos;, os.version: &apos;6.3&apos;, java.version: &apos;1.8.0_161&apos;&#10;Driver info: org.openqa.selenium.chrome.ChromeDriver&#10;Capabilities {acceptInsecureCerts: false, acceptSslCerts: false, applicationCacheEnabled: false, browserConnectionEnabled: false, browserName: chrome, chrome: {chromedriverVersion: 2.36.540470 (e522d04694c7eb..., userDataDir: C:\Users\SHWETA~1\AppData\L...}, cssSelectorsEnabled: true, databaseEnabled: false, handlesAlerts: true, hasTouchScreen: false, javascriptEnabled: true, locationContextEnabled: true, mobileEmulationEnabled: false, nativeEvents: true, networkConnectionEnabled: false, pageLoadStrategy: normal, platform: XP, platformName: XP, rotatable: false, setWindowRect: true, takesHeapSnapshot: true, takesScreenshot: true, unexpectedAlertBehaviour: , unhandledPromptBehavior: , version: 66.0.3359.117, webStorageEnabled: true}&#10;Session ID: 612c05722024e75500c6e3284904fec2" type="org.openqa.selenium.NoSuchSessionException">org.openqa.selenium.NoSuchSessionException: no such session
  (Driver info: chromedriver=2.36.540470 (e522d04694c7ebea4ba8821272dbef4f9b818c91),platform=Windows NT 6.3.9600 x86_64) (WARNING: The server did not provide any stacktrace information)
Command duration or timeout: 0 milliseconds
Build info: version: '3.10.0', revision: '176b4a9', time: '2018-03-02T19:03:16.397Z'
System info: host: 'DLLA1439', ip: '10.90.0.147', os.name: 'Windows 8.1', os.arch: 'amd64', os.version: '6.3', java.version: '1.8.0_161'
Driver info: org.openqa.selenium.chrome.ChromeDriver
Capabilities {acceptInsecureCerts: false, acceptSslCerts: false, applicationCacheEnabled: false, browserConnectionEnabled: false, browserName: chrome, chrome: {chromedriverVersion: 2.36.540470 (e522d04694c7eb..., userDataDir: C:\Users\SHWETA~1\AppData\L...}, cssSelectorsEnabled: true, databaseEnabled: false, handlesAlerts: true, hasTouchScreen: false, javascriptEnabled: true, locationContextEnabled: true, mobileEmulationEnabled: false, nativeEvents: true, networkConnectionEnabled: false, pageLoadStrategy: normal, platform: XP, platformName: XP, rotatable: false, setWindowRect: true, takesHeapSnapshot: true, takesScreenshot: true, unexpectedAlertBehaviour: , unhandledPromptBehavior: , version: 66.0.3359.117, webStorageEnabled: true}
Session ID: 612c05722024e75500c6e3284904fec2
	at sun.reflect.GeneratedConstructorAccessor15.newInstance(Unknown Source)
	at sun.reflect.DelegatingConstructorAccessorImpl.newInstance(DelegatingConstructorAccessorImpl.java:45)
	at java.lang.reflect.Constructor.newInstance(Constructor.java:423)
	at org.openqa.selenium.remote.ErrorHandler.createThrowable(ErrorHandler.java:214)
	at org.openqa.selenium.remote.ErrorHandler.throwIfResponseFailed(ErrorHandler.java:166)
	at org.openqa.selenium.remote.http.JsonHttpResponseCodec.reconstructValue(JsonHttpResponseCodec.java:40)
	at org.openqa.selenium.remote.http.AbstractHttpResponseCodec.decode(AbstractHttpResponseCodec.java:80)
	at org.openqa.selenium.remote.http.AbstractHttpResponseCodec.decode(AbstractHttpResponseCodec.java:44)
	at org.openqa.selenium.remote.HttpCommandExecutor.execute(HttpCommandExecutor.java:160)
	at org.openqa.selenium.remote.service.DriverCommandExecutor.execute(DriverCommandExecutor.java:83)
	at org.openqa.selenium.remote.RemoteWebDriver.execute(RemoteWebDriver.java:601)
	at org.openqa.selenium.remote.RemoteWebDriver$RemoteWebDriverOptions$RemoteTimeouts.implicitlyWait(RemoteWebDriver.java:835)
	at com.qait.automation.getpageobjects.GetPage.isElementNotDisplayed(GetPage.java:416)
	at com.qait.LegCompass.keywords.BillDetailPage.verifyCommitteeReports(BillDetailPage.java:2053)
	at com.qait.politico.LegCompass.tests.FederalBillDetailTest.Test025_Verify_Committee_Reports_Document(FederalBillDetailTest.java:337)
</failure>
    <system-out><![CDATA[Driver is null while taking screen shot
 
***** STARTING TEST STEP: TEST025_VERIFY_COMMITTEE_REPORTS_DOCUMENT *****
 
]]></system-out>
  </testcase>
  <testcase name="Test026_Verify_Create_A_Note_Functionality_For_Amendment_Bill" classname="com.qait.politico.LegCompass.tests.FederalBillDetailTest" time="5.002">
    <failure message="no such session&#10;  (Driver info: chromedriver=2.36.540470 (e522d04694c7ebea4ba8821272dbef4f9b818c91),platform=Windows NT 6.3.9600 x86_64) (WARNING: The server did not provide any stacktrace information)&#10;Command duration or timeout: 0 milliseconds&#10;Build info: version: &apos;3.10.0&apos;, revision: &apos;176b4a9&apos;, time: &apos;2018-03-02T19:03:16.397Z&apos;&#10;System info: host: &apos;DLLA1439&apos;, ip: &apos;10.90.0.147&apos;, os.name: &apos;Windows 8.1&apos;, os.arch: &apos;amd64&apos;, os.version: &apos;6.3&apos;, java.version: &apos;1.8.0_161&apos;&#10;Driver info: org.openqa.selenium.chrome.ChromeDriver&#10;Capabilities {acceptInsecureCerts: false, acceptSslCerts: false, applicationCacheEnabled: false, browserConnectionEnabled: false, browserName: chrome, chrome: {chromedriverVersion: 2.36.540470 (e522d04694c7eb..., userDataDir: C:\Users\SHWETA~1\AppData\L...}, cssSelectorsEnabled: true, databaseEnabled: false, handlesAlerts: true, hasTouchScreen: false, javascriptEnabled: true, locationContextEnabled: true, mobileEmulationEnabled: false, nativeEvents: true, networkConnectionEnabled: false, pageLoadStrategy: normal, platform: XP, platformName: XP, rotatable: false, setWindowRect: true, takesHeapSnapshot: true, takesScreenshot: true, unexpectedAlertBehaviour: , unhandledPromptBehavior: , version: 66.0.3359.117, webStorageEnabled: true}&#10;Session ID: 612c05722024e75500c6e3284904fec2" type="org.openqa.selenium.NoSuchSessionException">org.openqa.selenium.NoSuchSessionException: no such session
  (Driver info: chromedriver=2.36.540470 (e522d04694c7ebea4ba8821272dbef4f9b818c91),platform=Windows NT 6.3.9600 x86_64) (WARNING: The server did not provide any stacktrace information)
Command duration or timeout: 0 milliseconds
Build info: version: '3.10.0', revision: '176b4a9', time: '2018-03-02T19:03:16.397Z'
System info: host: 'DLLA1439', ip: '10.90.0.147', os.name: 'Windows 8.1', os.arch: 'amd64', os.version: '6.3', java.version: '1.8.0_161'
Driver info: org.openqa.selenium.chrome.ChromeDriver
Capabilities {acceptInsecureCerts: false, acceptSslCerts: false, applicationCacheEnabled: false, browserConnectionEnabled: false, browserName: chrome, chrome: {chromedriverVersion: 2.36.540470 (e522d04694c7eb..., userDataDir: C:\Users\SHWETA~1\AppData\L...}, cssSelectorsEnabled: true, databaseEnabled: false, handlesAlerts: true, hasTouchScreen: false, javascriptEnabled: true, locationContextEnabled: true, mobileEmulationEnabled: false, nativeEvents: true, networkConnectionEnabled: false, pageLoadStrategy: normal, platform: XP, platformName: XP, rotatable: false, setWindowRect: true, takesHeapSnapshot: true, takesScreenshot: true, unexpectedAlertBehaviour: , unhandledPromptBehavior: , version: 66.0.3359.117, webStorageEnabled: true}
Session ID: 612c05722024e75500c6e3284904fec2
	at sun.reflect.GeneratedConstructorAccessor15.newInstance(Unknown Source)
	at sun.reflect.DelegatingConstructorAccessorImpl.newInstance(DelegatingConstructorAccessorImpl.java:45)
	at java.lang.reflect.Constructor.newInstance(Constructor.java:423)
	at org.openqa.selenium.remote.ErrorHandler.createThrowable(ErrorHandler.java:214)
	at org.openqa.selenium.remote.ErrorHandler.throwIfResponseFailed(ErrorHandler.java:166)
	at org.openqa.selenium.remote.http.JsonHttpResponseCodec.reconstructValue(JsonHttpResponseCodec.java:40)
	at org.openqa.selenium.remote.http.AbstractHttpResponseCodec.decode(AbstractHttpResponseCodec.java:80)
	at org.openqa.selenium.remote.http.AbstractHttpResponseCodec.decode(AbstractHttpResponseCodec.java:44)
	at org.openqa.selenium.remote.HttpCommandExecutor.execute(HttpCommandExecutor.java:160)
	at org.openqa.selenium.remote.service.DriverCommandExecutor.execute(DriverCommandExecutor.java:83)
	at org.openqa.selenium.remote.RemoteWebDriver.execute(RemoteWebDriver.java:601)
	at org.openqa.selenium.remote.RemoteWebDriver$RemoteWebDriverOptions$RemoteTimeouts.implicitlyWait(RemoteWebDriver.java:835)
	at com.qait.automation.getpageobjects.GetPage.isElementNotDisplayed(GetPage.java:305)
	at com.qait.LegCompass.keywords.BillDetailPage.goToFirstFreshAmdtBill(BillDetailPage.java:89)
	at com.qait.politico.LegCompass.tests.FederalBillDetailTest.Test026_Verify_Create_A_Note_Functionality_For_Amendment_Bill(FederalBillDetailTest.java:347)
</failure>
    <system-out><![CDATA[Driver is null while taking screen shot
 
***** STARTING TEST STEP: TEST026_VERIFY_CREATE_A_NOTE_FUNCTIONALITY_FOR_AMENDMENT_BILL *****
 
]]></system-out>
  </testcase>
  <testcase name="Test027_Verify_Published_Note_For_Amendment_Bill" classname="com.qait.politico.LegCompass.tests.FederalBillDetailTest" time="5.012">
    <failure message="no such session&#10;  (Driver info: chromedriver=2.36.540470 (e522d04694c7ebea4ba8821272dbef4f9b818c91),platform=Windows NT 6.3.9600 x86_64) (WARNING: The server did not provide any stacktrace information)&#10;Command duration or timeout: 0 milliseconds&#10;Build info: version: &apos;3.10.0&apos;, revision: &apos;176b4a9&apos;, time: &apos;2018-03-02T19:03:16.397Z&apos;&#10;System info: host: &apos;DLLA1439&apos;, ip: &apos;10.90.0.147&apos;, os.name: &apos;Windows 8.1&apos;, os.arch: &apos;amd64&apos;, os.version: &apos;6.3&apos;, java.version: &apos;1.8.0_161&apos;&#10;Driver info: org.openqa.selenium.chrome.ChromeDriver&#10;Capabilities {acceptInsecureCerts: false, acceptSslCerts: false, applicationCacheEnabled: false, browserConnectionEnabled: false, browserName: chrome, chrome: {chromedriverVersion: 2.36.540470 (e522d04694c7eb..., userDataDir: C:\Users\SHWETA~1\AppData\L...}, cssSelectorsEnabled: true, databaseEnabled: false, handlesAlerts: true, hasTouchScreen: false, javascriptEnabled: true, locationContextEnabled: true, mobileEmulationEnabled: false, nativeEvents: true, networkConnectionEnabled: false, pageLoadStrategy: normal, platform: XP, platformName: XP, rotatable: false, setWindowRect: true, takesHeapSnapshot: true, takesScreenshot: true, unexpectedAlertBehaviour: , unhandledPromptBehavior: , version: 66.0.3359.117, webStorageEnabled: true}&#10;Session ID: 612c05722024e75500c6e3284904fec2&#10;*** Element info: {Using=css selector, value=div.js-note:not(.dn)}" type="org.openqa.selenium.NoSuchSessionException">org.openqa.selenium.NoSuchSessionException: no such session
  (Driver info: chromedriver=2.36.540470 (e522d04694c7ebea4ba8821272dbef4f9b818c91),platform=Windows NT 6.3.9600 x86_64) (WARNING: The server did not provide any stacktrace information)
Command duration or timeout: 0 milliseconds
Build info: version: '3.10.0', revision: '176b4a9', time: '2018-03-02T19:03:16.397Z'
System info: host: 'DLLA1439', ip: '10.90.0.147', os.name: 'Windows 8.1', os.arch: 'amd64', os.version: '6.3', java.version: '1.8.0_161'
Driver info: org.openqa.selenium.chrome.ChromeDriver
Capabilities {acceptInsecureCerts: false, acceptSslCerts: false, applicationCacheEnabled: false, browserConnectionEnabled: false, browserName: chrome, chrome: {chromedriverVersion: 2.36.540470 (e522d04694c7eb..., userDataDir: C:\Users\SHWETA~1\AppData\L...}, cssSelectorsEnabled: true, databaseEnabled: false, handlesAlerts: true, hasTouchScreen: false, javascriptEnabled: true, locationContextEnabled: true, mobileEmulationEnabled: false, nativeEvents: true, networkConnectionEnabled: false, pageLoadStrategy: normal, platform: XP, platformName: XP, rotatable: false, setWindowRect: true, takesHeapSnapshot: true, takesScreenshot: true, unexpectedAlertBehaviour: , unhandledPromptBehavior: , version: 66.0.3359.117, webStorageEnabled: true}
Session ID: 612c05722024e75500c6e3284904fec2
*** Element info: {Using=css selector, value=div.js-note:not(.dn)}
	at sun.reflect.GeneratedConstructorAccessor15.newInstance(Unknown Source)
	at sun.reflect.DelegatingConstructorAccessorImpl.newInstance(DelegatingConstructorAccessorImpl.java:45)
	at java.lang.reflect.Constructor.newInstance(Constructor.java:423)
	at org.openqa.selenium.remote.ErrorHandler.createThrowable(ErrorHandler.java:214)
	at org.openqa.selenium.remote.ErrorHandler.throwIfResponseFailed(ErrorHandler.java:166)
	at org.openqa.selenium.remote.http.JsonHttpResponseCodec.reconstructValue(JsonHttpResponseCodec.java:40)
	at org.openqa.selenium.remote.http.AbstractHttpResponseCodec.decode(AbstractHttpResponseCodec.java:80)
	at org.openqa.selenium.remote.http.AbstractHttpResponseCodec.decode(AbstractHttpResponseCodec.java:44)
	at org.openqa.selenium.remote.HttpCommandExecutor.execute(HttpCommandExecutor.java:160)
	at org.openqa.selenium.remote.service.DriverCommandExecutor.execute(DriverCommandExecutor.java:83)
	at org.openqa.selenium.remote.RemoteWebDriver.execute(RemoteWebDriver.java:601)
	at org.openqa.selenium.remote.RemoteWebDriver.findElements(RemoteWebDriver.java:398)
	at org.openqa.selenium.remote.RemoteWebDriver.findElementsByCssSelector(RemoteWebDriver.java:469)
	at org.openqa.selenium.By$ByCssSelector.findElements(By.java:441)
	at org.openqa.selenium.remote.RemoteWebDriver.findElements(RemoteWebDriver.java:359)
	at com.qait.automation.getpageobjects.GetPage.elements(GetPage.java:127)
	at com.qait.automation.getpageobjects.GetPage.elements(GetPage.java:135)
	at com.qait.LegCompass.keywords.BillDetailPage.verifyNoteOnBillPage(BillDetailPage.java:394)
	at com.qait.politico.LegCompass.tests.FederalBillDetailTest.Test027_Verify_Published_Note_For_Amendment_Bill(FederalBillDetailTest.java:363)
</failure>
    <system-out><![CDATA[Driver is null while taking screen shot
 
***** STARTING TEST STEP: TEST027_VERIFY_PUBLISHED_NOTE_FOR_AMENDMENT_BILL *****
 
Num of notes = 0
]]></system-out>
  </testcase>
  <testcase name="Test028_Verify_News_Count" classname="com.qait.politico.LegCompass.tests.FederalBillDetailTest" time="0.005">
    <failure message="no such session&#10;  (Driver info: chromedriver=2.36.540470 (e522d04694c7ebea4ba8821272dbef4f9b818c91),platform=Windows NT 6.3.9600 x86_64) (WARNING: The server did not provide any stacktrace information)&#10;Command duration or timeout: 0 milliseconds&#10;Build info: version: &apos;3.10.0&apos;, revision: &apos;176b4a9&apos;, time: &apos;2018-03-02T19:03:16.397Z&apos;&#10;System info: host: &apos;DLLA1439&apos;, ip: &apos;10.90.0.147&apos;, os.name: &apos;Windows 8.1&apos;, os.arch: &apos;amd64&apos;, os.version: &apos;6.3&apos;, java.version: &apos;1.8.0_161&apos;&#10;Driver info: org.openqa.selenium.chrome.ChromeDriver&#10;Capabilities {acceptInsecureCerts: false, acceptSslCerts: false, applicationCacheEnabled: false, browserConnectionEnabled: false, browserName: chrome, chrome: {chromedriverVersion: 2.36.540470 (e522d04694c7eb..., userDataDir: C:\Users\SHWETA~1\AppData\L...}, cssSelectorsEnabled: true, databaseEnabled: false, handlesAlerts: true, hasTouchScreen: false, javascriptEnabled: true, locationContextEnabled: true, mobileEmulationEnabled: false, nativeEvents: true, networkConnectionEnabled: false, pageLoadStrategy: normal, platform: XP, platformName: XP, rotatable: false, setWindowRect: true, takesHeapSnapshot: true, takesScreenshot: true, unexpectedAlertBehaviour: , unhandledPromptBehavior: , version: 66.0.3359.117, webStorageEnabled: true}&#10;Session ID: 612c05722024e75500c6e3284904fec2" type="org.openqa.selenium.NoSuchSessionException">org.openqa.selenium.NoSuchSessionException: no such session
  (Driver info: chromedriver=2.36.540470 (e522d04694c7ebea4ba8821272dbef4f9b818c91),platform=Windows NT 6.3.9600 x86_64) (WARNING: The server did not provide any stacktrace information)
Command duration or timeout: 0 milliseconds
Build info: version: '3.10.0', revision: '176b4a9', time: '2018-03-02T19:03:16.397Z'
System info: host: 'DLLA1439', ip: '10.90.0.147', os.name: 'Windows 8.1', os.arch: 'amd64', os.version: '6.3', java.version: '1.8.0_161'
Driver info: org.openqa.selenium.chrome.ChromeDriver
Capabilities {acceptInsecureCerts: false, acceptSslCerts: false, applicationCacheEnabled: false, browserConnectionEnabled: false, browserName: chrome, chrome: {chromedriverVersion: 2.36.540470 (e522d04694c7eb..., userDataDir: C:\Users\SHWETA~1\AppData\L...}, cssSelectorsEnabled: true, databaseEnabled: false, handlesAlerts: true, hasTouchScreen: false, javascriptEnabled: true, locationContextEnabled: true, mobileEmulationEnabled: false, nativeEvents: true, networkConnectionEnabled: false, pageLoadStrategy: normal, platform: XP, platformName: XP, rotatable: false, setWindowRect: true, takesHeapSnapshot: true, takesScreenshot: true, unexpectedAlertBehaviour: , unhandledPromptBehavior: , version: 66.0.3359.117, webStorageEnabled: true}
Session ID: 612c05722024e75500c6e3284904fec2
	at sun.reflect.GeneratedConstructorAccessor15.newInstance(Unknown Source)
	at sun.reflect.DelegatingConstructorAccessorImpl.newInstance(DelegatingConstructorAccessorImpl.java:45)
	at java.lang.reflect.Constructor.newInstance(Constructor.java:423)
	at org.openqa.selenium.remote.ErrorHandler.createThrowable(ErrorHandler.java:214)
	at org.openqa.selenium.remote.ErrorHandler.throwIfResponseFailed(ErrorHandler.java:166)
	at org.openqa.selenium.remote.http.JsonHttpResponseCodec.reconstructValue(JsonHttpResponseCodec.java:40)
	at org.openqa.selenium.remote.http.AbstractHttpResponseCodec.decode(AbstractHttpResponseCodec.java:80)
	at org.openqa.selenium.remote.http.AbstractHttpResponseCodec.decode(AbstractHttpResponseCodec.java:44)
	at org.openqa.selenium.remote.HttpCommandExecutor.execute(HttpCommandExecutor.java:160)
	at org.openqa.selenium.remote.service.DriverCommandExecutor.execute(DriverCommandExecutor.java:83)
	at org.openqa.selenium.remote.RemoteWebDriver.execute(RemoteWebDriver.java:601)
	at org.openqa.selenium.remote.RemoteWebDriver.execute(RemoteWebDriver.java:658)
	at org.openqa.selenium.remote.RemoteWebDriver.close(RemoteWebDriver.java:487)
	at com.qait.automation.getpageobjects.BaseUi.closeWindow(BaseUi.java:278)
	at com.qait.LegCompass.keywords.BillDetailPage.closeAndSwitchToPreviousWindow(BillDetailPage.java:544)
	at com.qait.politico.LegCompass.tests.FederalBillDetailTest.Test028_Verify_News_Count(FederalBillDetailTest.java:381)
</failure>
    <system-out><![CDATA[Driver is null while taking screen shot
 
***** STARTING TEST STEP: TEST028_VERIFY_NEWS_COUNT *****
 
]]></system-out>
  </testcase>
  <testcase name="Test001_Login" classname="com.qait.politico.LegCompass.tests.StateBillDetailTest" time="51.238"/>
  <testcase name="Test023_Save_Search_State" classname="com.qait.politico.LegCompass.tests.LegislationSearchTest" time="8.386">
    <failure message="Expected condition failed: waiting for visibility of all [] (tried for 30 second(s) with 500 milliseconds interval)&#10;Build info: version: &apos;3.10.0&apos;, revision: &apos;176b4a9&apos;, time: &apos;2018-03-02T19:03:16.397Z&apos;&#10;System info: host: &apos;DLLA1439&apos;, ip: &apos;10.90.0.147&apos;, os.name: &apos;Windows 8.1&apos;, os.arch: &apos;amd64&apos;, os.version: &apos;6.3&apos;, java.version: &apos;1.8.0_161&apos;&#10;Driver info: org.openqa.selenium.chrome.ChromeDriver&#10;Capabilities {acceptInsecureCerts: false, acceptSslCerts: false, applicationCacheEnabled: false, browserConnectionEnabled: false, browserName: chrome, chrome: {chromedriverVersion: 2.36.540470 (e522d04694c7eb..., userDataDir: C:\Users\SHWETA~1\AppData\L...}, cssSelectorsEnabled: true, databaseEnabled: false, handlesAlerts: true, hasTouchScreen: false, javascriptEnabled: true, locationContextEnabled: true, mobileEmulationEnabled: false, nativeEvents: true, networkConnectionEnabled: false, pageLoadStrategy: normal, platform: XP, platformName: XP, rotatable: false, setWindowRect: true, takesHeapSnapshot: true, takesScreenshot: true, unexpectedAlertBehaviour: , unhandledPromptBehavior: , version: 66.0.3359.117, webStorageEnabled: true}&#10;Session ID: a5ec631c8bf0c06a1be18b2bb62b7302" type="org.openqa.selenium.TimeoutException">org.openqa.selenium.TimeoutException: Expected condition failed: waiting for visibility of all [] (tried for 30 second(s) with 500 milliseconds interval)
Build info: version: '3.10.0', revision: '176b4a9', time: '2018-03-02T19:03:16.397Z'
System info: host: 'DLLA1439', ip: '10.90.0.147', os.name: 'Windows 8.1', os.arch: 'amd64', os.version: '6.3', java.version: '1.8.0_161'
Driver info: org.openqa.selenium.chrome.ChromeDriver
Capabilities {acceptInsecureCerts: false, acceptSslCerts: false, applicationCacheEnabled: false, browserConnectionEnabled: false, browserName: chrome, chrome: {chromedriverVersion: 2.36.540470 (e522d04694c7eb..., userDataDir: C:\Users\SHWETA~1\AppData\L...}, cssSelectorsEnabled: true, databaseEnabled: false, handlesAlerts: true, hasTouchScreen: false, javascriptEnabled: true, locationContextEnabled: true, mobileEmulationEnabled: false, nativeEvents: true, networkConnectionEnabled: false, pageLoadStrategy: normal, platform: XP, platformName: XP, rotatable: false, setWindowRect: true, takesHeapSnapshot: true, takesScreenshot: true, unexpectedAlertBehaviour: , unhandledPromptBehavior: , version: 66.0.3359.117, webStorageEnabled: true}
Session ID: a5ec631c8bf0c06a1be18b2bb62b7302
	at org.openqa.selenium.support.ui.WebDriverWait.timeoutException(WebDriverWait.java:82)
	at org.openqa.selenium.support.ui.FluentWait.until(FluentWait.java:272)
	at com.qait.automation.utils.SeleniumWait.waitForElementsToBeVisible(SeleniumWait.java:84)
	at com.qait.automation.getpageobjects.GetPage.elements(GetPage.java:127)
	at com.qait.automation.getpageobjects.GetPage.elements(GetPage.java:135)
	at com.qait.LegCompass.keywords.LegislationSearchPage.verifyFiltersOnSavedSearch(LegislationSearchPage.java:1240)
	at com.qait.politico.LegCompass.tests.LegislationSearchTest.Test023_Save_Search_State(LegislationSearchTest.java:308)
</failure>
    <system-out><![CDATA[ 
***** STARTING TEST STEP: TEST002_LAUNCH_LEGISLATIVECOMPASS *****
 
  [info] Window closed
Windows size before: 1
]]></system-out>
  </testcase>
  <testcase name="Test024_Switch_From_Federal_To_State" classname="com.qait.politico.LegCompass.tests.LegislationSearchTest" time="1.024">
    <failure message="FAILED: Element btn-lcHeader not found on the YourPreferencePage !!!" type="java.lang.AssertionError">java.lang.AssertionError: FAILED: Element btn-lcHeader not found on the YourPreferencePage !!!
	at org.testng.Assert.fail(Assert.java:94)
	at com.qait.automation.getpageobjects.GetPage.element(GetPage.java:105)
	at com.qait.LegCompass.keywords.YourPreferencePage.clickButtonInLCHeader(YourPreferencePage.java:38)
	at com.qait.politico.LegCompass.tests.LegislationSearchTest.Test024_Switch_From_Federal_To_State(LegislationSearchTest.java:315)
</failure>
    <system-out><![CDATA[ [INFO] Saving screenshot to D:\POLITICO\2017_automationscripts\./target/screenshots/\LegislationSearchTest\2018_04_24_02_05_PM\screenshot.png
 
***** STARTING TEST STEP: TEST024_SWITCH_FROM_FEDERAL_TO_STATE *****
 
]]></system-out>
  </testcase>
  <testcase name="Test025_Search_By_Chamber_For_State" classname="com.qait.politico.LegCompass.tests.LegislationSearchTest" time="1.037">
    <failure message="FAILED: Element input-stateFilter not found on the LegislationSearch !!!" type="java.lang.AssertionError">java.lang.AssertionError: FAILED: Element input-stateFilter not found on the LegislationSearch !!!
	at org.testng.Assert.fail(Assert.java:94)
	at com.qait.automation.getpageobjects.GetPage.element(GetPage.java:105)
	at com.qait.automation.getpageobjects.GetPage.element(GetPage.java:80)
	at com.qait.LegCompass.keywords.LegislationSearchPage.enterState(LegislationSearchPage.java:964)
	at com.qait.politico.LegCompass.tests.LegislationSearchTest.Test025_Search_By_Chamber_For_State(LegislationSearchTest.java:329)
</failure>
    <system-out><![CDATA[ [INFO] Saving screenshot to D:\POLITICO\2017_automationscripts\./target/screenshots/\LegislationSearchTest\2018_04_24_02_05_PM\screenshot.png
 
***** STARTING TEST STEP: TEST025_SEARCH_BY_CHAMBER_FOR_STATE *****
 
  [info] After switching windows, new window title: Bill Search - POLITICO Pro
  [info] Legislative Compass link clicked
]]></system-out>
  </testcase>
  <testcase name="Test026_Search_By_Legislation_Type_For_State" classname="com.qait.politico.LegCompass.tests.LegislationSearchTest" time="1.028">
    <failure message="FAILED: Element btn-clrFilters not found on the LegislationSearch !!!" type="java.lang.AssertionError">java.lang.AssertionError: FAILED: Element btn-clrFilters not found on the LegislationSearch !!!
	at org.testng.Assert.fail(Assert.java:94)
	at com.qait.automation.getpageobjects.GetPage.element(GetPage.java:105)
	at com.qait.automation.getpageobjects.GetPage.element(GetPage.java:80)
	at com.qait.LegCompass.keywords.LegislationSearchPage.clearFilters(LegislationSearchPage.java:222)
	at com.qait.politico.LegCompass.tests.LegislationSearchTest.Test026_Search_By_Legislation_Type_For_State(LegislationSearchTest.java:339)
</failure>
    <system-out><![CDATA[ [INFO] Saving screenshot to D:\POLITICO\2017_automationscripts\./target/screenshots/\LegislationSearchTest\2018_04_24_02_05_PM\screenshot.png
 
***** STARTING TEST STEP: TEST026_SEARCH_BY_LEGISLATION_TYPE_FOR_STATE *****
 
]]></system-out>
  </testcase>
  <testcase name="Test027_Search_By_Sponsors_For_State" classname="com.qait.politico.LegCompass.tests.LegislationSearchTest" time="1.023">
    <failure message="FAILED: Element btn-clrFilters not found on the LegislationSearch !!!" type="java.lang.AssertionError">java.lang.AssertionError: FAILED: Element btn-clrFilters not found on the LegislationSearch !!!
	at org.testng.Assert.fail(Assert.java:94)
	at com.qait.automation.getpageobjects.GetPage.element(GetPage.java:105)
	at com.qait.automation.getpageobjects.GetPage.element(GetPage.java:80)
	at com.qait.LegCompass.keywords.LegislationSearchPage.clearFilters(LegislationSearchPage.java:222)
	at com.qait.politico.LegCompass.tests.LegislationSearchTest.Test027_Search_By_Sponsors_For_State(LegislationSearchTest.java:349)
</failure>
    <system-out><![CDATA[ [INFO] Saving screenshot to D:\POLITICO\2017_automationscripts\./target/screenshots/\LegislationSearchTest\2018_04_24_02_05_PM\screenshot.png
 
***** STARTING TEST STEP: TEST027_SEARCH_BY_SPONSORS_FOR_STATE *****
 
]]></system-out>
  </testcase>
  <testcase name="Test028_Search_By_Cosponsors_For_State" classname="com.qait.politico.LegCompass.tests.LegislationSearchTest" time="1.018">
    <failure message="FAILED: Element btn-clrFilters not found on the LegislationSearch !!!" type="java.lang.AssertionError">java.lang.AssertionError: FAILED: Element btn-clrFilters not found on the LegislationSearch !!!
	at org.testng.Assert.fail(Assert.java:94)
	at com.qait.automation.getpageobjects.GetPage.element(GetPage.java:105)
	at com.qait.automation.getpageobjects.GetPage.element(GetPage.java:80)
	at com.qait.LegCompass.keywords.LegislationSearchPage.clearFilters(LegislationSearchPage.java:222)
	at com.qait.politico.LegCompass.tests.LegislationSearchTest.Test028_Search_By_Cosponsors_For_State(LegislationSearchTest.java:360)
</failure>
    <system-out><![CDATA[ [INFO] Saving screenshot to D:\POLITICO\2017_automationscripts\./target/screenshots/\LegislationSearchTest\2018_04_24_02_05_PM\screenshot.png
 
***** STARTING TEST STEP: TEST028_SEARCH_BY_COSPONSORS_FOR_STATE *****
 
]]></system-out>
  </testcase>
  <testcase name="Test002_Launch_LegislativeCompass" classname="com.qait.politico.LegCompass.tests.StateBillDetailTest" time="0.878"/>
  <testcase name="Test029_Search_By_Committees_For_State" classname="com.qait.politico.LegCompass.tests.LegislationSearchTest" time="0.136">
    <failure message="FAILED: Element btn-clrFilters not found on the LegislationSearch !!!" type="java.lang.AssertionError">java.lang.AssertionError: FAILED: Element btn-clrFilters not found on the LegislationSearch !!!
	at org.testng.Assert.fail(Assert.java:94)
	at com.qait.automation.getpageobjects.GetPage.element(GetPage.java:105)
	at com.qait.automation.getpageobjects.GetPage.element(GetPage.java:80)
	at com.qait.LegCompass.keywords.LegislationSearchPage.clearFilters(LegislationSearchPage.java:222)
	at com.qait.politico.LegCompass.tests.LegislationSearchTest.Test029_Search_By_Committees_For_State(LegislationSearchTest.java:371)
</failure>
    <system-out><![CDATA[ 
***** STARTING TEST STEP: TEST003_VERIFY_OVERVIEW_TAB_FOR_STATE_BILL *****
 
Windows size before: 1
]]></system-out>
  </testcase>
  <testcase name="Test030_Search_For_Multiple_Fields" classname="com.qait.politico.LegCompass.tests.LegislationSearchTest" time="1.024">
    <failure message="FAILED: Element btn-clrFilters not found on the LegislationSearch !!!" type="java.lang.AssertionError">java.lang.AssertionError: FAILED: Element btn-clrFilters not found on the LegislationSearch !!!
	at org.testng.Assert.fail(Assert.java:94)
	at com.qait.automation.getpageobjects.GetPage.element(GetPage.java:105)
	at com.qait.automation.getpageobjects.GetPage.element(GetPage.java:80)
	at com.qait.LegCompass.keywords.LegislationSearchPage.clearFilters(LegislationSearchPage.java:222)
	at com.qait.politico.LegCompass.tests.LegislationSearchTest.Test030_Search_For_Multiple_Fields(LegislationSearchTest.java:382)
</failure>
    <system-out><![CDATA[ [INFO] Saving screenshot to D:\POLITICO\2017_automationscripts\./target/screenshots/\LegislationSearchTest\2018_04_24_02_05_PM\screenshot.png
 
***** STARTING TEST STEP: TEST030_SEARCH_FOR_MULTIPLE_FIELDS *****
 
]]></system-out>
  </testcase>
  <testcase name="Test031_Search_By_Date_Range_For_State" classname="com.qait.politico.LegCompass.tests.LegislationSearchTest" time="1.062">
    <failure message="FAILED: Element btn-clrFilters not found on the LegislationSearch !!!" type="java.lang.AssertionError">java.lang.AssertionError: FAILED: Element btn-clrFilters not found on the LegislationSearch !!!
	at org.testng.Assert.fail(Assert.java:94)
	at com.qait.automation.getpageobjects.GetPage.element(GetPage.java:105)
	at com.qait.automation.getpageobjects.GetPage.element(GetPage.java:80)
	at com.qait.LegCompass.keywords.LegislationSearchPage.clearFilters(LegislationSearchPage.java:222)
	at com.qait.politico.LegCompass.tests.LegislationSearchTest.Test031_Search_By_Date_Range_For_State(LegislationSearchTest.java:395)
</failure>
    <system-out><![CDATA[ [INFO] Saving screenshot to D:\POLITICO\2017_automationscripts\./target/screenshots/\LegislationSearchTest\2018_04_24_02_05_PM\screenshot.png
 
***** STARTING TEST STEP: TEST031_SEARCH_BY_DATE_RANGE_FOR_STATE *****
 
  [info] After switching windows, new window title: Bill Search - POLITICO Pro
]]></system-out>
  </testcase>
  <testcase name="Test032_Verify_Legislation_Type_For_States" classname="com.qait.politico.LegCompass.tests.LegislationSearchTest" time="1.048">
    <failure message="FAILED: Element btn-clrFilters not found on the LegislationSearch !!!" type="java.lang.AssertionError">java.lang.AssertionError: FAILED: Element btn-clrFilters not found on the LegislationSearch !!!
	at org.testng.Assert.fail(Assert.java:94)
	at com.qait.automation.getpageobjects.GetPage.element(GetPage.java:105)
	at com.qait.automation.getpageobjects.GetPage.element(GetPage.java:80)
	at com.qait.LegCompass.keywords.LegislationSearchPage.clearFilters(LegislationSearchPage.java:222)
	at com.qait.politico.LegCompass.tests.LegislationSearchTest.Test032_Verify_Legislation_Type_For_States(LegislationSearchTest.java:407)
</failure>
    <system-out><![CDATA[ [INFO] Saving screenshot to D:\POLITICO\2017_automationscripts\./target/screenshots/\LegislationSearchTest\2018_04_24_02_05_PM\screenshot.png
 
***** STARTING TEST STEP: TEST032_VERIFY_LEGISLATION_TYPE_FOR_STATES *****
 
]]></system-out>
  </testcase>
  <testcase name="Test033_Search_By_Keyword_LC2521" classname="com.qait.politico.LegCompass.tests.LegislationSearchTest" time="1.054">
    <failure message="FAILED: Element input-searchByKeyword not found on the LegislationSearch !!!" type="java.lang.AssertionError">java.lang.AssertionError: FAILED: Element input-searchByKeyword not found on the LegislationSearch !!!
	at org.testng.Assert.fail(Assert.java:94)
	at com.qait.automation.getpageobjects.GetPage.element(GetPage.java:105)
	at com.qait.automation.getpageobjects.GetPage.element(GetPage.java:80)
	at com.qait.LegCompass.keywords.LegislationSearchPage.enterKeyword(LegislationSearchPage.java:1115)
	at com.qait.politico.LegCompass.tests.LegislationSearchTest.Test033_Search_By_Keyword_LC2521(LegislationSearchTest.java:419)
</failure>
    <system-out><![CDATA[ [INFO] Saving screenshot to D:\POLITICO\2017_automationscripts\./target/screenshots/\LegislationSearchTest\2018_04_24_02_05_PM\screenshot.png
 
***** STARTING TEST STEP: TEST033_SEARCH_BY_KEYWORD_LC2521 *****
 
]]></system-out>
  </testcase>
  <testcase name="Test034_Search_By_Keyword_LC_2524" classname="com.qait.politico.LegCompass.tests.LegislationSearchTest" time="1.015">
    <failure message="FAILED: Element input-searchByKeyword not found on the LegislationSearch !!!" type="java.lang.AssertionError">java.lang.AssertionError: FAILED: Element input-searchByKeyword not found on the LegislationSearch !!!
	at org.testng.Assert.fail(Assert.java:94)
	at com.qait.automation.getpageobjects.GetPage.element(GetPage.java:105)
	at com.qait.automation.getpageobjects.GetPage.element(GetPage.java:80)
	at com.qait.LegCompass.keywords.LegislationSearchPage.enterKeyword(LegislationSearchPage.java:1115)
	at com.qait.politico.LegCompass.tests.LegislationSearchTest.Test034_Search_By_Keyword_LC_2524(LegislationSearchTest.java:433)
</failure>
    <system-out><![CDATA[ [INFO] Saving screenshot to D:\POLITICO\2017_automationscripts\./target/screenshots/\LegislationSearchTest\2018_04_24_02_05_PM\screenshot.png
 
***** STARTING TEST STEP: TEST034_SEARCH_BY_KEYWORD_LC_2524 *****
 
]]></system-out>
  </testcase>
  <testcase name="Test035_CRS_Isuue_Area_For_Apostrophe_LC_2514" classname="com.qait.politico.LegCompass.tests.LegislationSearchTest" time="1.073">
    <failure message="FAILED: Element input-crsIssueArea not found on the LegislationSearch !!!" type="java.lang.AssertionError">java.lang.AssertionError: FAILED: Element input-crsIssueArea not found on the LegislationSearch !!!
	at org.testng.Assert.fail(Assert.java:94)
	at com.qait.automation.getpageobjects.GetPage.element(GetPage.java:105)
	at com.qait.automation.getpageobjects.GetPage.element(GetPage.java:80)
	at com.qait.LegCompass.keywords.LegislationSearchPage.enterCRSIssue(LegislationSearchPage.java:230)
	at com.qait.politico.LegCompass.tests.LegislationSearchTest.Test035_CRS_Isuue_Area_For_Apostrophe_LC_2514(LegislationSearchTest.java:448)
</failure>
    <system-out><![CDATA[ [INFO] Saving screenshot to D:\POLITICO\2017_automationscripts\./target/screenshots/\LegislationSearchTest\2018_04_24_02_05_PM\screenshot.png
 
***** STARTING TEST STEP: TEST035_CRS_ISUUE_AREA_FOR_APOSTROPHE_LC_2514 *****
 
]]></system-out>
  </testcase>
  <testcase name="Test036_LC_2549" classname="com.qait.politico.LegCompass.tests.LegislationSearchTest" time="1.053">
    <failure message="FAILED: Element checkbox-checkAllBills not found on the LegislationSearch !!!" type="java.lang.AssertionError">java.lang.AssertionError: FAILED: Element checkbox-checkAllBills not found on the LegislationSearch !!!
	at org.testng.Assert.fail(Assert.java:94)
	at com.qait.automation.getpageobjects.GetPage.element(GetPage.java:105)
	at com.qait.automation.getpageobjects.GetPage.element(GetPage.java:80)
	at com.qait.LegCompass.keywords.LegislationSearchPage.selectAllBills(LegislationSearchPage.java:1364)
	at com.qait.politico.LegCompass.tests.LegislationSearchTest.Test036_LC_2549(LegislationSearchTest.java:456)
</failure>
    <system-out><![CDATA[ [INFO] Saving screenshot to D:\POLITICO\2017_automationscripts\./target/screenshots/\LegislationSearchTest\2018_04_24_02_05_PM\screenshot.png
 
***** STARTING TEST STEP: TEST036_LC_2549 *****
 
]]></system-out>
  </testcase>
  <testcase name="Test003_Verify_Overview_Tab_For_State_Bill" classname="com.qait.politico.LegCompass.tests.StateBillDetailTest" time="13.233">
    <failure message="FAILED: Element label-stateBill not found on the BillDetailPage !!!" type="java.lang.AssertionError">java.lang.AssertionError: FAILED: Element label-stateBill not found on the BillDetailPage !!!
	at org.testng.Assert.fail(Assert.java:94)
	at com.qait.automation.getpageobjects.GetPage.element(GetPage.java:105)
	at com.qait.automation.getpageobjects.GetPage.element(GetPage.java:80)
	at com.qait.automation.getpageobjects.GetPage.isElementDisplayed(GetPage.java:231)
	at com.qait.LegCompass.keywords.BillDetailPage.verifyBillDetailsFromStateBillDetailPage(BillDetailPage.java:135)
	at com.qait.LegCompass.keywords.BillDetailPage.verifyStateBillOpened(BillDetailPage.java:908)
	at com.qait.politico.LegCompass.tests.StateBillDetailTest.Test003_Verify_Overview_Tab_For_State_Bill(StateBillDetailTest.java:35)
</failure>
    <system-out><![CDATA[ [INFO] Saving screenshot to D:\POLITICO\2017_automationscripts\./target/screenshots/\LegislationSearchTest\2018_04_24_02_05_PM\screenshot.png
YAML DATA chrome	web	hybrid
  [info] Legilation filter State selected
#########
https://west.ops.politico.com/pro-marketing.html

***** STARTING TEST: YOURPREFERENCEPAGETEST *****

Launching browser /chrome/ against starting URL: https://west.ops.politico.com/pro-marketing.html
 
***** STARTING TEST STEP: TEST001_LOGIN *****
 
[PASSED] element lnk-first-fresh-bill is displayed
First unused bill on the Legislation Compass page clicked
Windows size before: 2
  [info] After switching windows, new window title: subscriber-stage.politicopro.com
]]></system-out>
    <system-err><![CDATA[Apr 24, 2018 2:05:58 PM org.openqa.selenium.remote.ProtocolHandshake createSession
INFO: Detected dialect: OSS
]]></system-err>
  </testcase>
  <testcase name="Test001_Login" classname="com.qait.politico.LegCompass.tests.YourPreferencePageTest" time="43.441"/>
  <testcase name="Test004_Verify_News_Count_For_States_Bill" classname="com.qait.politico.LegCompass.tests.StateBillDetailTest" time="11.557"/>
  <testcase name="Test002_Launch_LegislativeCompass" classname="com.qait.politico.LegCompass.tests.YourPreferencePageTest" time="4.277"/>
  <testcase name="Test003_Track_Functionality_For_Federal_Bill" classname="com.qait.politico.LegCompass.tests.YourPreferencePageTest" time="23.231">
    <failure message="FAILED: Element radio-howOften not found on the BillDetailPage !!!" type="java.lang.AssertionError">java.lang.AssertionError: FAILED: Element radio-howOften not found on the BillDetailPage !!!
	at org.testng.Assert.fail(Assert.java:94)
	at com.qait.automation.getpageobjects.GetPage.element(GetPage.java:105)
	at com.qait.LegCompass.keywords.BillDetailPage.selectFrequencyForEmail(BillDetailPage.java:237)
	at com.qait.politico.LegCompass.tests.YourPreferencePageTest.Test003_Track_Functionality_For_Federal_Bill(YourPreferencePageTest.java:36)
</failure>
    <system-out><![CDATA[ 
***** STARTING TEST STEP: TEST003_TRACK_FUNCTIONALITY_FOR_FEDERAL_BILL *****
 
  [info] Filters cleared
Windows size before: 1
  [info] After switching windows, new window title: Bill Search - POLITICO Pro
[PASSED] element lnk-first-fresh-bill is displayed
First unused bill on the Legislation Compass page clicked
Windows size before: 2
  [info] Legilation filter State selected
Windows size later: 2
  [info] After switching windows, new window title: Bill Overview - POLITICO Pro
[PASSED] element label-federalBill is displayed.
[PASSED] element txt-billNum is displayed.
[PASSED] element txt-billNameDetailPage is displayed.
First bill on the Legislation Compass page clicked
Windows size before: 2
[PASSED] element txt-proTitle is not displayed
[PASSED] element lnk-sponsor is displayed.
  [info] Details of the Federal bill including sponsor verified
  [info] Bill Detail Page opened successfully
Track update clicked
Track with email alerts clicked
  [info] After switching windows, new window title: Bill Overview - POLITICO Pro
[PASSED] element label-stateBill is displayed.
OKLAHOMA - 2017-2018 Regular Session
]]></system-out>
  </testcase>
  <testcase name="Test005_Verify_Bill_Text_Tab_For_State_Bill" classname="com.qait.politico.LegCompass.tests.StateBillDetailTest" time="40.198">
    <failure message="expected [true] but found [false]" type="java.lang.AssertionError">java.lang.AssertionError: expected [true] but found [false]
	at org.testng.Assert.fail(Assert.java:94)
	at org.testng.Assert.failNotEquals(Assert.java:494)
	at org.testng.Assert.assertTrue(Assert.java:42)
	at org.testng.Assert.assertTrue(Assert.java:52)
	at com.qait.LegCompass.keywords.BillDetailPage.verifyAnyFileIsDownloadedWithExtension(BillDetailPage.java:562)
	at com.qait.politico.LegCompass.tests.StateBillDetailTest.Test005_Verify_Bill_Text_Tab_For_State_Bill(StateBillDetailTest.java:81)
</failure>
    <system-out><![CDATA[[PASSED] element txt-billNum is displayed.
[PASSED] element txt-billNameDetailPage is displayed.
 [INFO] Saving screenshot to D:\POLITICO\2017_automationscripts\./target/screenshots/\YourPreferencePageTest\2018_04_24_02_07_PM\screenshot.png
 
***** STARTING TEST STEP: TEST004_VERIFY_TRACKED_LEGISLATION *****
 
[PASSED] element txt-proTitle is not displayed
  [info] Window closed
Windows size before: 1
[PASSED] element lnk-stateSponsor is displayed.
[PASSED] element track_button_billPage is displayed.
Track button verified
[PASSED] element btn-bill-header with text 'Add to folder' is displayed.
Add to folder button verified
[PASSED] element btn-bill-header with text 'Create a Note' is displayed.
Create a Note button verified
  [info] Details of the State bill including sponsor verified
  [info] State bill opened verified
  [info] After switching windows, new window title: Bill Search - POLITICO Pro
  [info] Window closed and switched to the previous window
  [info] Bill Text tab on right rail clicked
mpos=left_rail
mid=lc_rail_state
lindex=2
lcol=1
Windows size before: 2
  [info] After switching windows, new window title: Bill Text - POLITICO Pro
[PASSED] element label-stateBill is displayed.
OKLAHOMA - 2017-2018 Regular Session
[PASSED] element txt-billNum is displayed.
[PASSED] element txt-billNameDetailPage is displayed.
[PASSED] element txt-proTitle is not displayed
[PASSED] element lnk-stateSponsor is displayed.
[PASSED] element track_button_billPage is displayed.
Track button verified
[PASSED] element btn-bill-header with text 'Add to folder' is displayed.
Add to folder button verified
[PASSED] element btn-bill-header with text 'Create a Note' is displayed.
Create a Note button verified
  [info] Details of the State bill including sponsor verified
  [info] State bill opened verified
[PASSED] element section-CreateNote is displayed.
  [info] Create A Note section present
[PASSED] element heading-mainBillPage with text 'Bill text for ' is displayed.
[PASSED] element div-descriptionbillTextPage is displayed.
  [info] Content on Bill Text page verified
[PASSED] element label-stateBill is displayed.
OKLAHOMA - 2017-2018 Regular Session
[PASSED] element txt-billNum is displayed.
[PASSED] element txt-billNameDetailPage is displayed.
[PASSED] element txt-proTitle is not displayed
  [info] Your Preferences clicked
[PASSED] element lnk-stateSponsor is displayed.
[PASSED] element track_button_billPage is displayed.
Track button verified
[PASSED] element btn-bill-header with text 'Add to folder' is displayed.
Add to folder button verified
[PASSED] element btn-bill-header with text 'Create a Note' is displayed.
Create a Note button verified
  [info] Details of the State bill including sponsor verified
[PASSED] element track_button_billPage is displayed.
Track button verified
[PASSED] element btn-bill-header with text 'Add to folder' is displayed.
Add to folder button verified
[PASSED] element btn-bill-header with text 'Create a Note' is displayed.
Create a Note button verified
  [info] Current Bill Text tab verified
[PASSED] Page title verified
[PASSED] element header-jumpTo is displayed.
  [info] Jump to header verified
  [info] Scrolled to top
]]></system-out>
  </testcase>
  <testcase name="Test006_Verify_Actions_Tab_For_State_Bill" classname="com.qait.politico.LegCompass.tests.StateBillDetailTest" time="17.492">
    <failure message="FAILED: Element label-stateBill not found on the BillDetailPage !!!" type="java.lang.AssertionError">java.lang.AssertionError: FAILED: Element label-stateBill not found on the BillDetailPage !!!
	at org.testng.Assert.fail(Assert.java:94)
	at com.qait.automation.getpageobjects.GetPage.element(GetPage.java:105)
	at com.qait.automation.getpageobjects.GetPage.element(GetPage.java:80)
	at com.qait.automation.getpageobjects.GetPage.isElementDisplayed(GetPage.java:231)
	at com.qait.LegCompass.keywords.BillDetailPage.verifyBillDetailsFromStateBillDetailPage(BillDetailPage.java:135)
	at com.qait.LegCompass.keywords.BillDetailPage.verifyStateBillOpened(BillDetailPage.java:908)
	at com.qait.politico.LegCompass.tests.StateBillDetailTest.Test006_Verify_Actions_Tab_For_State_Bill(StateBillDetailTest.java:89)
</failure>
    <system-out><![CDATA[ [INFO] Saving screenshot to D:\POLITICO\2017_automationscripts\./target/screenshots/\StateBillDetailTest\2018_04_24_02_08_PM\screenshot.png
 
***** STARTING TEST STEP: TEST006_VERIFY_ACTIONS_TAB_FOR_STATE_BILL *****
 
  [info] Distinct jurisdiction selected
  [info] Window closed
Windows size before: 1
  [info] All data for Federal verified
  [info] After switching windows, new window title: Bill Search - POLITICO Pro
  [info] Window closed and switched to the previous window
[PASSED] element colHead-notesLegislature is displayed.
[PASSED] element colHead-trackedLegislation with text 'Legislation' is displayed.
[PASSED] element colHead-trackedLegislation with text 'Sponsor' is displayed.
[PASSED] element colHead-trackedLegislation with text 'Latest Action' is displayed.
[PASSED] element colHead-trackedLegislation with text 'Alerts' is displayed.
  [info] Tracked Legislation table headers verified
First bill on the Legislation Compass page clicked
Windows size before: 2
Windows size before: 2
  [info] After switching windows, new window title: subscriber-stage.politicopro.com
]]></system-out>
  </testcase>
  <testcase name="Test004_Verify_Tracked_Legislation" classname="com.qait.politico.LegCompass.tests.YourPreferencePageTest" time="7.125"/>
  <testcase name="Test007_Verify_News_Tab_For_State_Bill" classname="com.qait.politico.LegCompass.tests.StateBillDetailTest" time="12.384"/>
  <testcase name="Test005_Verify_Alerts_Tracked_Legislation" classname="com.qait.politico.LegCompass.tests.YourPreferencePageTest" time="21.386"/>
  <testcase name="Test006_Verify_Sorting_Columns" classname="com.qait.politico.LegCompass.tests.YourPreferencePageTest" time="7.849"/>
  <testcase name="Test007_Verify_Bill_Removed" classname="com.qait.politico.LegCompass.tests.YourPreferencePageTest" time="13.306"/>
  <testcase name="Test008_See_Bills" classname="com.qait.politico.LegCompass.tests.YourPreferencePageTest" time="6.409">
    <failure message="expected [true] but found [false]" type="java.lang.AssertionError">java.lang.AssertionError: expected [true] but found [false]
	at org.testng.Assert.fail(Assert.java:94)
	at org.testng.Assert.failNotEquals(Assert.java:494)
	at org.testng.Assert.assertTrue(Assert.java:42)
	at org.testng.Assert.assertTrue(Assert.java:52)
	at com.qait.LegCompass.keywords.YourPreferencePage.seeAllBills(YourPreferencePage.java:240)
	at com.qait.politico.LegCompass.tests.YourPreferencePageTest.Test008_See_Bills(YourPreferencePageTest.java:113)
</failure>
    <system-out><![CDATA[ 
***** STARTING TEST STEP: TEST008_SEE_BILLS *****
 
[PASSED] element lnk-showAllBills is displayed
9
]]></system-out>
  </testcase>
  <testcase name="Test008_Verify_Compare_Bill_Version_For_State_Bill" classname="com.qait.politico.LegCompass.tests.StateBillDetailTest" time="8.777">
    <failure message="FAILED: Element tab-rightRail not found on the BillDetailPage !!!" type="java.lang.AssertionError">java.lang.AssertionError: FAILED: Element tab-rightRail not found on the BillDetailPage !!!
	at org.testng.Assert.fail(Assert.java:94)
	at com.qait.automation.getpageobjects.GetPage.element(GetPage.java:105)
	at com.qait.LegCompass.keywords.BillDetailPage.clickTabOnRightRail(BillDetailPage.java:418)
	at com.qait.politico.LegCompass.tests.StateBillDetailTest.Test008_Verify_Compare_Bill_Version_For_State_Bill(StateBillDetailTest.java:140)
</failure>
    <system-out><![CDATA[ [INFO] Saving screenshot to D:\POLITICO\2017_automationscripts\./target/screenshots/\YourPreferencePageTest\2018_04_24_02_09_PM\screenshot.png
 
***** STARTING TEST STEP: TEST009_VERIFY_NOTES *****
 
  [info] Scrolled to top
  [info] After switching windows, new window title: subscriber-stage.politicopro.com
  [info] Link Notes clicked
[PASSED] element txt-billTxtCount is not displayed
  [info] Preference for Notes selected
[PASSED] element colHead-legislatureNotes is displayed.
[PASSED] element colHead-notes with text 'Legislation' is displayed.
[PASSED] element colHead-notes with text '# of notes' is displayed.
[PASSED] element colHead-notes with text 'Most recent note' is displayed.
[PASSED] element colHead-emptyForNotes is displayed.
  [info] Notes table headers verified
  [info] Tracked Legislation table data verified
Total records in table ::2
  [info] Window closed
Windows size before: 1
[PASSED] element colHead-DateCreated with text '1' is displayed.
[PASSED] element colHead-showNotes with text '1' and 'Posted by' is displayed.
[PASSED] element colHead-showNotes with text '1' and 'Privacy' is displayed.
[PASSED] element colHead-showNotes with text '1' and 'Note' is displayed.
Shared
shared
value of i:: 0
Number of rows::1
@@@@
0
Motion to reconsider laid on the table Agreed to w...
[PASSED] element btn-viewNote with text '1' and 'shared' is displayed.
0
[PASSED] element colHead-DateCreated with text '2' is displayed.
[PASSED] element colHead-showNotes with text '2' and 'Posted by' is displayed.
[PASSED] element colHead-showNotes with text '2' and 'Privacy' is displayed.
[PASSED] element colHead-showNotes with text '2' and 'Note' is displayed.
Shared
shared
value of i:: 1
Number of rows::  [info] After switching windows, new window title: Bill Search - POLITICO Pro
  [info] Window closed and switched to the previous window
Could not find appropriate Bill in the Search Page
0
]]></system-out>
  </testcase>
  <testcase name="Test009_Verify_Notes" classname="com.qait.politico.LegCompass.tests.YourPreferencePageTest" time="0.414"/>
  <testcase name="Test009_Verify_Track_Functionality_For_State_Bill" classname="com.qait.politico.LegCompass.tests.StateBillDetailTest" time="3.915">
    <failure message="no such session&#10;  (Driver info: chromedriver=2.36.540470 (e522d04694c7ebea4ba8821272dbef4f9b818c91),platform=Windows NT 6.3.9600 x86_64) (WARNING: The server did not provide any stacktrace information)&#10;Command duration or timeout: 0 milliseconds&#10;Build info: version: &apos;3.10.0&apos;, revision: &apos;176b4a9&apos;, time: &apos;2018-03-02T19:03:16.397Z&apos;&#10;System info: host: &apos;DLLA1439&apos;, ip: &apos;10.90.0.147&apos;, os.name: &apos;Windows 8.1&apos;, os.arch: &apos;amd64&apos;, os.version: &apos;6.3&apos;, java.version: &apos;1.8.0_161&apos;&#10;Driver info: org.openqa.selenium.chrome.ChromeDriver&#10;Capabilities {acceptInsecureCerts: false, acceptSslCerts: false, applicationCacheEnabled: false, browserConnectionEnabled: false, browserName: chrome, chrome: {chromedriverVersion: 2.36.540470 (e522d04694c7eb..., userDataDir: C:\Users\SHWETA~1\AppData\L...}, cssSelectorsEnabled: true, databaseEnabled: false, handlesAlerts: true, hasTouchScreen: false, javascriptEnabled: true, locationContextEnabled: true, mobileEmulationEnabled: false, nativeEvents: true, networkConnectionEnabled: false, pageLoadStrategy: normal, platform: XP, platformName: XP, rotatable: false, setWindowRect: true, takesHeapSnapshot: true, takesScreenshot: true, unexpectedAlertBehaviour: , unhandledPromptBehavior: , version: 66.0.3359.117, webStorageEnabled: true}&#10;Session ID: 53d91a1cbbe55f6e46758efebcbcfe9b" type="org.openqa.selenium.NoSuchSessionException">org.openqa.selenium.NoSuchSessionException: no such session
  (Driver info: chromedriver=2.36.540470 (e522d04694c7ebea4ba8821272dbef4f9b818c91),platform=Windows NT 6.3.9600 x86_64) (WARNING: The server did not provide any stacktrace information)
Command duration or timeout: 0 milliseconds
Build info: version: '3.10.0', revision: '176b4a9', time: '2018-03-02T19:03:16.397Z'
System info: host: 'DLLA1439', ip: '10.90.0.147', os.name: 'Windows 8.1', os.arch: 'amd64', os.version: '6.3', java.version: '1.8.0_161'
Driver info: org.openqa.selenium.chrome.ChromeDriver
Capabilities {acceptInsecureCerts: false, acceptSslCerts: false, applicationCacheEnabled: false, browserConnectionEnabled: false, browserName: chrome, chrome: {chromedriverVersion: 2.36.540470 (e522d04694c7eb..., userDataDir: C:\Users\SHWETA~1\AppData\L...}, cssSelectorsEnabled: true, databaseEnabled: false, handlesAlerts: true, hasTouchScreen: false, javascriptEnabled: true, locationContextEnabled: true, mobileEmulationEnabled: false, nativeEvents: true, networkConnectionEnabled: false, pageLoadStrategy: normal, platform: XP, platformName: XP, rotatable: false, setWindowRect: true, takesHeapSnapshot: true, takesScreenshot: true, unexpectedAlertBehaviour: , unhandledPromptBehavior: , version: 66.0.3359.117, webStorageEnabled: true}
Session ID: 53d91a1cbbe55f6e46758efebcbcfe9b
	at sun.reflect.GeneratedConstructorAccessor15.newInstance(Unknown Source)
	at sun.reflect.DelegatingConstructorAccessorImpl.newInstance(DelegatingConstructorAccessorImpl.java:45)
	at java.lang.reflect.Constructor.newInstance(Constructor.java:423)
	at org.openqa.selenium.remote.ErrorHandler.createThrowable(ErrorHandler.java:214)
	at org.openqa.selenium.remote.ErrorHandler.throwIfResponseFailed(ErrorHandler.java:166)
	at org.openqa.selenium.remote.http.JsonHttpResponseCodec.reconstructValue(JsonHttpResponseCodec.java:40)
	at org.openqa.selenium.remote.http.AbstractHttpResponseCodec.decode(AbstractHttpResponseCodec.java:80)
	at org.openqa.selenium.remote.http.AbstractHttpResponseCodec.decode(AbstractHttpResponseCodec.java:44)
	at org.openqa.selenium.remote.HttpCommandExecutor.execute(HttpCommandExecutor.java:160)
	at org.openqa.selenium.remote.service.DriverCommandExecutor.execute(DriverCommandExecutor.java:83)
	at org.openqa.selenium.remote.RemoteWebDriver.execute(RemoteWebDriver.java:601)
	at org.openqa.selenium.remote.RemoteWebDriver.execute(RemoteWebDriver.java:658)
	at org.openqa.selenium.remote.RemoteWebDriver.getWindowHandles(RemoteWebDriver.java:506)
	at com.qait.automation.getpageobjects.BaseUi.changeWindow(BaseUi.java:583)
	at com.qait.LegCompass.keywords.BillDetailPage.closeAndSwitchToPreviousWindow(BillDetailPage.java:545)
	at com.qait.politico.LegCompass.tests.StateBillDetailTest.Test009_Verify_Track_Functionality_For_State_Bill(StateBillDetailTest.java:150)
</failure>
    <system-out><![CDATA[ 
***** STARTING TEST STEP: TEST010_VERIFYVIEWNOTE *****
 
  [info] Preference for Notes selected
  [info] Window closed
]]></system-out>
  </testcase>
  <testcase name="Test010_Verify_Add_To_Folder_Functionality_For_State_Bill" classname="com.qait.politico.LegCompass.tests.StateBillDetailTest" time="0.007">
    <failure message="no such session&#10;  (Driver info: chromedriver=2.36.540470 (e522d04694c7ebea4ba8821272dbef4f9b818c91),platform=Windows NT 6.3.9600 x86_64) (WARNING: The server did not provide any stacktrace information)&#10;Command duration or timeout: 0 milliseconds&#10;Build info: version: &apos;3.10.0&apos;, revision: &apos;176b4a9&apos;, time: &apos;2018-03-02T19:03:16.397Z&apos;&#10;System info: host: &apos;DLLA1439&apos;, ip: &apos;10.90.0.147&apos;, os.name: &apos;Windows 8.1&apos;, os.arch: &apos;amd64&apos;, os.version: &apos;6.3&apos;, java.version: &apos;1.8.0_161&apos;&#10;Driver info: org.openqa.selenium.chrome.ChromeDriver&#10;Capabilities {acceptInsecureCerts: false, acceptSslCerts: false, applicationCacheEnabled: false, browserConnectionEnabled: false, browserName: chrome, chrome: {chromedriverVersion: 2.36.540470 (e522d04694c7eb..., userDataDir: C:\Users\SHWETA~1\AppData\L...}, cssSelectorsEnabled: true, databaseEnabled: false, handlesAlerts: true, hasTouchScreen: false, javascriptEnabled: true, locationContextEnabled: true, mobileEmulationEnabled: false, nativeEvents: true, networkConnectionEnabled: false, pageLoadStrategy: normal, platform: XP, platformName: XP, rotatable: false, setWindowRect: true, takesHeapSnapshot: true, takesScreenshot: true, unexpectedAlertBehaviour: , unhandledPromptBehavior: , version: 66.0.3359.117, webStorageEnabled: true}&#10;Session ID: 53d91a1cbbe55f6e46758efebcbcfe9b" type="org.openqa.selenium.NoSuchSessionException">org.openqa.selenium.NoSuchSessionException: no such session
  (Driver info: chromedriver=2.36.540470 (e522d04694c7ebea4ba8821272dbef4f9b818c91),platform=Windows NT 6.3.9600 x86_64) (WARNING: The server did not provide any stacktrace information)
Command duration or timeout: 0 milliseconds
Build info: version: '3.10.0', revision: '176b4a9', time: '2018-03-02T19:03:16.397Z'
System info: host: 'DLLA1439', ip: '10.90.0.147', os.name: 'Windows 8.1', os.arch: 'amd64', os.version: '6.3', java.version: '1.8.0_161'
Driver info: org.openqa.selenium.chrome.ChromeDriver
Capabilities {acceptInsecureCerts: false, acceptSslCerts: false, applicationCacheEnabled: false, browserConnectionEnabled: false, browserName: chrome, chrome: {chromedriverVersion: 2.36.540470 (e522d04694c7eb..., userDataDir: C:\Users\SHWETA~1\AppData\L...}, cssSelectorsEnabled: true, databaseEnabled: false, handlesAlerts: true, hasTouchScreen: false, javascriptEnabled: true, locationContextEnabled: true, mobileEmulationEnabled: false, nativeEvents: true, networkConnectionEnabled: false, pageLoadStrategy: normal, platform: XP, platformName: XP, rotatable: false, setWindowRect: true, takesHeapSnapshot: true, takesScreenshot: true, unexpectedAlertBehaviour: , unhandledPromptBehavior: , version: 66.0.3359.117, webStorageEnabled: true}
Session ID: 53d91a1cbbe55f6e46758efebcbcfe9b
	at sun.reflect.GeneratedConstructorAccessor15.newInstance(Unknown Source)
	at sun.reflect.DelegatingConstructorAccessorImpl.newInstance(DelegatingConstructorAccessorImpl.java:45)
	at java.lang.reflect.Constructor.newInstance(Constructor.java:423)
	at org.openqa.selenium.remote.ErrorHandler.createThrowable(ErrorHandler.java:214)
	at org.openqa.selenium.remote.ErrorHandler.throwIfResponseFailed(ErrorHandler.java:166)
	at org.openqa.selenium.remote.http.JsonHttpResponseCodec.reconstructValue(JsonHttpResponseCodec.java:40)
	at org.openqa.selenium.remote.http.AbstractHttpResponseCodec.decode(AbstractHttpResponseCodec.java:80)
	at org.openqa.selenium.remote.http.AbstractHttpResponseCodec.decode(AbstractHttpResponseCodec.java:44)
	at org.openqa.selenium.remote.HttpCommandExecutor.execute(HttpCommandExecutor.java:160)
	at org.openqa.selenium.remote.service.DriverCommandExecutor.execute(DriverCommandExecutor.java:83)
	at org.openqa.selenium.remote.RemoteWebDriver.execute(RemoteWebDriver.java:601)
	at org.openqa.selenium.remote.RemoteWebDriver.execute(RemoteWebDriver.java:658)
	at org.openqa.selenium.remote.RemoteWebDriver.close(RemoteWebDriver.java:487)
	at com.qait.automation.getpageobjects.BaseUi.closeWindow(BaseUi.java:278)
	at com.qait.LegCompass.keywords.BillDetailPage.closeAndSwitchToPreviousWindow(BillDetailPage.java:544)
	at com.qait.politico.LegCompass.tests.StateBillDetailTest.Test010_Verify_Add_To_Folder_Functionality_For_State_Bill(StateBillDetailTest.java:169)
</failure>
    <system-out><![CDATA[Driver is null while taking screen shot
 
***** STARTING TEST STEP: TEST010_VERIFY_ADD_TO_FOLDER_FUNCTIONALITY_FOR_STATE_BILL *****
 
]]></system-out>
  </testcase>
  <testcase name="Test011_Verify_Create_A_Note_Functionality" classname="com.qait.politico.LegCompass.tests.StateBillDetailTest" time="0.005">
    <failure message="no such session&#10;  (Driver info: chromedriver=2.36.540470 (e522d04694c7ebea4ba8821272dbef4f9b818c91),platform=Windows NT 6.3.9600 x86_64) (WARNING: The server did not provide any stacktrace information)&#10;Command duration or timeout: 0 milliseconds&#10;Build info: version: &apos;3.10.0&apos;, revision: &apos;176b4a9&apos;, time: &apos;2018-03-02T19:03:16.397Z&apos;&#10;System info: host: &apos;DLLA1439&apos;, ip: &apos;10.90.0.147&apos;, os.name: &apos;Windows 8.1&apos;, os.arch: &apos;amd64&apos;, os.version: &apos;6.3&apos;, java.version: &apos;1.8.0_161&apos;&#10;Driver info: org.openqa.selenium.chrome.ChromeDriver&#10;Capabilities {acceptInsecureCerts: false, acceptSslCerts: false, applicationCacheEnabled: false, browserConnectionEnabled: false, browserName: chrome, chrome: {chromedriverVersion: 2.36.540470 (e522d04694c7eb..., userDataDir: C:\Users\SHWETA~1\AppData\L...}, cssSelectorsEnabled: true, databaseEnabled: false, handlesAlerts: true, hasTouchScreen: false, javascriptEnabled: true, locationContextEnabled: true, mobileEmulationEnabled: false, nativeEvents: true, networkConnectionEnabled: false, pageLoadStrategy: normal, platform: XP, platformName: XP, rotatable: false, setWindowRect: true, takesHeapSnapshot: true, takesScreenshot: true, unexpectedAlertBehaviour: , unhandledPromptBehavior: , version: 66.0.3359.117, webStorageEnabled: true}&#10;Session ID: 53d91a1cbbe55f6e46758efebcbcfe9b" type="org.openqa.selenium.NoSuchSessionException">org.openqa.selenium.NoSuchSessionException: no such session
  (Driver info: chromedriver=2.36.540470 (e522d04694c7ebea4ba8821272dbef4f9b818c91),platform=Windows NT 6.3.9600 x86_64) (WARNING: The server did not provide any stacktrace information)
Command duration or timeout: 0 milliseconds
Build info: version: '3.10.0', revision: '176b4a9', time: '2018-03-02T19:03:16.397Z'
System info: host: 'DLLA1439', ip: '10.90.0.147', os.name: 'Windows 8.1', os.arch: 'amd64', os.version: '6.3', java.version: '1.8.0_161'
Driver info: org.openqa.selenium.chrome.ChromeDriver
Capabilities {acceptInsecureCerts: false, acceptSslCerts: false, applicationCacheEnabled: false, browserConnectionEnabled: false, browserName: chrome, chrome: {chromedriverVersion: 2.36.540470 (e522d04694c7eb..., userDataDir: C:\Users\SHWETA~1\AppData\L...}, cssSelectorsEnabled: true, databaseEnabled: false, handlesAlerts: true, hasTouchScreen: false, javascriptEnabled: true, locationContextEnabled: true, mobileEmulationEnabled: false, nativeEvents: true, networkConnectionEnabled: false, pageLoadStrategy: normal, platform: XP, platformName: XP, rotatable: false, setWindowRect: true, takesHeapSnapshot: true, takesScreenshot: true, unexpectedAlertBehaviour: , unhandledPromptBehavior: , version: 66.0.3359.117, webStorageEnabled: true}
Session ID: 53d91a1cbbe55f6e46758efebcbcfe9b
	at sun.reflect.GeneratedConstructorAccessor15.newInstance(Unknown Source)
	at sun.reflect.DelegatingConstructorAccessorImpl.newInstance(DelegatingConstructorAccessorImpl.java:45)
	at java.lang.reflect.Constructor.newInstance(Constructor.java:423)
	at org.openqa.selenium.remote.ErrorHandler.createThrowable(ErrorHandler.java:214)
	at org.openqa.selenium.remote.ErrorHandler.throwIfResponseFailed(ErrorHandler.java:166)
	at org.openqa.selenium.remote.http.JsonHttpResponseCodec.reconstructValue(JsonHttpResponseCodec.java:40)
	at org.openqa.selenium.remote.http.AbstractHttpResponseCodec.decode(AbstractHttpResponseCodec.java:80)
	at org.openqa.selenium.remote.http.AbstractHttpResponseCodec.decode(AbstractHttpResponseCodec.java:44)
	at org.openqa.selenium.remote.HttpCommandExecutor.execute(HttpCommandExecutor.java:160)
	at org.openqa.selenium.remote.service.DriverCommandExecutor.execute(DriverCommandExecutor.java:83)
	at org.openqa.selenium.remote.RemoteWebDriver.execute(RemoteWebDriver.java:601)
	at org.openqa.selenium.remote.RemoteWebDriver.execute(RemoteWebDriver.java:658)
	at org.openqa.selenium.remote.RemoteWebDriver.close(RemoteWebDriver.java:487)
	at com.qait.automation.getpageobjects.BaseUi.closeWindow(BaseUi.java:278)
	at com.qait.LegCompass.keywords.BillDetailPage.closeAndSwitchToPreviousWindow(BillDetailPage.java:544)
	at com.qait.politico.LegCompass.tests.StateBillDetailTest.Test011_Verify_Create_A_Note_Functionality(StateBillDetailTest.java:198)
</failure>
    <system-out><![CDATA[Driver is null while taking screen shot
 
***** STARTING TEST STEP: TEST011_VERIFY_CREATE_A_NOTE_FUNCTIONALITY *****
 
]]></system-out>
  </testcase>
  <testcase name="Test012_Verify_Published_Note" classname="com.qait.politico.LegCompass.tests.StateBillDetailTest" time="5.009">
    <failure message="no such session&#10;  (Driver info: chromedriver=2.36.540470 (e522d04694c7ebea4ba8821272dbef4f9b818c91),platform=Windows NT 6.3.9600 x86_64) (WARNING: The server did not provide any stacktrace information)&#10;Command duration or timeout: 0 milliseconds&#10;Build info: version: &apos;3.10.0&apos;, revision: &apos;176b4a9&apos;, time: &apos;2018-03-02T19:03:16.397Z&apos;&#10;System info: host: &apos;DLLA1439&apos;, ip: &apos;10.90.0.147&apos;, os.name: &apos;Windows 8.1&apos;, os.arch: &apos;amd64&apos;, os.version: &apos;6.3&apos;, java.version: &apos;1.8.0_161&apos;&#10;Driver info: org.openqa.selenium.chrome.ChromeDriver&#10;Capabilities {acceptInsecureCerts: false, acceptSslCerts: false, applicationCacheEnabled: false, browserConnectionEnabled: false, browserName: chrome, chrome: {chromedriverVersion: 2.36.540470 (e522d04694c7eb..., userDataDir: C:\Users\SHWETA~1\AppData\L...}, cssSelectorsEnabled: true, databaseEnabled: false, handlesAlerts: true, hasTouchScreen: false, javascriptEnabled: true, locationContextEnabled: true, mobileEmulationEnabled: false, nativeEvents: true, networkConnectionEnabled: false, pageLoadStrategy: normal, platform: XP, platformName: XP, rotatable: false, setWindowRect: true, takesHeapSnapshot: true, takesScreenshot: true, unexpectedAlertBehaviour: , unhandledPromptBehavior: , version: 66.0.3359.117, webStorageEnabled: true}&#10;Session ID: 53d91a1cbbe55f6e46758efebcbcfe9b&#10;*** Element info: {Using=css selector, value=div.js-note:not(.dn)}" type="org.openqa.selenium.NoSuchSessionException">org.openqa.selenium.NoSuchSessionException: no such session
  (Driver info: chromedriver=2.36.540470 (e522d04694c7ebea4ba8821272dbef4f9b818c91),platform=Windows NT 6.3.9600 x86_64) (WARNING: The server did not provide any stacktrace information)
Command duration or timeout: 0 milliseconds
Build info: version: '3.10.0', revision: '176b4a9', time: '2018-03-02T19:03:16.397Z'
System info: host: 'DLLA1439', ip: '10.90.0.147', os.name: 'Windows 8.1', os.arch: 'amd64', os.version: '6.3', java.version: '1.8.0_161'
Driver info: org.openqa.selenium.chrome.ChromeDriver
Capabilities {acceptInsecureCerts: false, acceptSslCerts: false, applicationCacheEnabled: false, browserConnectionEnabled: false, browserName: chrome, chrome: {chromedriverVersion: 2.36.540470 (e522d04694c7eb..., userDataDir: C:\Users\SHWETA~1\AppData\L...}, cssSelectorsEnabled: true, databaseEnabled: false, handlesAlerts: true, hasTouchScreen: false, javascriptEnabled: true, locationContextEnabled: true, mobileEmulationEnabled: false, nativeEvents: true, networkConnectionEnabled: false, pageLoadStrategy: normal, platform: XP, platformName: XP, rotatable: false, setWindowRect: true, takesHeapSnapshot: true, takesScreenshot: true, unexpectedAlertBehaviour: , unhandledPromptBehavior: , version: 66.0.3359.117, webStorageEnabled: true}
Session ID: 53d91a1cbbe55f6e46758efebcbcfe9b
*** Element info: {Using=css selector, value=div.js-note:not(.dn)}
	at sun.reflect.GeneratedConstructorAccessor15.newInstance(Unknown Source)
	at sun.reflect.DelegatingConstructorAccessorImpl.newInstance(DelegatingConstructorAccessorImpl.java:45)
	at java.lang.reflect.Constructor.newInstance(Constructor.java:423)
	at org.openqa.selenium.remote.ErrorHandler.createThrowable(ErrorHandler.java:214)
	at org.openqa.selenium.remote.ErrorHandler.throwIfResponseFailed(ErrorHandler.java:166)
	at org.openqa.selenium.remote.http.JsonHttpResponseCodec.reconstructValue(JsonHttpResponseCodec.java:40)
	at org.openqa.selenium.remote.http.AbstractHttpResponseCodec.decode(AbstractHttpResponseCodec.java:80)
	at org.openqa.selenium.remote.http.AbstractHttpResponseCodec.decode(AbstractHttpResponseCodec.java:44)
	at org.openqa.selenium.remote.HttpCommandExecutor.execute(HttpCommandExecutor.java:160)
	at org.openqa.selenium.remote.service.DriverCommandExecutor.execute(DriverCommandExecutor.java:83)
	at org.openqa.selenium.remote.RemoteWebDriver.execute(RemoteWebDriver.java:601)
	at org.openqa.selenium.remote.RemoteWebDriver.findElements(RemoteWebDriver.java:398)
	at org.openqa.selenium.remote.RemoteWebDriver.findElementsByCssSelector(RemoteWebDriver.java:469)
	at org.openqa.selenium.By$ByCssSelector.findElements(By.java:441)
	at org.openqa.selenium.remote.RemoteWebDriver.findElements(RemoteWebDriver.java:359)
	at com.qait.automation.getpageobjects.GetPage.elements(GetPage.java:127)
	at com.qait.automation.getpageobjects.GetPage.elements(GetPage.java:135)
	at com.qait.LegCompass.keywords.BillDetailPage.verifyNoteOnBillPage(BillDetailPage.java:394)
	at com.qait.politico.LegCompass.tests.StateBillDetailTest.Test012_Verify_Published_Note(StateBillDetailTest.java:210)
</failure>
    <system-out><![CDATA[Driver is null while taking screen shot
 
***** STARTING TEST STEP: TEST012_VERIFY_PUBLISHED_NOTE *****
 
  [info] Scrolled to top
[PASSED] element view_note_button is displayed.
Windows size before: 2
Num of notes = 0
]]></system-out>
  </testcase>
  <testcase name="Test013_Verify_Compare_Bill_Version_For_States" classname="com.qait.politico.LegCompass.tests.StateBillDetailTest" time="0.005">
    <failure message="no such session&#10;  (Driver info: chromedriver=2.36.540470 (e522d04694c7ebea4ba8821272dbef4f9b818c91),platform=Windows NT 6.3.9600 x86_64) (WARNING: The server did not provide any stacktrace information)&#10;Command duration or timeout: 0 milliseconds&#10;Build info: version: &apos;3.10.0&apos;, revision: &apos;176b4a9&apos;, time: &apos;2018-03-02T19:03:16.397Z&apos;&#10;System info: host: &apos;DLLA1439&apos;, ip: &apos;10.90.0.147&apos;, os.name: &apos;Windows 8.1&apos;, os.arch: &apos;amd64&apos;, os.version: &apos;6.3&apos;, java.version: &apos;1.8.0_161&apos;&#10;Driver info: org.openqa.selenium.chrome.ChromeDriver&#10;Capabilities {acceptInsecureCerts: false, acceptSslCerts: false, applicationCacheEnabled: false, browserConnectionEnabled: false, browserName: chrome, chrome: {chromedriverVersion: 2.36.540470 (e522d04694c7eb..., userDataDir: C:\Users\SHWETA~1\AppData\L...}, cssSelectorsEnabled: true, databaseEnabled: false, handlesAlerts: true, hasTouchScreen: false, javascriptEnabled: true, locationContextEnabled: true, mobileEmulationEnabled: false, nativeEvents: true, networkConnectionEnabled: false, pageLoadStrategy: normal, platform: XP, platformName: XP, rotatable: false, setWindowRect: true, takesHeapSnapshot: true, takesScreenshot: true, unexpectedAlertBehaviour: , unhandledPromptBehavior: , version: 66.0.3359.117, webStorageEnabled: true}&#10;Session ID: 53d91a1cbbe55f6e46758efebcbcfe9b" type="org.openqa.selenium.NoSuchSessionException">org.openqa.selenium.NoSuchSessionException: no such session
  (Driver info: chromedriver=2.36.540470 (e522d04694c7ebea4ba8821272dbef4f9b818c91),platform=Windows NT 6.3.9600 x86_64) (WARNING: The server did not provide any stacktrace information)
Command duration or timeout: 0 milliseconds
Build info: version: '3.10.0', revision: '176b4a9', time: '2018-03-02T19:03:16.397Z'
System info: host: 'DLLA1439', ip: '10.90.0.147', os.name: 'Windows 8.1', os.arch: 'amd64', os.version: '6.3', java.version: '1.8.0_161'
Driver info: org.openqa.selenium.chrome.ChromeDriver
Capabilities {acceptInsecureCerts: false, acceptSslCerts: false, applicationCacheEnabled: false, browserConnectionEnabled: false, browserName: chrome, chrome: {chromedriverVersion: 2.36.540470 (e522d04694c7eb..., userDataDir: C:\Users\SHWETA~1\AppData\L...}, cssSelectorsEnabled: true, databaseEnabled: false, handlesAlerts: true, hasTouchScreen: false, javascriptEnabled: true, locationContextEnabled: true, mobileEmulationEnabled: false, nativeEvents: true, networkConnectionEnabled: false, pageLoadStrategy: normal, platform: XP, platformName: XP, rotatable: false, setWindowRect: true, takesHeapSnapshot: true, takesScreenshot: true, unexpectedAlertBehaviour: , unhandledPromptBehavior: , version: 66.0.3359.117, webStorageEnabled: true}
Session ID: 53d91a1cbbe55f6e46758efebcbcfe9b
	at sun.reflect.GeneratedConstructorAccessor15.newInstance(Unknown Source)
	at sun.reflect.DelegatingConstructorAccessorImpl.newInstance(DelegatingConstructorAccessorImpl.java:45)
	at java.lang.reflect.Constructor.newInstance(Constructor.java:423)
	at org.openqa.selenium.remote.ErrorHandler.createThrowable(ErrorHandler.java:214)
	at org.openqa.selenium.remote.ErrorHandler.throwIfResponseFailed(ErrorHandler.java:166)
	at org.openqa.selenium.remote.http.JsonHttpResponseCodec.reconstructValue(JsonHttpResponseCodec.java:40)
	at org.openqa.selenium.remote.http.AbstractHttpResponseCodec.decode(AbstractHttpResponseCodec.java:80)
	at org.openqa.selenium.remote.http.AbstractHttpResponseCodec.decode(AbstractHttpResponseCodec.java:44)
	at org.openqa.selenium.remote.HttpCommandExecutor.execute(HttpCommandExecutor.java:160)
	at org.openqa.selenium.remote.service.DriverCommandExecutor.execute(DriverCommandExecutor.java:83)
	at org.openqa.selenium.remote.RemoteWebDriver.execute(RemoteWebDriver.java:601)
	at org.openqa.selenium.remote.RemoteWebDriver.execute(RemoteWebDriver.java:658)
	at org.openqa.selenium.remote.RemoteWebDriver.close(RemoteWebDriver.java:487)
	at com.qait.automation.getpageobjects.BaseUi.closeWindow(BaseUi.java:278)
	at com.qait.LegCompass.keywords.BillDetailPage.closeAndSwitchToPreviousWindow(BillDetailPage.java:544)
	at com.qait.politico.LegCompass.tests.StateBillDetailTest.Test013_Verify_Compare_Bill_Version_For_States(StateBillDetailTest.java:228)
</failure>
    <system-out><![CDATA[Driver is null while taking screen shot
 
***** STARTING TEST STEP: TEST013_VERIFY_COMPARE_BILL_VERSION_FOR_STATES *****
 
]]></system-out>
  </testcase>
  <testcase name="Test014_Verify_Roll_Call_Votes_Tab_For_State_Bill" classname="com.qait.politico.LegCompass.tests.StateBillDetailTest" time="0">
    <failure message="no such session&#10;  (Driver info: chromedriver=2.36.540470 (e522d04694c7ebea4ba8821272dbef4f9b818c91),platform=Windows NT 6.3.9600 x86_64) (WARNING: The server did not provide any stacktrace information)&#10;Command duration or timeout: 0 milliseconds&#10;Build info: version: &apos;3.10.0&apos;, revision: &apos;176b4a9&apos;, time: &apos;2018-03-02T19:03:16.397Z&apos;&#10;System info: host: &apos;DLLA1439&apos;, ip: &apos;10.90.0.147&apos;, os.name: &apos;Windows 8.1&apos;, os.arch: &apos;amd64&apos;, os.version: &apos;6.3&apos;, java.version: &apos;1.8.0_161&apos;&#10;Driver info: org.openqa.selenium.chrome.ChromeDriver&#10;Capabilities {acceptInsecureCerts: false, acceptSslCerts: false, applicationCacheEnabled: false, browserConnectionEnabled: false, browserName: chrome, chrome: {chromedriverVersion: 2.36.540470 (e522d04694c7eb..., userDataDir: C:\Users\SHWETA~1\AppData\L...}, cssSelectorsEnabled: true, databaseEnabled: false, handlesAlerts: true, hasTouchScreen: false, javascriptEnabled: true, locationContextEnabled: true, mobileEmulationEnabled: false, nativeEvents: true, networkConnectionEnabled: false, pageLoadStrategy: normal, platform: XP, platformName: XP, rotatable: false, setWindowRect: true, takesHeapSnapshot: true, takesScreenshot: true, unexpectedAlertBehaviour: , unhandledPromptBehavior: , version: 66.0.3359.117, webStorageEnabled: true}&#10;Session ID: 53d91a1cbbe55f6e46758efebcbcfe9b" type="org.openqa.selenium.NoSuchSessionException">org.openqa.selenium.NoSuchSessionException: no such session
  (Driver info: chromedriver=2.36.540470 (e522d04694c7ebea4ba8821272dbef4f9b818c91),platform=Windows NT 6.3.9600 x86_64) (WARNING: The server did not provide any stacktrace information)
Command duration or timeout: 0 milliseconds
Build info: version: '3.10.0', revision: '176b4a9', time: '2018-03-02T19:03:16.397Z'
System info: host: 'DLLA1439', ip: '10.90.0.147', os.name: 'Windows 8.1', os.arch: 'amd64', os.version: '6.3', java.version: '1.8.0_161'
Driver info: org.openqa.selenium.chrome.ChromeDriver
Capabilities {acceptInsecureCerts: false, acceptSslCerts: false, applicationCacheEnabled: false, browserConnectionEnabled: false, browserName: chrome, chrome: {chromedriverVersion: 2.36.540470 (e522d04694c7eb..., userDataDir: C:\Users\SHWETA~1\AppData\L...}, cssSelectorsEnabled: true, databaseEnabled: false, handlesAlerts: true, hasTouchScreen: false, javascriptEnabled: true, locationContextEnabled: true, mobileEmulationEnabled: false, nativeEvents: true, networkConnectionEnabled: false, pageLoadStrategy: normal, platform: XP, platformName: XP, rotatable: false, setWindowRect: true, takesHeapSnapshot: true, takesScreenshot: true, unexpectedAlertBehaviour: , unhandledPromptBehavior: , version: 66.0.3359.117, webStorageEnabled: true}
Session ID: 53d91a1cbbe55f6e46758efebcbcfe9b
	at sun.reflect.GeneratedConstructorAccessor15.newInstance(Unknown Source)
	at sun.reflect.DelegatingConstructorAccessorImpl.newInstance(DelegatingConstructorAccessorImpl.java:45)
	at java.lang.reflect.Constructor.newInstance(Constructor.java:423)
	at org.openqa.selenium.remote.ErrorHandler.createThrowable(ErrorHandler.java:214)
	at org.openqa.selenium.remote.ErrorHandler.throwIfResponseFailed(ErrorHandler.java:166)
	at org.openqa.selenium.remote.http.JsonHttpResponseCodec.reconstructValue(JsonHttpResponseCodec.java:40)
	at org.openqa.selenium.remote.http.AbstractHttpResponseCodec.decode(AbstractHttpResponseCodec.java:80)
	at org.openqa.selenium.remote.http.AbstractHttpResponseCodec.decode(AbstractHttpResponseCodec.java:44)
	at org.openqa.selenium.remote.HttpCommandExecutor.execute(HttpCommandExecutor.java:160)
	at org.openqa.selenium.remote.service.DriverCommandExecutor.execute(DriverCommandExecutor.java:83)
	at org.openqa.selenium.remote.RemoteWebDriver.execute(RemoteWebDriver.java:601)
	at org.openqa.selenium.remote.RemoteWebDriver.execute(RemoteWebDriver.java:658)
	at org.openqa.selenium.remote.RemoteWebDriver.close(RemoteWebDriver.java:487)
	at com.qait.automation.getpageobjects.BaseUi.closeWindow(BaseUi.java:278)
	at com.qait.LegCompass.keywords.BillDetailPage.closeAndSwitchToPreviousWindow(BillDetailPage.java:544)
	at com.qait.politico.LegCompass.tests.StateBillDetailTest.Test014_Verify_Roll_Call_Votes_Tab_For_State_Bill(StateBillDetailTest.java:245)
</failure>
    <system-out><![CDATA[Driver is null while taking screen shot
 
***** STARTING TEST STEP: TEST014_VERIFY_ROLL_CALL_VOTES_TAB_FOR_STATE_BILL *****
 
]]></system-out>
  </testcase>
  <testcase name="Test015_Verify_Bill_Titles_On_related_Bill_Tab_State" classname="com.qait.politico.LegCompass.tests.StateBillDetailTest" time="0.001">
    <failure message="no such session&#10;  (Driver info: chromedriver=2.36.540470 (e522d04694c7ebea4ba8821272dbef4f9b818c91),platform=Windows NT 6.3.9600 x86_64) (WARNING: The server did not provide any stacktrace information)&#10;Command duration or timeout: 0 milliseconds&#10;Build info: version: &apos;3.10.0&apos;, revision: &apos;176b4a9&apos;, time: &apos;2018-03-02T19:03:16.397Z&apos;&#10;System info: host: &apos;DLLA1439&apos;, ip: &apos;10.90.0.147&apos;, os.name: &apos;Windows 8.1&apos;, os.arch: &apos;amd64&apos;, os.version: &apos;6.3&apos;, java.version: &apos;1.8.0_161&apos;&#10;Driver info: org.openqa.selenium.chrome.ChromeDriver&#10;Capabilities {acceptInsecureCerts: false, acceptSslCerts: false, applicationCacheEnabled: false, browserConnectionEnabled: false, browserName: chrome, chrome: {chromedriverVersion: 2.36.540470 (e522d04694c7eb..., userDataDir: C:\Users\SHWETA~1\AppData\L...}, cssSelectorsEnabled: true, databaseEnabled: false, handlesAlerts: true, hasTouchScreen: false, javascriptEnabled: true, locationContextEnabled: true, mobileEmulationEnabled: false, nativeEvents: true, networkConnectionEnabled: false, pageLoadStrategy: normal, platform: XP, platformName: XP, rotatable: false, setWindowRect: true, takesHeapSnapshot: true, takesScreenshot: true, unexpectedAlertBehaviour: , unhandledPromptBehavior: , version: 66.0.3359.117, webStorageEnabled: true}&#10;Session ID: 53d91a1cbbe55f6e46758efebcbcfe9b" type="org.openqa.selenium.NoSuchSessionException">org.openqa.selenium.NoSuchSessionException: no such session
  (Driver info: chromedriver=2.36.540470 (e522d04694c7ebea4ba8821272dbef4f9b818c91),platform=Windows NT 6.3.9600 x86_64) (WARNING: The server did not provide any stacktrace information)
Command duration or timeout: 0 milliseconds
Build info: version: '3.10.0', revision: '176b4a9', time: '2018-03-02T19:03:16.397Z'
System info: host: 'DLLA1439', ip: '10.90.0.147', os.name: 'Windows 8.1', os.arch: 'amd64', os.version: '6.3', java.version: '1.8.0_161'
Driver info: org.openqa.selenium.chrome.ChromeDriver
Capabilities {acceptInsecureCerts: false, acceptSslCerts: false, applicationCacheEnabled: false, browserConnectionEnabled: false, browserName: chrome, chrome: {chromedriverVersion: 2.36.540470 (e522d04694c7eb..., userDataDir: C:\Users\SHWETA~1\AppData\L...}, cssSelectorsEnabled: true, databaseEnabled: false, handlesAlerts: true, hasTouchScreen: false, javascriptEnabled: true, locationContextEnabled: true, mobileEmulationEnabled: false, nativeEvents: true, networkConnectionEnabled: false, pageLoadStrategy: normal, platform: XP, platformName: XP, rotatable: false, setWindowRect: true, takesHeapSnapshot: true, takesScreenshot: true, unexpectedAlertBehaviour: , unhandledPromptBehavior: , version: 66.0.3359.117, webStorageEnabled: true}
Session ID: 53d91a1cbbe55f6e46758efebcbcfe9b
	at sun.reflect.GeneratedConstructorAccessor15.newInstance(Unknown Source)
	at sun.reflect.DelegatingConstructorAccessorImpl.newInstance(DelegatingConstructorAccessorImpl.java:45)
	at java.lang.reflect.Constructor.newInstance(Constructor.java:423)
	at org.openqa.selenium.remote.ErrorHandler.createThrowable(ErrorHandler.java:214)
	at org.openqa.selenium.remote.ErrorHandler.throwIfResponseFailed(ErrorHandler.java:166)
	at org.openqa.selenium.remote.http.JsonHttpResponseCodec.reconstructValue(JsonHttpResponseCodec.java:40)
	at org.openqa.selenium.remote.http.AbstractHttpResponseCodec.decode(AbstractHttpResponseCodec.java:80)
	at org.openqa.selenium.remote.http.AbstractHttpResponseCodec.decode(AbstractHttpResponseCodec.java:44)
	at org.openqa.selenium.remote.HttpCommandExecutor.execute(HttpCommandExecutor.java:160)
	at org.openqa.selenium.remote.service.DriverCommandExecutor.execute(DriverCommandExecutor.java:83)
	at org.openqa.selenium.remote.RemoteWebDriver.execute(RemoteWebDriver.java:601)
	at org.openqa.selenium.remote.RemoteWebDriver.execute(RemoteWebDriver.java:658)
	at org.openqa.selenium.remote.RemoteWebDriver.close(RemoteWebDriver.java:487)
	at com.qait.automation.getpageobjects.BaseUi.closeWindow(BaseUi.java:278)
	at com.qait.LegCompass.keywords.BillDetailPage.closeAndSwitchToPreviousWindow(BillDetailPage.java:544)
	at com.qait.politico.LegCompass.tests.StateBillDetailTest.Test015_Verify_Bill_Titles_On_related_Bill_Tab_State(StateBillDetailTest.java:258)
</failure>
    <system-out><![CDATA[Driver is null while taking screen shot
 
***** STARTING TEST STEP: TEST015_VERIFY_BILL_TITLES_ON_RELATED_BILL_TAB_STATE *****
 
]]></system-out>
  </testcase>
  <testcase name="Test016_Verify_Bill_Titles_For_Similar_Bill_State" classname="com.qait.politico.LegCompass.tests.StateBillDetailTest" time="0.005">
    <failure message="no such session&#10;  (Driver info: chromedriver=2.36.540470 (e522d04694c7ebea4ba8821272dbef4f9b818c91),platform=Windows NT 6.3.9600 x86_64) (WARNING: The server did not provide any stacktrace information)&#10;Command duration or timeout: 0 milliseconds&#10;Build info: version: &apos;3.10.0&apos;, revision: &apos;176b4a9&apos;, time: &apos;2018-03-02T19:03:16.397Z&apos;&#10;System info: host: &apos;DLLA1439&apos;, ip: &apos;10.90.0.147&apos;, os.name: &apos;Windows 8.1&apos;, os.arch: &apos;amd64&apos;, os.version: &apos;6.3&apos;, java.version: &apos;1.8.0_161&apos;&#10;Driver info: org.openqa.selenium.chrome.ChromeDriver&#10;Capabilities {acceptInsecureCerts: false, acceptSslCerts: false, applicationCacheEnabled: false, browserConnectionEnabled: false, browserName: chrome, chrome: {chromedriverVersion: 2.36.540470 (e522d04694c7eb..., userDataDir: C:\Users\SHWETA~1\AppData\L...}, cssSelectorsEnabled: true, databaseEnabled: false, handlesAlerts: true, hasTouchScreen: false, javascriptEnabled: true, locationContextEnabled: true, mobileEmulationEnabled: false, nativeEvents: true, networkConnectionEnabled: false, pageLoadStrategy: normal, platform: XP, platformName: XP, rotatable: false, setWindowRect: true, takesHeapSnapshot: true, takesScreenshot: true, unexpectedAlertBehaviour: , unhandledPromptBehavior: , version: 66.0.3359.117, webStorageEnabled: true}&#10;Session ID: 53d91a1cbbe55f6e46758efebcbcfe9b&#10;*** Element info: {Using=xpath, value=//h3[@class=&apos;name mt1&apos;]//a[1][not(contains(text(),&apos;Amdt.&apos;)) and not(contains(text(),&apos;Amendment&apos;))]}" type="org.openqa.selenium.NoSuchSessionException">org.openqa.selenium.NoSuchSessionException: no such session
  (Driver info: chromedriver=2.36.540470 (e522d04694c7ebea4ba8821272dbef4f9b818c91),platform=Windows NT 6.3.9600 x86_64) (WARNING: The server did not provide any stacktrace information)
Command duration or timeout: 0 milliseconds
Build info: version: '3.10.0', revision: '176b4a9', time: '2018-03-02T19:03:16.397Z'
System info: host: 'DLLA1439', ip: '10.90.0.147', os.name: 'Windows 8.1', os.arch: 'amd64', os.version: '6.3', java.version: '1.8.0_161'
Driver info: org.openqa.selenium.chrome.ChromeDriver
Capabilities {acceptInsecureCerts: false, acceptSslCerts: false, applicationCacheEnabled: false, browserConnectionEnabled: false, browserName: chrome, chrome: {chromedriverVersion: 2.36.540470 (e522d04694c7eb..., userDataDir: C:\Users\SHWETA~1\AppData\L...}, cssSelectorsEnabled: true, databaseEnabled: false, handlesAlerts: true, hasTouchScreen: false, javascriptEnabled: true, locationContextEnabled: true, mobileEmulationEnabled: false, nativeEvents: true, networkConnectionEnabled: false, pageLoadStrategy: normal, platform: XP, platformName: XP, rotatable: false, setWindowRect: true, takesHeapSnapshot: true, takesScreenshot: true, unexpectedAlertBehaviour: , unhandledPromptBehavior: , version: 66.0.3359.117, webStorageEnabled: true}
Session ID: 53d91a1cbbe55f6e46758efebcbcfe9b
*** Element info: {Using=xpath, value=//h3[@class='name mt1']//a[1][not(contains(text(),'Amdt.')) and not(contains(text(),'Amendment'))]}
	at sun.reflect.GeneratedConstructorAccessor15.newInstance(Unknown Source)
	at sun.reflect.DelegatingConstructorAccessorImpl.newInstance(DelegatingConstructorAccessorImpl.java:45)
	at java.lang.reflect.Constructor.newInstance(Constructor.java:423)
	at org.openqa.selenium.remote.ErrorHandler.createThrowable(ErrorHandler.java:214)
	at org.openqa.selenium.remote.ErrorHandler.throwIfResponseFailed(ErrorHandler.java:166)
	at org.openqa.selenium.remote.http.JsonHttpResponseCodec.reconstructValue(JsonHttpResponseCodec.java:40)
	at org.openqa.selenium.remote.http.AbstractHttpResponseCodec.decode(AbstractHttpResponseCodec.java:80)
	at org.openqa.selenium.remote.http.AbstractHttpResponseCodec.decode(AbstractHttpResponseCodec.java:44)
	at org.openqa.selenium.remote.HttpCommandExecutor.execute(HttpCommandExecutor.java:160)
	at org.openqa.selenium.remote.service.DriverCommandExecutor.execute(DriverCommandExecutor.java:83)
	at org.openqa.selenium.remote.RemoteWebDriver.execute(RemoteWebDriver.java:601)
	at org.openqa.selenium.remote.RemoteWebDriver.findElements(RemoteWebDriver.java:398)
	at org.openqa.selenium.remote.RemoteWebDriver.findElementsByXPath(RemoteWebDriver.java:477)
	at org.openqa.selenium.By$ByXPath.findElements(By.java:356)
	at org.openqa.selenium.remote.RemoteWebDriver.findElements(RemoteWebDriver.java:359)
	at com.qait.automation.getpageobjects.GetPage.elements(GetPage.java:127)
	at com.qait.automation.getpageobjects.GetPage.elements(GetPage.java:135)
	at com.qait.LegCompass.keywords.BillDetailPage.selectBillWithSimilarBillsSection(BillDetailPage.java:1154)
	at com.qait.politico.LegCompass.tests.StateBillDetailTest.Test016_Verify_Bill_Titles_For_Similar_Bill_State(StateBillDetailTest.java:278)
</failure>
    <system-out><![CDATA[Driver is null while taking screen shot
 
***** STARTING TEST STEP: TEST016_VERIFY_BILL_TITLES_FOR_SIMILAR_BILL_STATE *****
 
]]></system-out>
  </testcase>
  <testcase name="Test017_Verify_Ammendments_Tab_State" classname="com.qait.politico.LegCompass.tests.StateBillDetailTest" time="0.003">
    <failure message="no such session&#10;  (Driver info: chromedriver=2.36.540470 (e522d04694c7ebea4ba8821272dbef4f9b818c91),platform=Windows NT 6.3.9600 x86_64) (WARNING: The server did not provide any stacktrace information)&#10;Command duration or timeout: 0 milliseconds&#10;Build info: version: &apos;3.10.0&apos;, revision: &apos;176b4a9&apos;, time: &apos;2018-03-02T19:03:16.397Z&apos;&#10;System info: host: &apos;DLLA1439&apos;, ip: &apos;10.90.0.147&apos;, os.name: &apos;Windows 8.1&apos;, os.arch: &apos;amd64&apos;, os.version: &apos;6.3&apos;, java.version: &apos;1.8.0_161&apos;&#10;Driver info: org.openqa.selenium.chrome.ChromeDriver&#10;Capabilities {acceptInsecureCerts: false, acceptSslCerts: false, applicationCacheEnabled: false, browserConnectionEnabled: false, browserName: chrome, chrome: {chromedriverVersion: 2.36.540470 (e522d04694c7eb..., userDataDir: C:\Users\SHWETA~1\AppData\L...}, cssSelectorsEnabled: true, databaseEnabled: false, handlesAlerts: true, hasTouchScreen: false, javascriptEnabled: true, locationContextEnabled: true, mobileEmulationEnabled: false, nativeEvents: true, networkConnectionEnabled: false, pageLoadStrategy: normal, platform: XP, platformName: XP, rotatable: false, setWindowRect: true, takesHeapSnapshot: true, takesScreenshot: true, unexpectedAlertBehaviour: , unhandledPromptBehavior: , version: 66.0.3359.117, webStorageEnabled: true}&#10;Session ID: 53d91a1cbbe55f6e46758efebcbcfe9b" type="org.openqa.selenium.NoSuchSessionException">org.openqa.selenium.NoSuchSessionException: no such session
  (Driver info: chromedriver=2.36.540470 (e522d04694c7ebea4ba8821272dbef4f9b818c91),platform=Windows NT 6.3.9600 x86_64) (WARNING: The server did not provide any stacktrace information)
Command duration or timeout: 0 milliseconds
Build info: version: '3.10.0', revision: '176b4a9', time: '2018-03-02T19:03:16.397Z'
System info: host: 'DLLA1439', ip: '10.90.0.147', os.name: 'Windows 8.1', os.arch: 'amd64', os.version: '6.3', java.version: '1.8.0_161'
Driver info: org.openqa.selenium.chrome.ChromeDriver
Capabilities {acceptInsecureCerts: false, acceptSslCerts: false, applicationCacheEnabled: false, browserConnectionEnabled: false, browserName: chrome, chrome: {chromedriverVersion: 2.36.540470 (e522d04694c7eb..., userDataDir: C:\Users\SHWETA~1\AppData\L...}, cssSelectorsEnabled: true, databaseEnabled: false, handlesAlerts: true, hasTouchScreen: false, javascriptEnabled: true, locationContextEnabled: true, mobileEmulationEnabled: false, nativeEvents: true, networkConnectionEnabled: false, pageLoadStrategy: normal, platform: XP, platformName: XP, rotatable: false, setWindowRect: true, takesHeapSnapshot: true, takesScreenshot: true, unexpectedAlertBehaviour: , unhandledPromptBehavior: , version: 66.0.3359.117, webStorageEnabled: true}
Session ID: 53d91a1cbbe55f6e46758efebcbcfe9b
	at sun.reflect.GeneratedConstructorAccessor15.newInstance(Unknown Source)
	at sun.reflect.DelegatingConstructorAccessorImpl.newInstance(DelegatingConstructorAccessorImpl.java:45)
	at java.lang.reflect.Constructor.newInstance(Constructor.java:423)
	at org.openqa.selenium.remote.ErrorHandler.createThrowable(ErrorHandler.java:214)
	at org.openqa.selenium.remote.ErrorHandler.throwIfResponseFailed(ErrorHandler.java:166)
	at org.openqa.selenium.remote.http.JsonHttpResponseCodec.reconstructValue(JsonHttpResponseCodec.java:40)
	at org.openqa.selenium.remote.http.AbstractHttpResponseCodec.decode(AbstractHttpResponseCodec.java:80)
	at org.openqa.selenium.remote.http.AbstractHttpResponseCodec.decode(AbstractHttpResponseCodec.java:44)
	at org.openqa.selenium.remote.HttpCommandExecutor.execute(HttpCommandExecutor.java:160)
	at org.openqa.selenium.remote.service.DriverCommandExecutor.execute(DriverCommandExecutor.java:83)
	at org.openqa.selenium.remote.RemoteWebDriver.execute(RemoteWebDriver.java:601)
	at org.openqa.selenium.remote.RemoteWebDriver.execute(RemoteWebDriver.java:658)
	at org.openqa.selenium.remote.RemoteWebDriver.close(RemoteWebDriver.java:487)
	at com.qait.automation.getpageobjects.BaseUi.closeWindow(BaseUi.java:278)
	at com.qait.LegCompass.keywords.BillDetailPage.closeAndSwitchToPreviousWindow(BillDetailPage.java:544)
	at com.qait.politico.LegCompass.tests.StateBillDetailTest.Test017_Verify_Ammendments_Tab_State(StateBillDetailTest.java:290)
</failure>
    <system-out><![CDATA[Driver is null while taking screen shot
 
***** STARTING TEST STEP: TEST017_VERIFY_AMMENDMENTS_TAB_STATE *****
 
]]></system-out>
  </testcase>
  <testcase name="Test018_Verify_Cosponsors_Tab_State" classname="com.qait.politico.LegCompass.tests.StateBillDetailTest" time="0.003">
    <failure message="no such session&#10;  (Driver info: chromedriver=2.36.540470 (e522d04694c7ebea4ba8821272dbef4f9b818c91),platform=Windows NT 6.3.9600 x86_64) (WARNING: The server did not provide any stacktrace information)&#10;Command duration or timeout: 0 milliseconds&#10;Build info: version: &apos;3.10.0&apos;, revision: &apos;176b4a9&apos;, time: &apos;2018-03-02T19:03:16.397Z&apos;&#10;System info: host: &apos;DLLA1439&apos;, ip: &apos;10.90.0.147&apos;, os.name: &apos;Windows 8.1&apos;, os.arch: &apos;amd64&apos;, os.version: &apos;6.3&apos;, java.version: &apos;1.8.0_161&apos;&#10;Driver info: org.openqa.selenium.chrome.ChromeDriver&#10;Capabilities {acceptInsecureCerts: false, acceptSslCerts: false, applicationCacheEnabled: false, browserConnectionEnabled: false, browserName: chrome, chrome: {chromedriverVersion: 2.36.540470 (e522d04694c7eb..., userDataDir: C:\Users\SHWETA~1\AppData\L...}, cssSelectorsEnabled: true, databaseEnabled: false, handlesAlerts: true, hasTouchScreen: false, javascriptEnabled: true, locationContextEnabled: true, mobileEmulationEnabled: false, nativeEvents: true, networkConnectionEnabled: false, pageLoadStrategy: normal, platform: XP, platformName: XP, rotatable: false, setWindowRect: true, takesHeapSnapshot: true, takesScreenshot: true, unexpectedAlertBehaviour: , unhandledPromptBehavior: , version: 66.0.3359.117, webStorageEnabled: true}&#10;Session ID: 53d91a1cbbe55f6e46758efebcbcfe9b" type="org.openqa.selenium.NoSuchSessionException">org.openqa.selenium.NoSuchSessionException: no such session
  (Driver info: chromedriver=2.36.540470 (e522d04694c7ebea4ba8821272dbef4f9b818c91),platform=Windows NT 6.3.9600 x86_64) (WARNING: The server did not provide any stacktrace information)
Command duration or timeout: 0 milliseconds
Build info: version: '3.10.0', revision: '176b4a9', time: '2018-03-02T19:03:16.397Z'
System info: host: 'DLLA1439', ip: '10.90.0.147', os.name: 'Windows 8.1', os.arch: 'amd64', os.version: '6.3', java.version: '1.8.0_161'
Driver info: org.openqa.selenium.chrome.ChromeDriver
Capabilities {acceptInsecureCerts: false, acceptSslCerts: false, applicationCacheEnabled: false, browserConnectionEnabled: false, browserName: chrome, chrome: {chromedriverVersion: 2.36.540470 (e522d04694c7eb..., userDataDir: C:\Users\SHWETA~1\AppData\L...}, cssSelectorsEnabled: true, databaseEnabled: false, handlesAlerts: true, hasTouchScreen: false, javascriptEnabled: true, locationContextEnabled: true, mobileEmulationEnabled: false, nativeEvents: true, networkConnectionEnabled: false, pageLoadStrategy: normal, platform: XP, platformName: XP, rotatable: false, setWindowRect: true, takesHeapSnapshot: true, takesScreenshot: true, unexpectedAlertBehaviour: , unhandledPromptBehavior: , version: 66.0.3359.117, webStorageEnabled: true}
Session ID: 53d91a1cbbe55f6e46758efebcbcfe9b
	at sun.reflect.GeneratedConstructorAccessor15.newInstance(Unknown Source)
	at sun.reflect.DelegatingConstructorAccessorImpl.newInstance(DelegatingConstructorAccessorImpl.java:45)
	at java.lang.reflect.Constructor.newInstance(Constructor.java:423)
	at org.openqa.selenium.remote.ErrorHandler.createThrowable(ErrorHandler.java:214)
	at org.openqa.selenium.remote.ErrorHandler.throwIfResponseFailed(ErrorHandler.java:166)
	at org.openqa.selenium.remote.http.JsonHttpResponseCodec.reconstructValue(JsonHttpResponseCodec.java:40)
	at org.openqa.selenium.remote.http.AbstractHttpResponseCodec.decode(AbstractHttpResponseCodec.java:80)
	at org.openqa.selenium.remote.http.AbstractHttpResponseCodec.decode(AbstractHttpResponseCodec.java:44)
	at org.openqa.selenium.remote.HttpCommandExecutor.execute(HttpCommandExecutor.java:160)
	at org.openqa.selenium.remote.service.DriverCommandExecutor.execute(DriverCommandExecutor.java:83)
	at org.openqa.selenium.remote.RemoteWebDriver.execute(RemoteWebDriver.java:601)
	at org.openqa.selenium.remote.RemoteWebDriver.execute(RemoteWebDriver.java:658)
	at org.openqa.selenium.remote.RemoteWebDriver.close(RemoteWebDriver.java:487)
	at com.qait.automation.getpageobjects.BaseUi.closeWindow(BaseUi.java:278)
	at com.qait.LegCompass.keywords.BillDetailPage.closeAndSwitchToPreviousWindow(BillDetailPage.java:544)
	at com.qait.politico.LegCompass.tests.StateBillDetailTest.Test018_Verify_Cosponsors_Tab_State(StateBillDetailTest.java:305)
</failure>
    <system-out><![CDATA[Driver is null while taking screen shot
 
***** STARTING TEST STEP: TEST018_VERIFY_COSPONSORS_TAB_STATE *****
 
]]></system-out>
  </testcase>
  <testcase name="Test019_Verify_Document_Tab" classname="com.qait.politico.LegCompass.tests.StateBillDetailTest" time="0.002">
    <failure message="no such session&#10;  (Driver info: chromedriver=2.36.540470 (e522d04694c7ebea4ba8821272dbef4f9b818c91),platform=Windows NT 6.3.9600 x86_64) (WARNING: The server did not provide any stacktrace information)&#10;Command duration or timeout: 0 milliseconds&#10;Build info: version: &apos;3.10.0&apos;, revision: &apos;176b4a9&apos;, time: &apos;2018-03-02T19:03:16.397Z&apos;&#10;System info: host: &apos;DLLA1439&apos;, ip: &apos;10.90.0.147&apos;, os.name: &apos;Windows 8.1&apos;, os.arch: &apos;amd64&apos;, os.version: &apos;6.3&apos;, java.version: &apos;1.8.0_161&apos;&#10;Driver info: org.openqa.selenium.chrome.ChromeDriver&#10;Capabilities {acceptInsecureCerts: false, acceptSslCerts: false, applicationCacheEnabled: false, browserConnectionEnabled: false, browserName: chrome, chrome: {chromedriverVersion: 2.36.540470 (e522d04694c7eb..., userDataDir: C:\Users\SHWETA~1\AppData\L...}, cssSelectorsEnabled: true, databaseEnabled: false, handlesAlerts: true, hasTouchScreen: false, javascriptEnabled: true, locationContextEnabled: true, mobileEmulationEnabled: false, nativeEvents: true, networkConnectionEnabled: false, pageLoadStrategy: normal, platform: XP, platformName: XP, rotatable: false, setWindowRect: true, takesHeapSnapshot: true, takesScreenshot: true, unexpectedAlertBehaviour: , unhandledPromptBehavior: , version: 66.0.3359.117, webStorageEnabled: true}&#10;Session ID: 53d91a1cbbe55f6e46758efebcbcfe9b" type="org.openqa.selenium.NoSuchSessionException">org.openqa.selenium.NoSuchSessionException: no such session
  (Driver info: chromedriver=2.36.540470 (e522d04694c7ebea4ba8821272dbef4f9b818c91),platform=Windows NT 6.3.9600 x86_64) (WARNING: The server did not provide any stacktrace information)
Command duration or timeout: 0 milliseconds
Build info: version: '3.10.0', revision: '176b4a9', time: '2018-03-02T19:03:16.397Z'
System info: host: 'DLLA1439', ip: '10.90.0.147', os.name: 'Windows 8.1', os.arch: 'amd64', os.version: '6.3', java.version: '1.8.0_161'
Driver info: org.openqa.selenium.chrome.ChromeDriver
Capabilities {acceptInsecureCerts: false, acceptSslCerts: false, applicationCacheEnabled: false, browserConnectionEnabled: false, browserName: chrome, chrome: {chromedriverVersion: 2.36.540470 (e522d04694c7eb..., userDataDir: C:\Users\SHWETA~1\AppData\L...}, cssSelectorsEnabled: true, databaseEnabled: false, handlesAlerts: true, hasTouchScreen: false, javascriptEnabled: true, locationContextEnabled: true, mobileEmulationEnabled: false, nativeEvents: true, networkConnectionEnabled: false, pageLoadStrategy: normal, platform: XP, platformName: XP, rotatable: false, setWindowRect: true, takesHeapSnapshot: true, takesScreenshot: true, unexpectedAlertBehaviour: , unhandledPromptBehavior: , version: 66.0.3359.117, webStorageEnabled: true}
Session ID: 53d91a1cbbe55f6e46758efebcbcfe9b
	at sun.reflect.GeneratedConstructorAccessor15.newInstance(Unknown Source)
	at sun.reflect.DelegatingConstructorAccessorImpl.newInstance(DelegatingConstructorAccessorImpl.java:45)
	at java.lang.reflect.Constructor.newInstance(Constructor.java:423)
	at org.openqa.selenium.remote.ErrorHandler.createThrowable(ErrorHandler.java:214)
	at org.openqa.selenium.remote.ErrorHandler.throwIfResponseFailed(ErrorHandler.java:166)
	at org.openqa.selenium.remote.http.JsonHttpResponseCodec.reconstructValue(JsonHttpResponseCodec.java:40)
	at org.openqa.selenium.remote.http.AbstractHttpResponseCodec.decode(AbstractHttpResponseCodec.java:80)
	at org.openqa.selenium.remote.http.AbstractHttpResponseCodec.decode(AbstractHttpResponseCodec.java:44)
	at org.openqa.selenium.remote.HttpCommandExecutor.execute(HttpCommandExecutor.java:160)
	at org.openqa.selenium.remote.service.DriverCommandExecutor.execute(DriverCommandExecutor.java:83)
	at org.openqa.selenium.remote.RemoteWebDriver.execute(RemoteWebDriver.java:601)
	at org.openqa.selenium.remote.RemoteWebDriver.execute(RemoteWebDriver.java:658)
	at org.openqa.selenium.remote.RemoteWebDriver.close(RemoteWebDriver.java:487)
	at com.qait.automation.getpageobjects.BaseUi.closeWindow(BaseUi.java:278)
	at com.qait.LegCompass.keywords.BillDetailPage.closeAndSwitchToPreviousWindow(BillDetailPage.java:544)
	at com.qait.politico.LegCompass.tests.StateBillDetailTest.Test019_Verify_Document_Tab(StateBillDetailTest.java:335)
</failure>
    <system-out><![CDATA[Driver is null while taking screen shot
 
***** STARTING TEST STEP: TEST019_VERIFY_DOCUMENT_TAB *****
 
]]></system-out>
  </testcase>
  <testcase name="Test020_Verify_Pro_Document" classname="com.qait.politico.LegCompass.tests.StateBillDetailTest" time="0.002">
    <failure message="no such session&#10;  (Driver info: chromedriver=2.36.540470 (e522d04694c7ebea4ba8821272dbef4f9b818c91),platform=Windows NT 6.3.9600 x86_64) (WARNING: The server did not provide any stacktrace information)&#10;Command duration or timeout: 0 milliseconds&#10;Build info: version: &apos;3.10.0&apos;, revision: &apos;176b4a9&apos;, time: &apos;2018-03-02T19:03:16.397Z&apos;&#10;System info: host: &apos;DLLA1439&apos;, ip: &apos;10.90.0.147&apos;, os.name: &apos;Windows 8.1&apos;, os.arch: &apos;amd64&apos;, os.version: &apos;6.3&apos;, java.version: &apos;1.8.0_161&apos;&#10;Driver info: org.openqa.selenium.chrome.ChromeDriver&#10;Capabilities {acceptInsecureCerts: false, acceptSslCerts: false, applicationCacheEnabled: false, browserConnectionEnabled: false, browserName: chrome, chrome: {chromedriverVersion: 2.36.540470 (e522d04694c7eb..., userDataDir: C:\Users\SHWETA~1\AppData\L...}, cssSelectorsEnabled: true, databaseEnabled: false, handlesAlerts: true, hasTouchScreen: false, javascriptEnabled: true, locationContextEnabled: true, mobileEmulationEnabled: false, nativeEvents: true, networkConnectionEnabled: false, pageLoadStrategy: normal, platform: XP, platformName: XP, rotatable: false, setWindowRect: true, takesHeapSnapshot: true, takesScreenshot: true, unexpectedAlertBehaviour: , unhandledPromptBehavior: , version: 66.0.3359.117, webStorageEnabled: true}&#10;Session ID: 53d91a1cbbe55f6e46758efebcbcfe9b" type="org.openqa.selenium.NoSuchSessionException">org.openqa.selenium.NoSuchSessionException: no such session
  (Driver info: chromedriver=2.36.540470 (e522d04694c7ebea4ba8821272dbef4f9b818c91),platform=Windows NT 6.3.9600 x86_64) (WARNING: The server did not provide any stacktrace information)
Command duration or timeout: 0 milliseconds
Build info: version: '3.10.0', revision: '176b4a9', time: '2018-03-02T19:03:16.397Z'
System info: host: 'DLLA1439', ip: '10.90.0.147', os.name: 'Windows 8.1', os.arch: 'amd64', os.version: '6.3', java.version: '1.8.0_161'
Driver info: org.openqa.selenium.chrome.ChromeDriver
Capabilities {acceptInsecureCerts: false, acceptSslCerts: false, applicationCacheEnabled: false, browserConnectionEnabled: false, browserName: chrome, chrome: {chromedriverVersion: 2.36.540470 (e522d04694c7eb..., userDataDir: C:\Users\SHWETA~1\AppData\L...}, cssSelectorsEnabled: true, databaseEnabled: false, handlesAlerts: true, hasTouchScreen: false, javascriptEnabled: true, locationContextEnabled: true, mobileEmulationEnabled: false, nativeEvents: true, networkConnectionEnabled: false, pageLoadStrategy: normal, platform: XP, platformName: XP, rotatable: false, setWindowRect: true, takesHeapSnapshot: true, takesScreenshot: true, unexpectedAlertBehaviour: , unhandledPromptBehavior: , version: 66.0.3359.117, webStorageEnabled: true}
Session ID: 53d91a1cbbe55f6e46758efebcbcfe9b
	at sun.reflect.GeneratedConstructorAccessor15.newInstance(Unknown Source)
	at sun.reflect.DelegatingConstructorAccessorImpl.newInstance(DelegatingConstructorAccessorImpl.java:45)
	at java.lang.reflect.Constructor.newInstance(Constructor.java:423)
	at org.openqa.selenium.remote.ErrorHandler.createThrowable(ErrorHandler.java:214)
	at org.openqa.selenium.remote.ErrorHandler.throwIfResponseFailed(ErrorHandler.java:166)
	at org.openqa.selenium.remote.http.JsonHttpResponseCodec.reconstructValue(JsonHttpResponseCodec.java:40)
	at org.openqa.selenium.remote.http.AbstractHttpResponseCodec.decode(AbstractHttpResponseCodec.java:80)
	at org.openqa.selenium.remote.http.AbstractHttpResponseCodec.decode(AbstractHttpResponseCodec.java:44)
	at org.openqa.selenium.remote.HttpCommandExecutor.execute(HttpCommandExecutor.java:160)
	at org.openqa.selenium.remote.service.DriverCommandExecutor.execute(DriverCommandExecutor.java:83)
	at org.openqa.selenium.remote.RemoteWebDriver.execute(RemoteWebDriver.java:601)
	at org.openqa.selenium.remote.RemoteWebDriver$RemoteWebDriverOptions$RemoteTimeouts.implicitlyWait(RemoteWebDriver.java:835)
	at com.qait.automation.getpageobjects.GetPage.isElementNotDisplayed(GetPage.java:416)
	at com.qait.LegCompass.keywords.BillDetailPage.verifyProDocuments(BillDetailPage.java:1996)
	at com.qait.politico.LegCompass.tests.StateBillDetailTest.Test020_Verify_Pro_Document(StateBillDetailTest.java:351)
</failure>
    <system-out><![CDATA[Driver is null while taking screen shot
 
***** STARTING TEST STEP: TEST020_VERIFY_PRO_DOCUMENT *****
 
]]></system-out>
  </testcase>
  <testcase name="Test021_Verify_Bill_Text_Document" classname="com.qait.politico.LegCompass.tests.StateBillDetailTest" time="0.003">
    <failure message="no such session&#10;  (Driver info: chromedriver=2.36.540470 (e522d04694c7ebea4ba8821272dbef4f9b818c91),platform=Windows NT 6.3.9600 x86_64) (WARNING: The server did not provide any stacktrace information)&#10;Command duration or timeout: 0 milliseconds&#10;Build info: version: &apos;3.10.0&apos;, revision: &apos;176b4a9&apos;, time: &apos;2018-03-02T19:03:16.397Z&apos;&#10;System info: host: &apos;DLLA1439&apos;, ip: &apos;10.90.0.147&apos;, os.name: &apos;Windows 8.1&apos;, os.arch: &apos;amd64&apos;, os.version: &apos;6.3&apos;, java.version: &apos;1.8.0_161&apos;&#10;Driver info: org.openqa.selenium.chrome.ChromeDriver&#10;Capabilities {acceptInsecureCerts: false, acceptSslCerts: false, applicationCacheEnabled: false, browserConnectionEnabled: false, browserName: chrome, chrome: {chromedriverVersion: 2.36.540470 (e522d04694c7eb..., userDataDir: C:\Users\SHWETA~1\AppData\L...}, cssSelectorsEnabled: true, databaseEnabled: false, handlesAlerts: true, hasTouchScreen: false, javascriptEnabled: true, locationContextEnabled: true, mobileEmulationEnabled: false, nativeEvents: true, networkConnectionEnabled: false, pageLoadStrategy: normal, platform: XP, platformName: XP, rotatable: false, setWindowRect: true, takesHeapSnapshot: true, takesScreenshot: true, unexpectedAlertBehaviour: , unhandledPromptBehavior: , version: 66.0.3359.117, webStorageEnabled: true}&#10;Session ID: 53d91a1cbbe55f6e46758efebcbcfe9b" type="org.openqa.selenium.NoSuchSessionException">org.openqa.selenium.NoSuchSessionException: no such session
  (Driver info: chromedriver=2.36.540470 (e522d04694c7ebea4ba8821272dbef4f9b818c91),platform=Windows NT 6.3.9600 x86_64) (WARNING: The server did not provide any stacktrace information)
Command duration or timeout: 0 milliseconds
Build info: version: '3.10.0', revision: '176b4a9', time: '2018-03-02T19:03:16.397Z'
System info: host: 'DLLA1439', ip: '10.90.0.147', os.name: 'Windows 8.1', os.arch: 'amd64', os.version: '6.3', java.version: '1.8.0_161'
Driver info: org.openqa.selenium.chrome.ChromeDriver
Capabilities {acceptInsecureCerts: false, acceptSslCerts: false, applicationCacheEnabled: false, browserConnectionEnabled: false, browserName: chrome, chrome: {chromedriverVersion: 2.36.540470 (e522d04694c7eb..., userDataDir: C:\Users\SHWETA~1\AppData\L...}, cssSelectorsEnabled: true, databaseEnabled: false, handlesAlerts: true, hasTouchScreen: false, javascriptEnabled: true, locationContextEnabled: true, mobileEmulationEnabled: false, nativeEvents: true, networkConnectionEnabled: false, pageLoadStrategy: normal, platform: XP, platformName: XP, rotatable: false, setWindowRect: true, takesHeapSnapshot: true, takesScreenshot: true, unexpectedAlertBehaviour: , unhandledPromptBehavior: , version: 66.0.3359.117, webStorageEnabled: true}
Session ID: 53d91a1cbbe55f6e46758efebcbcfe9b
	at sun.reflect.GeneratedConstructorAccessor15.newInstance(Unknown Source)
	at sun.reflect.DelegatingConstructorAccessorImpl.newInstance(DelegatingConstructorAccessorImpl.java:45)
	at java.lang.reflect.Constructor.newInstance(Constructor.java:423)
	at org.openqa.selenium.remote.ErrorHandler.createThrowable(ErrorHandler.java:214)
	at org.openqa.selenium.remote.ErrorHandler.throwIfResponseFailed(ErrorHandler.java:166)
	at org.openqa.selenium.remote.http.JsonHttpResponseCodec.reconstructValue(JsonHttpResponseCodec.java:40)
	at org.openqa.selenium.remote.http.AbstractHttpResponseCodec.decode(AbstractHttpResponseCodec.java:80)
	at org.openqa.selenium.remote.http.AbstractHttpResponseCodec.decode(AbstractHttpResponseCodec.java:44)
	at org.openqa.selenium.remote.HttpCommandExecutor.execute(HttpCommandExecutor.java:160)
	at org.openqa.selenium.remote.service.DriverCommandExecutor.execute(DriverCommandExecutor.java:83)
	at org.openqa.selenium.remote.RemoteWebDriver.execute(RemoteWebDriver.java:601)
	at org.openqa.selenium.remote.RemoteWebDriver$RemoteWebDriverOptions$RemoteTimeouts.implicitlyWait(RemoteWebDriver.java:835)
	at com.qait.automation.getpageobjects.GetPage.isElementNotDisplayed(GetPage.java:416)
	at com.qait.LegCompass.keywords.BillDetailPage.verifyBillTextOnDocuments(BillDetailPage.java:2018)
	at com.qait.politico.LegCompass.tests.StateBillDetailTest.Test021_Verify_Bill_Text_Document(StateBillDetailTest.java:356)
</failure>
    <system-out><![CDATA[Driver is null while taking screen shot
 
***** STARTING TEST STEP: TEST021_VERIFY_BILL_TEXT_DOCUMENT *****
 
]]></system-out>
  </testcase>
  <testcase name="Test022_Verify_CBO_Cost_Estimate_Document" classname="com.qait.politico.LegCompass.tests.StateBillDetailTest" time="0.002">
    <failure message="no such session&#10;  (Driver info: chromedriver=2.36.540470 (e522d04694c7ebea4ba8821272dbef4f9b818c91),platform=Windows NT 6.3.9600 x86_64) (WARNING: The server did not provide any stacktrace information)&#10;Command duration or timeout: 0 milliseconds&#10;Build info: version: &apos;3.10.0&apos;, revision: &apos;176b4a9&apos;, time: &apos;2018-03-02T19:03:16.397Z&apos;&#10;System info: host: &apos;DLLA1439&apos;, ip: &apos;10.90.0.147&apos;, os.name: &apos;Windows 8.1&apos;, os.arch: &apos;amd64&apos;, os.version: &apos;6.3&apos;, java.version: &apos;1.8.0_161&apos;&#10;Driver info: org.openqa.selenium.chrome.ChromeDriver&#10;Capabilities {acceptInsecureCerts: false, acceptSslCerts: false, applicationCacheEnabled: false, browserConnectionEnabled: false, browserName: chrome, chrome: {chromedriverVersion: 2.36.540470 (e522d04694c7eb..., userDataDir: C:\Users\SHWETA~1\AppData\L...}, cssSelectorsEnabled: true, databaseEnabled: false, handlesAlerts: true, hasTouchScreen: false, javascriptEnabled: true, locationContextEnabled: true, mobileEmulationEnabled: false, nativeEvents: true, networkConnectionEnabled: false, pageLoadStrategy: normal, platform: XP, platformName: XP, rotatable: false, setWindowRect: true, takesHeapSnapshot: true, takesScreenshot: true, unexpectedAlertBehaviour: , unhandledPromptBehavior: , version: 66.0.3359.117, webStorageEnabled: true}&#10;Session ID: 53d91a1cbbe55f6e46758efebcbcfe9b" type="org.openqa.selenium.NoSuchSessionException">org.openqa.selenium.NoSuchSessionException: no such session
  (Driver info: chromedriver=2.36.540470 (e522d04694c7ebea4ba8821272dbef4f9b818c91),platform=Windows NT 6.3.9600 x86_64) (WARNING: The server did not provide any stacktrace information)
Command duration or timeout: 0 milliseconds
Build info: version: '3.10.0', revision: '176b4a9', time: '2018-03-02T19:03:16.397Z'
System info: host: 'DLLA1439', ip: '10.90.0.147', os.name: 'Windows 8.1', os.arch: 'amd64', os.version: '6.3', java.version: '1.8.0_161'
Driver info: org.openqa.selenium.chrome.ChromeDriver
Capabilities {acceptInsecureCerts: false, acceptSslCerts: false, applicationCacheEnabled: false, browserConnectionEnabled: false, browserName: chrome, chrome: {chromedriverVersion: 2.36.540470 (e522d04694c7eb..., userDataDir: C:\Users\SHWETA~1\AppData\L...}, cssSelectorsEnabled: true, databaseEnabled: false, handlesAlerts: true, hasTouchScreen: false, javascriptEnabled: true, locationContextEnabled: true, mobileEmulationEnabled: false, nativeEvents: true, networkConnectionEnabled: false, pageLoadStrategy: normal, platform: XP, platformName: XP, rotatable: false, setWindowRect: true, takesHeapSnapshot: true, takesScreenshot: true, unexpectedAlertBehaviour: , unhandledPromptBehavior: , version: 66.0.3359.117, webStorageEnabled: true}
Session ID: 53d91a1cbbe55f6e46758efebcbcfe9b
	at sun.reflect.GeneratedConstructorAccessor15.newInstance(Unknown Source)
	at sun.reflect.DelegatingConstructorAccessorImpl.newInstance(DelegatingConstructorAccessorImpl.java:45)
	at java.lang.reflect.Constructor.newInstance(Constructor.java:423)
	at org.openqa.selenium.remote.ErrorHandler.createThrowable(ErrorHandler.java:214)
	at org.openqa.selenium.remote.ErrorHandler.throwIfResponseFailed(ErrorHandler.java:166)
	at org.openqa.selenium.remote.http.JsonHttpResponseCodec.reconstructValue(JsonHttpResponseCodec.java:40)
	at org.openqa.selenium.remote.http.AbstractHttpResponseCodec.decode(AbstractHttpResponseCodec.java:80)
	at org.openqa.selenium.remote.http.AbstractHttpResponseCodec.decode(AbstractHttpResponseCodec.java:44)
	at org.openqa.selenium.remote.HttpCommandExecutor.execute(HttpCommandExecutor.java:160)
	at org.openqa.selenium.remote.service.DriverCommandExecutor.execute(DriverCommandExecutor.java:83)
	at org.openqa.selenium.remote.RemoteWebDriver.execute(RemoteWebDriver.java:601)
	at org.openqa.selenium.remote.RemoteWebDriver$RemoteWebDriverOptions$RemoteTimeouts.implicitlyWait(RemoteWebDriver.java:835)
	at com.qait.automation.getpageobjects.GetPage.isElementNotDisplayed(GetPage.java:416)
	at com.qait.LegCompass.keywords.BillDetailPage.verifyCBOCostEstimate(BillDetailPage.java:2038)
	at com.qait.politico.LegCompass.tests.StateBillDetailTest.Test022_Verify_CBO_Cost_Estimate_Document(StateBillDetailTest.java:364)
</failure>
    <system-out><![CDATA[Driver is null while taking screen shot
 
***** STARTING TEST STEP: TEST022_VERIFY_CBO_COST_ESTIMATE_DOCUMENT *****
 
]]></system-out>
  </testcase>
  <testcase name="Test023_Verify_Committee_Reports_Document" classname="com.qait.politico.LegCompass.tests.StateBillDetailTest" time="0.002">
    <failure message="no such session&#10;  (Driver info: chromedriver=2.36.540470 (e522d04694c7ebea4ba8821272dbef4f9b818c91),platform=Windows NT 6.3.9600 x86_64) (WARNING: The server did not provide any stacktrace information)&#10;Command duration or timeout: 0 milliseconds&#10;Build info: version: &apos;3.10.0&apos;, revision: &apos;176b4a9&apos;, time: &apos;2018-03-02T19:03:16.397Z&apos;&#10;System info: host: &apos;DLLA1439&apos;, ip: &apos;10.90.0.147&apos;, os.name: &apos;Windows 8.1&apos;, os.arch: &apos;amd64&apos;, os.version: &apos;6.3&apos;, java.version: &apos;1.8.0_161&apos;&#10;Driver info: org.openqa.selenium.chrome.ChromeDriver&#10;Capabilities {acceptInsecureCerts: false, acceptSslCerts: false, applicationCacheEnabled: false, browserConnectionEnabled: false, browserName: chrome, chrome: {chromedriverVersion: 2.36.540470 (e522d04694c7eb..., userDataDir: C:\Users\SHWETA~1\AppData\L...}, cssSelectorsEnabled: true, databaseEnabled: false, handlesAlerts: true, hasTouchScreen: false, javascriptEnabled: true, locationContextEnabled: true, mobileEmulationEnabled: false, nativeEvents: true, networkConnectionEnabled: false, pageLoadStrategy: normal, platform: XP, platformName: XP, rotatable: false, setWindowRect: true, takesHeapSnapshot: true, takesScreenshot: true, unexpectedAlertBehaviour: , unhandledPromptBehavior: , version: 66.0.3359.117, webStorageEnabled: true}&#10;Session ID: 53d91a1cbbe55f6e46758efebcbcfe9b" type="org.openqa.selenium.NoSuchSessionException">org.openqa.selenium.NoSuchSessionException: no such session
  (Driver info: chromedriver=2.36.540470 (e522d04694c7ebea4ba8821272dbef4f9b818c91),platform=Windows NT 6.3.9600 x86_64) (WARNING: The server did not provide any stacktrace information)
Command duration or timeout: 0 milliseconds
Build info: version: '3.10.0', revision: '176b4a9', time: '2018-03-02T19:03:16.397Z'
System info: host: 'DLLA1439', ip: '10.90.0.147', os.name: 'Windows 8.1', os.arch: 'amd64', os.version: '6.3', java.version: '1.8.0_161'
Driver info: org.openqa.selenium.chrome.ChromeDriver
Capabilities {acceptInsecureCerts: false, acceptSslCerts: false, applicationCacheEnabled: false, browserConnectionEnabled: false, browserName: chrome, chrome: {chromedriverVersion: 2.36.540470 (e522d04694c7eb..., userDataDir: C:\Users\SHWETA~1\AppData\L...}, cssSelectorsEnabled: true, databaseEnabled: false, handlesAlerts: true, hasTouchScreen: false, javascriptEnabled: true, locationContextEnabled: true, mobileEmulationEnabled: false, nativeEvents: true, networkConnectionEnabled: false, pageLoadStrategy: normal, platform: XP, platformName: XP, rotatable: false, setWindowRect: true, takesHeapSnapshot: true, takesScreenshot: true, unexpectedAlertBehaviour: , unhandledPromptBehavior: , version: 66.0.3359.117, webStorageEnabled: true}
Session ID: 53d91a1cbbe55f6e46758efebcbcfe9b
	at sun.reflect.GeneratedConstructorAccessor15.newInstance(Unknown Source)
	at sun.reflect.DelegatingConstructorAccessorImpl.newInstance(DelegatingConstructorAccessorImpl.java:45)
	at java.lang.reflect.Constructor.newInstance(Constructor.java:423)
	at org.openqa.selenium.remote.ErrorHandler.createThrowable(ErrorHandler.java:214)
	at org.openqa.selenium.remote.ErrorHandler.throwIfResponseFailed(ErrorHandler.java:166)
	at org.openqa.selenium.remote.http.JsonHttpResponseCodec.reconstructValue(JsonHttpResponseCodec.java:40)
	at org.openqa.selenium.remote.http.AbstractHttpResponseCodec.decode(AbstractHttpResponseCodec.java:80)
	at org.openqa.selenium.remote.http.AbstractHttpResponseCodec.decode(AbstractHttpResponseCodec.java:44)
	at org.openqa.selenium.remote.HttpCommandExecutor.execute(HttpCommandExecutor.java:160)
	at org.openqa.selenium.remote.service.DriverCommandExecutor.execute(DriverCommandExecutor.java:83)
	at org.openqa.selenium.remote.RemoteWebDriver.execute(RemoteWebDriver.java:601)
	at org.openqa.selenium.remote.RemoteWebDriver$RemoteWebDriverOptions$RemoteTimeouts.implicitlyWait(RemoteWebDriver.java:835)
	at com.qait.automation.getpageobjects.GetPage.isElementNotDisplayed(GetPage.java:416)
	at com.qait.LegCompass.keywords.BillDetailPage.verifyCommitteeReports(BillDetailPage.java:2053)
	at com.qait.politico.LegCompass.tests.StateBillDetailTest.Test023_Verify_Committee_Reports_Document(StateBillDetailTest.java:372)
</failure>
    <system-out><![CDATA[Driver is null while taking screen shot
 
***** STARTING TEST STEP: TEST023_VERIFY_COMMITTEE_REPORTS_DOCUMENT *****
 
]]></system-out>
  </testcase>
  <testcase name="Test024_VerifyLegisslativeOutcomeNotPresentForStateBills" classname="com.qait.politico.LegCompass.tests.StateBillDetailTest" time="0.002">
    <failure message="no such session&#10;  (Driver info: chromedriver=2.36.540470 (e522d04694c7ebea4ba8821272dbef4f9b818c91),platform=Windows NT 6.3.9600 x86_64) (WARNING: The server did not provide any stacktrace information)&#10;Command duration or timeout: 0 milliseconds&#10;Build info: version: &apos;3.10.0&apos;, revision: &apos;176b4a9&apos;, time: &apos;2018-03-02T19:03:16.397Z&apos;&#10;System info: host: &apos;DLLA1439&apos;, ip: &apos;10.90.0.147&apos;, os.name: &apos;Windows 8.1&apos;, os.arch: &apos;amd64&apos;, os.version: &apos;6.3&apos;, java.version: &apos;1.8.0_161&apos;&#10;Driver info: org.openqa.selenium.chrome.ChromeDriver&#10;Capabilities {acceptInsecureCerts: false, acceptSslCerts: false, applicationCacheEnabled: false, browserConnectionEnabled: false, browserName: chrome, chrome: {chromedriverVersion: 2.36.540470 (e522d04694c7eb..., userDataDir: C:\Users\SHWETA~1\AppData\L...}, cssSelectorsEnabled: true, databaseEnabled: false, handlesAlerts: true, hasTouchScreen: false, javascriptEnabled: true, locationContextEnabled: true, mobileEmulationEnabled: false, nativeEvents: true, networkConnectionEnabled: false, pageLoadStrategy: normal, platform: XP, platformName: XP, rotatable: false, setWindowRect: true, takesHeapSnapshot: true, takesScreenshot: true, unexpectedAlertBehaviour: , unhandledPromptBehavior: , version: 66.0.3359.117, webStorageEnabled: true}&#10;Session ID: 53d91a1cbbe55f6e46758efebcbcfe9b" type="org.openqa.selenium.NoSuchSessionException">org.openqa.selenium.NoSuchSessionException: no such session
  (Driver info: chromedriver=2.36.540470 (e522d04694c7ebea4ba8821272dbef4f9b818c91),platform=Windows NT 6.3.9600 x86_64) (WARNING: The server did not provide any stacktrace information)
Command duration or timeout: 0 milliseconds
Build info: version: '3.10.0', revision: '176b4a9', time: '2018-03-02T19:03:16.397Z'
System info: host: 'DLLA1439', ip: '10.90.0.147', os.name: 'Windows 8.1', os.arch: 'amd64', os.version: '6.3', java.version: '1.8.0_161'
Driver info: org.openqa.selenium.chrome.ChromeDriver
Capabilities {acceptInsecureCerts: false, acceptSslCerts: false, applicationCacheEnabled: false, browserConnectionEnabled: false, browserName: chrome, chrome: {chromedriverVersion: 2.36.540470 (e522d04694c7eb..., userDataDir: C:\Users\SHWETA~1\AppData\L...}, cssSelectorsEnabled: true, databaseEnabled: false, handlesAlerts: true, hasTouchScreen: false, javascriptEnabled: true, locationContextEnabled: true, mobileEmulationEnabled: false, nativeEvents: true, networkConnectionEnabled: false, pageLoadStrategy: normal, platform: XP, platformName: XP, rotatable: false, setWindowRect: true, takesHeapSnapshot: true, takesScreenshot: true, unexpectedAlertBehaviour: , unhandledPromptBehavior: , version: 66.0.3359.117, webStorageEnabled: true}
Session ID: 53d91a1cbbe55f6e46758efebcbcfe9b
	at sun.reflect.GeneratedConstructorAccessor15.newInstance(Unknown Source)
	at sun.reflect.DelegatingConstructorAccessorImpl.newInstance(DelegatingConstructorAccessorImpl.java:45)
	at java.lang.reflect.Constructor.newInstance(Constructor.java:423)
	at org.openqa.selenium.remote.ErrorHandler.createThrowable(ErrorHandler.java:214)
	at org.openqa.selenium.remote.ErrorHandler.throwIfResponseFailed(ErrorHandler.java:166)
	at org.openqa.selenium.remote.http.JsonHttpResponseCodec.reconstructValue(JsonHttpResponseCodec.java:40)
	at org.openqa.selenium.remote.http.AbstractHttpResponseCodec.decode(AbstractHttpResponseCodec.java:80)
	at org.openqa.selenium.remote.http.AbstractHttpResponseCodec.decode(AbstractHttpResponseCodec.java:44)
	at org.openqa.selenium.remote.HttpCommandExecutor.execute(HttpCommandExecutor.java:160)
	at org.openqa.selenium.remote.service.DriverCommandExecutor.execute(DriverCommandExecutor.java:83)
	at org.openqa.selenium.remote.RemoteWebDriver.execute(RemoteWebDriver.java:601)
	at org.openqa.selenium.remote.RemoteWebDriver.execute(RemoteWebDriver.java:658)
	at org.openqa.selenium.remote.RemoteWebDriver.close(RemoteWebDriver.java:487)
	at com.qait.automation.getpageobjects.BaseUi.closeWindow(BaseUi.java:278)
	at com.qait.LegCompass.keywords.BillDetailPage.closeAndSwitchToPreviousWindow(BillDetailPage.java:544)
	at com.qait.politico.LegCompass.tests.StateBillDetailTest.Test024_VerifyLegisslativeOutcomeNotPresentForStateBills(StateBillDetailTest.java:381)
</failure>
    <system-out><![CDATA[Driver is null while taking screen shot
 
***** STARTING TEST STEP: TEST024_VERIFYLEGISSLATIVEOUTCOMENOTPRESENTFORSTATEBILLS *****
 
]]></system-out>
  </testcase>
  <testcase name="Test010_VerifyViewNote" classname="com.qait.politico.LegCompass.tests.YourPreferencePageTest" time="10.466"/>
  <testcase name="Test011_See_Notes" classname="com.qait.politico.LegCompass.tests.YourPreferencePageTest" time="6.083"/>
  <testcase name="Test011_Verify_Folders" classname="com.qait.politico.LegCompass.tests.YourPreferencePageTest" time="5.231"/>
  <testcase name="Test012_See_Folders" classname="com.qait.politico.LegCompass.tests.YourPreferencePageTest" time="6.115"/>
  <testcase name="Test001_Login" classname="com.qait.politico.LegCompass.tests.RoleCallVoteSearchTest" time="31.128"/>
  <testcase name="Test002_Launch_LegislativeCompass" classname="com.qait.politico.LegCompass.tests.RoleCallVoteSearchTest" time="15.89"/>
  <testcase name="Test003_Move_To_Roll_Call_Search_Page" classname="com.qait.politico.LegCompass.tests.RoleCallVoteSearchTest" time="15.057"/>
  <testcase name="Test013_Verify_Recently_Viewed" classname="com.qait.politico.LegCompass.tests.YourPreferencePageTest" time="7.19"/>
  <testcase name="Test014_See_All_Recently_Viewed" classname="com.qait.politico.LegCompass.tests.YourPreferencePageTest" time="26.698"/>
  <testcase name="Test004_Search_By_Keyword_Or_Bill" classname="com.qait.politico.LegCompass.tests.RoleCallVoteSearchTest" time="8.582">
    <failure message="FAILED: Element tab-rightRail not found on the RollCallPage !!!" type="java.lang.AssertionError">java.lang.AssertionError: FAILED: Element tab-rightRail not found on the RollCallPage !!!
	at org.testng.Assert.fail(Assert.java:94)
	at com.qait.automation.getpageobjects.GetPage.element(GetPage.java:105)
	at com.qait.LegCompass.keywords.RollCallSearchPage.clickTabOnRightRail(RollCallSearchPage.java:523)
	at com.qait.LegCompass.keywords.RollCallSearchPage.verifyKeyword(RollCallSearchPage.java:547)
	at com.qait.politico.LegCompass.tests.RoleCallVoteSearchTest.Test004_Search_By_Keyword_Or_Bill(RoleCallVoteSearchTest.java:40)
</failure>
    <system-out><![CDATA[YAML DATA chrome	web	hybrid
#########
https://west.ops.politico.com/pro-marketing.html

***** STARTING TEST: LEGISLATIVE_OUTCOME_TEST *****

Launching browser /chrome/ against starting URL: https://west.ops.politico.com/pro-marketing.html
 
***** STARTING TEST STEP: TEST001_LOGIN *****
 
]]></system-out>
    <system-err><![CDATA[Apr 24, 2018 2:12:17 PM org.openqa.selenium.remote.ProtocolHandshake createSession
INFO: Detected dialect: OSS
]]></system-err>
  </testcase>
  <testcase name="Test005_Search_By_Congress" classname="com.qait.politico.LegCompass.tests.RoleCallVoteSearchTest" time="30.102">
    <failure message="FAILED: Element btn-clrFilters not found on the LegislationSearch !!!" type="java.lang.AssertionError">java.lang.AssertionError: FAILED: Element btn-clrFilters not found on the LegislationSearch !!!
	at org.testng.Assert.fail(Assert.java:94)
	at com.qait.automation.getpageobjects.GetPage.element(GetPage.java:105)
	at com.qait.automation.getpageobjects.GetPage.element(GetPage.java:80)
	at com.qait.LegCompass.keywords.LegislationSearchPage.clearFilters(LegislationSearchPage.java:222)
	at com.qait.politico.LegCompass.tests.RoleCallVoteSearchTest.Test005_Search_By_Congress(RoleCallVoteSearchTest.java:50)
</failure>
    <system-out><![CDATA[ [INFO] Saving screenshot to D:\POLITICO\2017_automationscripts\./target/screenshots/\RoleCallVoteSearchTest\2018_04_24_02_12_PM\screenshot.png
 
***** STARTING TEST STEP: TEST005_SEARCH_BY_CONGRESS *****
 
Entered Email 'AutomationLCUser007@yopmail.com' !! 
Entered Password 'Qatest@123' !! 
]]></system-out>
  </testcase>
  <testcase name="Test001_Login" classname="com.qait.politico.LegCompass.tests.Legislative_Outcome_Test" time="21.867"/>
  <testcase name="Test006_Search_By_Chamber" classname="com.qait.politico.LegCompass.tests.RoleCallVoteSearchTest" time="8.202">
    <failure message="FAILED: Element btn-clrFilters not found on the LegislationSearch !!!" type="java.lang.AssertionError">java.lang.AssertionError: FAILED: Element btn-clrFilters not found on the LegislationSearch !!!
	at org.testng.Assert.fail(Assert.java:94)
	at com.qait.automation.getpageobjects.GetPage.element(GetPage.java:105)
	at com.qait.automation.getpageobjects.GetPage.element(GetPage.java:80)
	at com.qait.LegCompass.keywords.LegislationSearchPage.clearFilters(LegislationSearchPage.java:222)
	at com.qait.politico.LegCompass.tests.RoleCallVoteSearchTest.Test006_Search_By_Chamber(RoleCallVoteSearchTest.java:61)
</failure>
    <system-out><![CDATA[ 
***** STARTING TEST STEP: TEST002_LAUNCH_LEGISLATIVECOMPASS *****
 
  [info] Window closed
Windows size before: 1
]]></system-out>
  </testcase>
  <testcase name="Test002_Launch_LegislativeCompass" classname="com.qait.politico.LegCompass.tests.Legislative_Outcome_Test" time="7.267"/>
  <testcase name="Test007_Search_By_CRS_Issue_Area" classname="com.qait.politico.LegCompass.tests.RoleCallVoteSearchTest" time="22.803">
    <failure message="FAILED: Element btn-clrFilters not found on the LegislationSearch !!!" type="java.lang.AssertionError">java.lang.AssertionError: FAILED: Element btn-clrFilters not found on the LegislationSearch !!!
	at org.testng.Assert.fail(Assert.java:94)
	at com.qait.automation.getpageobjects.GetPage.element(GetPage.java:105)
	at com.qait.automation.getpageobjects.GetPage.element(GetPage.java:80)
	at com.qait.LegCompass.keywords.LegislationSearchPage.clearFilters(LegislationSearchPage.java:222)
	at com.qait.politico.LegCompass.tests.RoleCallVoteSearchTest.Test007_Search_By_CRS_Issue_Area(RoleCallVoteSearchTest.java:69)
</failure>
    <system-out><![CDATA[ 
***** STARTING TEST STEP: TEST003_VERIFY_LEGISLATIVE_OUTCOME_TAB *****
 
  [info] Keyword to search entered
H.R. 195
  [info] Bill number filter verified
Windows size before: 2
]]></system-out>
  </testcase>
  <testcase name="Test003_Verify_Legislative_Outcome_Tab" classname="com.qait.politico.LegCompass.tests.Legislative_Outcome_Test" time="17.569"/>
  <testcase name="Test008_Search_By_Vote_On" classname="com.qait.politico.LegCompass.tests.RoleCallVoteSearchTest" time="12.474">
    <failure message="FAILED: Element btn-clrFilters not found on the LegislationSearch !!!" type="java.lang.AssertionError">java.lang.AssertionError: FAILED: Element btn-clrFilters not found on the LegislationSearch !!!
	at org.testng.Assert.fail(Assert.java:94)
	at com.qait.automation.getpageobjects.GetPage.element(GetPage.java:105)
	at com.qait.automation.getpageobjects.GetPage.element(GetPage.java:80)
	at com.qait.LegCompass.keywords.LegislationSearchPage.clearFilters(LegislationSearchPage.java:222)
	at com.qait.politico.LegCompass.tests.RoleCallVoteSearchTest.Test008_Search_By_Vote_On(RoleCallVoteSearchTest.java:84)
</failure>
    <system-out><![CDATA[ 
***** STARTING TEST STEP: TEST004_VERIFY_LEGISLATIVE_OUTCOME_DETAILS_LC_2371 *****
 
  [info] Window closed
Windows size before: 1
  [info] After switching windows, new window title: Bill Search - POLITICO Pro
  [info] Window closed and switched to the previous window
  [info] Keyword to search entered
]]></system-out>
  </testcase>
  <testcase name="Test009_Search_By_Legislators" classname="com.qait.politico.LegCompass.tests.RoleCallVoteSearchTest" time="30.013">
    <failure message="FAILED: Element btn-clrFilters not found on the LegislationSearch !!!" type="java.lang.AssertionError">java.lang.AssertionError: FAILED: Element btn-clrFilters not found on the LegislationSearch !!!
	at org.testng.Assert.fail(Assert.java:94)
	at com.qait.automation.getpageobjects.GetPage.element(GetPage.java:105)
	at com.qait.automation.getpageobjects.GetPage.element(GetPage.java:80)
	at com.qait.LegCompass.keywords.LegislationSearchPage.clearFilters(LegislationSearchPage.java:222)
	at com.qait.politico.LegCompass.tests.RoleCallVoteSearchTest.Test009_Search_By_Legislators(RoleCallVoteSearchTest.java:99)
</failure>
    <system-out><![CDATA[ [INFO] Saving screenshot to D:\POLITICO\2017_automationscripts\./target/screenshots/\RoleCallVoteSearchTest\2018_04_24_02_14_PM\screenshot.png
 
***** STARTING TEST STEP: TEST009_SEARCH_BY_LEGISLATORS *****
 
Windows size before: 2
  [info] After switching windows, new window title: Bill Overview - POLITICO Pro
First bill on the Roll Call Page opened
  [info] Legislative Outcome tab on right rail clicked
[PASSED] element heading-mainBillPage with text 'Legislative Outcome for' is displayed.
  [info] Heading is correctly displayed
[PASSED] element legOutcomeResults is displayed.
[PASSED] Changes are placed in order
]]></system-out>
  </testcase>
  <testcase name="Test004_Verify_Legislative_Outcome_Details_LC_2371" classname="com.qait.politico.LegCompass.tests.Legislative_Outcome_Test" time="25.462">
    <failure message="FAILED: Element innerBillInstructions not found on the LegOutcome !!!" type="java.lang.AssertionError">java.lang.AssertionError: FAILED: Element innerBillInstructions not found on the LegOutcome !!!
	at org.testng.Assert.fail(Assert.java:94)
	at com.qait.automation.getpageobjects.GetPage.element(GetPage.java:105)
	at com.qait.automation.getpageobjects.GetPage.element(GetPage.java:80)
	at com.qait.automation.getpageobjects.GetPage.isElementDisplayed(GetPage.java:231)
	at com.qait.LegCompass.keywords.LegOutcomePage.VerifyInstructionOutcomeAnalysis(LegOutcomePage.java:110)
	at com.qait.politico.LegCompass.tests.Legislative_Outcome_Test.Test004_Verify_Legislative_Outcome_Details_LC_2371(Legislative_Outcome_Test.java:50)
</failure>
    <system-out><![CDATA[ [INFO] Saving screenshot to D:\POLITICO\2017_automationscripts\./target/screenshots/\RoleCallVoteSearchTest\2018_04_24_02_15_PM\screenshot.png
 
***** STARTING TEST STEP: TEST010_SEARCH_FOR_MULTIPLE_FIELDS *****
 
]]></system-out>
  </testcase>
  <testcase name="Test010_Search_For_Multiple_Fields" classname="com.qait.politico.LegCompass.tests.RoleCallVoteSearchTest" time="4.188">
    <failure message="FAILED: Element btn-clrFilters not found on the RollCallPage !!!" type="java.lang.AssertionError">java.lang.AssertionError: FAILED: Element btn-clrFilters not found on the RollCallPage !!!
	at org.testng.Assert.fail(Assert.java:94)
	at com.qait.automation.getpageobjects.GetPage.element(GetPage.java:105)
	at com.qait.automation.getpageobjects.GetPage.element(GetPage.java:80)
	at com.qait.LegCompass.keywords.RollCallSearchPage.verifyAllFiltersCleared(RollCallSearchPage.java:147)
	at com.qait.politico.LegCompass.tests.RoleCallVoteSearchTest.Test010_Search_For_Multiple_Fields(RoleCallVoteSearchTest.java:112)
</failure>
    <system-out><![CDATA[ [INFO] Saving screenshot to D:\POLITICO\2017_automationscripts\./target/screenshots/\Legislative_Outcome_Test\2018_04_24_02_15_PM\screenshot.png
 
***** STARTING TEST STEP: TEST005_VERIFYLEGISLATIVE_OUTCOME_IS_NOT_PRESENT_FOR_BILLS_WITH_NO_BILL_TEXT *****
 
  [info] Window closed
Windows size before: 1
  [info] After switching windows, new window title: Bill Search - POLITICO Pro
  [info] Window closed and switched to the previous window
]]></system-out>
  </testcase>
  <testcase name="Test011_Search_By_Date_Range" classname="com.qait.politico.LegCompass.tests.RoleCallVoteSearchTest" time="30.056">
    <failure message="FAILED: Element btn-clrFilters not found on the RollCallPage !!!" type="java.lang.AssertionError">java.lang.AssertionError: FAILED: Element btn-clrFilters not found on the RollCallPage !!!
	at org.testng.Assert.fail(Assert.java:94)
	at com.qait.automation.getpageobjects.GetPage.element(GetPage.java:105)
	at com.qait.automation.getpageobjects.GetPage.element(GetPage.java:80)
	at com.qait.LegCompass.keywords.RollCallSearchPage.verifyAllFiltersCleared(RollCallSearchPage.java:147)
	at com.qait.politico.LegCompass.tests.RoleCallVoteSearchTest.Test011_Search_By_Date_Range(RoleCallVoteSearchTest.java:122)
</failure>
    <system-out><![CDATA[ [INFO] Saving screenshot to D:\POLITICO\2017_automationscripts\./target/screenshots/\RoleCallVoteSearchTest\2018_04_24_02_15_PM\screenshot.png
 
***** STARTING TEST STEP: TEST011_SEARCH_BY_DATE_RANGE *****
 
  [info] Filters cleared
Windows size before: 2
  [info] After switching windows, new window title: Bill Overview - POLITICO Pro
[PASSED] element txt-billTextCount is displayed
Bill without Bill Text is clicked
]]></system-out>
  </testcase>
  <testcase name="Test005_VerifyLegislative_Outcome_Is_Not_Present_For_bills_With_No_Bill_Text" classname="com.qait.politico.LegCompass.tests.Legislative_Outcome_Test" time="0.892"/>
  <testcase name="Test012_Sort_Bills" classname="com.qait.politico.LegCompass.tests.RoleCallVoteSearchTest" time="29.149">
    <failure message="FAILED: Element btn-clrFilters not found on the RollCallPage !!!" type="java.lang.AssertionError">java.lang.AssertionError: FAILED: Element btn-clrFilters not found on the RollCallPage !!!
	at org.testng.Assert.fail(Assert.java:94)
	at com.qait.automation.getpageobjects.GetPage.element(GetPage.java:105)
	at com.qait.automation.getpageobjects.GetPage.element(GetPage.java:80)
	at com.qait.LegCompass.keywords.RollCallSearchPage.verifyAllFiltersCleared(RollCallSearchPage.java:147)
	at com.qait.politico.LegCompass.tests.RoleCallVoteSearchTest.Test012_Sort_Bills(RoleCallVoteSearchTest.java:131)
</failure>
    <system-out><![CDATA[ 
***** STARTING TEST STEP: TEST006_LC_2370_VERIFY_LEGISLATIVEOUTCOME_FOR_BILLS_THAT_HAVE_BECOME_PUBLIC_LAWS *****
 
  [info] Window closed
Windows size before: 1
  [info] After switching windows, new window title: Bill Search - POLITICO Pro
  [info] Window closed and switched to the previous window
]]></system-out>
  </testcase>
  <testcase name="Test006_LC_2370_Verify_LegislativeOutcome_For_Bills_That_Have_Become_Public_Laws" classname="com.qait.politico.LegCompass.tests.Legislative_Outcome_Test" time="11.072">
    <failure message="Expected condition failed: waiting for element to no longer be visible: By.cssSelector: div#loading-results (tried for 30 second(s) with 500 milliseconds interval)&#10;Build info: version: &apos;3.10.0&apos;, revision: &apos;176b4a9&apos;, time: &apos;2018-03-02T19:03:16.397Z&apos;&#10;System info: host: &apos;DLLA1439&apos;, ip: &apos;10.90.0.147&apos;, os.name: &apos;Windows 8.1&apos;, os.arch: &apos;amd64&apos;, os.version: &apos;6.3&apos;, java.version: &apos;1.8.0_161&apos;&#10;Driver info: org.openqa.selenium.chrome.ChromeDriver&#10;Capabilities {acceptInsecureCerts: false, acceptSslCerts: false, applicationCacheEnabled: false, browserConnectionEnabled: false, browserName: chrome, chrome: {chromedriverVersion: 2.36.540470 (e522d04694c7eb..., userDataDir: C:\Users\SHWETA~1\AppData\L...}, cssSelectorsEnabled: true, databaseEnabled: false, handlesAlerts: true, hasTouchScreen: false, javascriptEnabled: true, locationContextEnabled: true, mobileEmulationEnabled: false, nativeEvents: true, networkConnectionEnabled: false, pageLoadStrategy: normal, platform: XP, platformName: XP, rotatable: false, setWindowRect: true, takesHeapSnapshot: true, takesScreenshot: true, unexpectedAlertBehaviour: , unhandledPromptBehavior: , version: 66.0.3359.117, webStorageEnabled: true}&#10;Session ID: 524f68af5825fff765cc3d7954a0cf12" type="org.openqa.selenium.TimeoutException">org.openqa.selenium.TimeoutException: Expected condition failed: waiting for element to no longer be visible: By.cssSelector: div#loading-results (tried for 30 second(s) with 500 milliseconds interval)
Build info: version: '3.10.0', revision: '176b4a9', time: '2018-03-02T19:03:16.397Z'
System info: host: 'DLLA1439', ip: '10.90.0.147', os.name: 'Windows 8.1', os.arch: 'amd64', os.version: '6.3', java.version: '1.8.0_161'
Driver info: org.openqa.selenium.chrome.ChromeDriver
Capabilities {acceptInsecureCerts: false, acceptSslCerts: false, applicationCacheEnabled: false, browserConnectionEnabled: false, browserName: chrome, chrome: {chromedriverVersion: 2.36.540470 (e522d04694c7eb..., userDataDir: C:\Users\SHWETA~1\AppData\L...}, cssSelectorsEnabled: true, databaseEnabled: false, handlesAlerts: true, hasTouchScreen: false, javascriptEnabled: true, locationContextEnabled: true, mobileEmulationEnabled: false, nativeEvents: true, networkConnectionEnabled: false, pageLoadStrategy: normal, platform: XP, platformName: XP, rotatable: false, setWindowRect: true, takesHeapSnapshot: true, takesScreenshot: true, unexpectedAlertBehaviour: , unhandledPromptBehavior: , version: 66.0.3359.117, webStorageEnabled: true}
Session ID: 524f68af5825fff765cc3d7954a0cf12
	at org.openqa.selenium.support.ui.WebDriverWait.timeoutException(WebDriverWait.java:82)
	at org.openqa.selenium.support.ui.FluentWait.until(FluentWait.java:272)
	at com.qait.automation.utils.SeleniumWait.waitForElementToBeInVisible(SeleniumWait.java:88)
	at com.qait.LegCompass.keywords.LegislationSearchPage.clearFilters(LegislationSearchPage.java:223)
	at com.qait.politico.LegCompass.tests.Legislative_Outcome_Test.Test006_LC_2370_Verify_LegislativeOutcome_For_Bills_That_Have_Become_Public_Laws(Legislative_Outcome_Test.java:66)
</failure>
    <system-out><![CDATA[ [INFO] Saving screenshot to D:\POLITICO\2017_automationscripts\./target/screenshots/\RoleCallVoteSearchTest\2018_04_24_02_16_PM\screenshot.png
 
***** STARTING TEST STEP: TEST013_VERIFY_PAGINATION *****
 
]]></system-out>
  </testcase>
  <testcase name="Test007_Verify_Leg_Outcome_Details_For_Changes_Made_To_Existing_Laws_LC_2373" classname="com.qait.politico.LegCompass.tests.Legislative_Outcome_Test" time="4.326">
    <failure message="no such session&#10;  (Driver info: chromedriver=2.36.540470 (e522d04694c7ebea4ba8821272dbef4f9b818c91),platform=Windows NT 6.3.9600 x86_64) (WARNING: The server did not provide any stacktrace information)&#10;Command duration or timeout: 0 milliseconds&#10;Build info: version: &apos;3.10.0&apos;, revision: &apos;176b4a9&apos;, time: &apos;2018-03-02T19:03:16.397Z&apos;&#10;System info: host: &apos;DLLA1439&apos;, ip: &apos;10.90.0.147&apos;, os.name: &apos;Windows 8.1&apos;, os.arch: &apos;amd64&apos;, os.version: &apos;6.3&apos;, java.version: &apos;1.8.0_161&apos;&#10;Driver info: org.openqa.selenium.chrome.ChromeDriver&#10;Capabilities {acceptInsecureCerts: false, acceptSslCerts: false, applicationCacheEnabled: false, browserConnectionEnabled: false, browserName: chrome, chrome: {chromedriverVersion: 2.36.540470 (e522d04694c7eb..., userDataDir: C:\Users\SHWETA~1\AppData\L...}, cssSelectorsEnabled: true, databaseEnabled: false, handlesAlerts: true, hasTouchScreen: false, javascriptEnabled: true, locationContextEnabled: true, mobileEmulationEnabled: false, nativeEvents: true, networkConnectionEnabled: false, pageLoadStrategy: normal, platform: XP, platformName: XP, rotatable: false, setWindowRect: true, takesHeapSnapshot: true, takesScreenshot: true, unexpectedAlertBehaviour: , unhandledPromptBehavior: , version: 66.0.3359.117, webStorageEnabled: true}&#10;Session ID: 524f68af5825fff765cc3d7954a0cf12" type="org.openqa.selenium.NoSuchSessionException">org.openqa.selenium.NoSuchSessionException: no such session
  (Driver info: chromedriver=2.36.540470 (e522d04694c7ebea4ba8821272dbef4f9b818c91),platform=Windows NT 6.3.9600 x86_64) (WARNING: The server did not provide any stacktrace information)
Command duration or timeout: 0 milliseconds
Build info: version: '3.10.0', revision: '176b4a9', time: '2018-03-02T19:03:16.397Z'
System info: host: 'DLLA1439', ip: '10.90.0.147', os.name: 'Windows 8.1', os.arch: 'amd64', os.version: '6.3', java.version: '1.8.0_161'
Driver info: org.openqa.selenium.chrome.ChromeDriver
Capabilities {acceptInsecureCerts: false, acceptSslCerts: false, applicationCacheEnabled: false, browserConnectionEnabled: false, browserName: chrome, chrome: {chromedriverVersion: 2.36.540470 (e522d04694c7eb..., userDataDir: C:\Users\SHWETA~1\AppData\L...}, cssSelectorsEnabled: true, databaseEnabled: false, handlesAlerts: true, hasTouchScreen: false, javascriptEnabled: true, locationContextEnabled: true, mobileEmulationEnabled: false, nativeEvents: true, networkConnectionEnabled: false, pageLoadStrategy: normal, platform: XP, platformName: XP, rotatable: false, setWindowRect: true, takesHeapSnapshot: true, takesScreenshot: true, unexpectedAlertBehaviour: , unhandledPromptBehavior: , version: 66.0.3359.117, webStorageEnabled: true}
Session ID: 524f68af5825fff765cc3d7954a0cf12
	at sun.reflect.GeneratedConstructorAccessor15.newInstance(Unknown Source)
	at sun.reflect.DelegatingConstructorAccessorImpl.newInstance(DelegatingConstructorAccessorImpl.java:45)
	at java.lang.reflect.Constructor.newInstance(Constructor.java:423)
	at org.openqa.selenium.remote.ErrorHandler.createThrowable(ErrorHandler.java:214)
	at org.openqa.selenium.remote.ErrorHandler.throwIfResponseFailed(ErrorHandler.java:166)
	at org.openqa.selenium.remote.http.JsonHttpResponseCodec.reconstructValue(JsonHttpResponseCodec.java:40)
	at org.openqa.selenium.remote.http.AbstractHttpResponseCodec.decode(AbstractHttpResponseCodec.java:80)
	at org.openqa.selenium.remote.http.AbstractHttpResponseCodec.decode(AbstractHttpResponseCodec.java:44)
	at org.openqa.selenium.remote.HttpCommandExecutor.execute(HttpCommandExecutor.java:160)
	at org.openqa.selenium.remote.service.DriverCommandExecutor.execute(DriverCommandExecutor.java:83)
	at org.openqa.selenium.remote.RemoteWebDriver.execute(RemoteWebDriver.java:601)
	at org.openqa.selenium.remote.RemoteWebDriver.execute(RemoteWebDriver.java:658)
	at org.openqa.selenium.remote.RemoteWebDriver.getWindowHandles(RemoteWebDriver.java:506)
	at com.qait.automation.getpageobjects.BaseUi.changeWindow(BaseUi.java:583)
	at com.qait.LegCompass.keywords.BillDetailPage.closeAndSwitchToPreviousWindow(BillDetailPage.java:545)
	at com.qait.politico.LegCompass.tests.Legislative_Outcome_Test.Test007_Verify_Leg_Outcome_Details_For_Changes_Made_To_Existing_Laws_LC_2373(Legislative_Outcome_Test.java:86)
</failure>
    <system-out><![CDATA[ [INFO] Saving screenshot to D:\POLITICO\2017_automationscripts\./target/screenshots/\Legislative_Outcome_Test\2018_04_24_02_16_PM\screenshot.png
 
***** STARTING TEST STEP: TEST007_VERIFY_LEG_OUTCOME_DETAILS_FOR_CHANGES_MADE_TO_EXISTING_LAWS_LC_2373 *****
 
  [info] Window closed
]]></system-out>
  </testcase>
  <testcase name="Test008_Verify_Leg_Outcome_Details_For_Changes_Since_Its_Enactment_LC_2374" classname="com.qait.politico.LegCompass.tests.Legislative_Outcome_Test" time="0">
    <failure message="no such session&#10;  (Driver info: chromedriver=2.36.540470 (e522d04694c7ebea4ba8821272dbef4f9b818c91),platform=Windows NT 6.3.9600 x86_64) (WARNING: The server did not provide any stacktrace information)&#10;Command duration or timeout: 0 milliseconds&#10;Build info: version: &apos;3.10.0&apos;, revision: &apos;176b4a9&apos;, time: &apos;2018-03-02T19:03:16.397Z&apos;&#10;System info: host: &apos;DLLA1439&apos;, ip: &apos;10.90.0.147&apos;, os.name: &apos;Windows 8.1&apos;, os.arch: &apos;amd64&apos;, os.version: &apos;6.3&apos;, java.version: &apos;1.8.0_161&apos;&#10;Driver info: org.openqa.selenium.chrome.ChromeDriver&#10;Capabilities {acceptInsecureCerts: false, acceptSslCerts: false, applicationCacheEnabled: false, browserConnectionEnabled: false, browserName: chrome, chrome: {chromedriverVersion: 2.36.540470 (e522d04694c7eb..., userDataDir: C:\Users\SHWETA~1\AppData\L...}, cssSelectorsEnabled: true, databaseEnabled: false, handlesAlerts: true, hasTouchScreen: false, javascriptEnabled: true, locationContextEnabled: true, mobileEmulationEnabled: false, nativeEvents: true, networkConnectionEnabled: false, pageLoadStrategy: normal, platform: XP, platformName: XP, rotatable: false, setWindowRect: true, takesHeapSnapshot: true, takesScreenshot: true, unexpectedAlertBehaviour: , unhandledPromptBehavior: , version: 66.0.3359.117, webStorageEnabled: true}&#10;Session ID: 524f68af5825fff765cc3d7954a0cf12" type="org.openqa.selenium.NoSuchSessionException">org.openqa.selenium.NoSuchSessionException: no such session
  (Driver info: chromedriver=2.36.540470 (e522d04694c7ebea4ba8821272dbef4f9b818c91),platform=Windows NT 6.3.9600 x86_64) (WARNING: The server did not provide any stacktrace information)
Command duration or timeout: 0 milliseconds
Build info: version: '3.10.0', revision: '176b4a9', time: '2018-03-02T19:03:16.397Z'
System info: host: 'DLLA1439', ip: '10.90.0.147', os.name: 'Windows 8.1', os.arch: 'amd64', os.version: '6.3', java.version: '1.8.0_161'
Driver info: org.openqa.selenium.chrome.ChromeDriver
Capabilities {acceptInsecureCerts: false, acceptSslCerts: false, applicationCacheEnabled: false, browserConnectionEnabled: false, browserName: chrome, chrome: {chromedriverVersion: 2.36.540470 (e522d04694c7eb..., userDataDir: C:\Users\SHWETA~1\AppData\L...}, cssSelectorsEnabled: true, databaseEnabled: false, handlesAlerts: true, hasTouchScreen: false, javascriptEnabled: true, locationContextEnabled: true, mobileEmulationEnabled: false, nativeEvents: true, networkConnectionEnabled: false, pageLoadStrategy: normal, platform: XP, platformName: XP, rotatable: false, setWindowRect: true, takesHeapSnapshot: true, takesScreenshot: true, unexpectedAlertBehaviour: , unhandledPromptBehavior: , version: 66.0.3359.117, webStorageEnabled: true}
Session ID: 524f68af5825fff765cc3d7954a0cf12
	at sun.reflect.GeneratedConstructorAccessor15.newInstance(Unknown Source)
	at sun.reflect.DelegatingConstructorAccessorImpl.newInstance(DelegatingConstructorAccessorImpl.java:45)
	at java.lang.reflect.Constructor.newInstance(Constructor.java:423)
	at org.openqa.selenium.remote.ErrorHandler.createThrowable(ErrorHandler.java:214)
	at org.openqa.selenium.remote.ErrorHandler.throwIfResponseFailed(ErrorHandler.java:166)
	at org.openqa.selenium.remote.http.JsonHttpResponseCodec.reconstructValue(JsonHttpResponseCodec.java:40)
	at org.openqa.selenium.remote.http.AbstractHttpResponseCodec.decode(AbstractHttpResponseCodec.java:80)
	at org.openqa.selenium.remote.http.AbstractHttpResponseCodec.decode(AbstractHttpResponseCodec.java:44)
	at org.openqa.selenium.remote.HttpCommandExecutor.execute(HttpCommandExecutor.java:160)
	at org.openqa.selenium.remote.service.DriverCommandExecutor.execute(DriverCommandExecutor.java:83)
	at org.openqa.selenium.remote.RemoteWebDriver.execute(RemoteWebDriver.java:601)
	at org.openqa.selenium.remote.RemoteWebDriver.execute(RemoteWebDriver.java:658)
	at org.openqa.selenium.remote.RemoteWebDriver.close(RemoteWebDriver.java:487)
	at com.qait.automation.getpageobjects.BaseUi.closeWindow(BaseUi.java:278)
	at com.qait.LegCompass.keywords.BillDetailPage.closeAndSwitchToPreviousWindow(BillDetailPage.java:544)
	at com.qait.politico.LegCompass.tests.Legislative_Outcome_Test.Test008_Verify_Leg_Outcome_Details_For_Changes_Since_Its_Enactment_LC_2374(Legislative_Outcome_Test.java:113)
</failure>
    <system-out><![CDATA[Driver is null while taking screen shot
 
***** STARTING TEST STEP: TEST008_VERIFY_LEG_OUTCOME_DETAILS_FOR_CHANGES_SINCE_ITS_ENACTMENT_LC_2374 *****
 
]]></system-out>
  </testcase>
  <testcase name="Test009_Verify_Leg_Outcome_Details_For_Work_In_Progress_Bills_LC_2481" classname="com.qait.politico.LegCompass.tests.Legislative_Outcome_Test" time="0">
    <failure message="no such session&#10;  (Driver info: chromedriver=2.36.540470 (e522d04694c7ebea4ba8821272dbef4f9b818c91),platform=Windows NT 6.3.9600 x86_64) (WARNING: The server did not provide any stacktrace information)&#10;Command duration or timeout: 0 milliseconds&#10;Build info: version: &apos;3.10.0&apos;, revision: &apos;176b4a9&apos;, time: &apos;2018-03-02T19:03:16.397Z&apos;&#10;System info: host: &apos;DLLA1439&apos;, ip: &apos;10.90.0.147&apos;, os.name: &apos;Windows 8.1&apos;, os.arch: &apos;amd64&apos;, os.version: &apos;6.3&apos;, java.version: &apos;1.8.0_161&apos;&#10;Driver info: org.openqa.selenium.chrome.ChromeDriver&#10;Capabilities {acceptInsecureCerts: false, acceptSslCerts: false, applicationCacheEnabled: false, browserConnectionEnabled: false, browserName: chrome, chrome: {chromedriverVersion: 2.36.540470 (e522d04694c7eb..., userDataDir: C:\Users\SHWETA~1\AppData\L...}, cssSelectorsEnabled: true, databaseEnabled: false, handlesAlerts: true, hasTouchScreen: false, javascriptEnabled: true, locationContextEnabled: true, mobileEmulationEnabled: false, nativeEvents: true, networkConnectionEnabled: false, pageLoadStrategy: normal, platform: XP, platformName: XP, rotatable: false, setWindowRect: true, takesHeapSnapshot: true, takesScreenshot: true, unexpectedAlertBehaviour: , unhandledPromptBehavior: , version: 66.0.3359.117, webStorageEnabled: true}&#10;Session ID: 524f68af5825fff765cc3d7954a0cf12" type="org.openqa.selenium.NoSuchSessionException">org.openqa.selenium.NoSuchSessionException: no such session
  (Driver info: chromedriver=2.36.540470 (e522d04694c7ebea4ba8821272dbef4f9b818c91),platform=Windows NT 6.3.9600 x86_64) (WARNING: The server did not provide any stacktrace information)
Command duration or timeout: 0 milliseconds
Build info: version: '3.10.0', revision: '176b4a9', time: '2018-03-02T19:03:16.397Z'
System info: host: 'DLLA1439', ip: '10.90.0.147', os.name: 'Windows 8.1', os.arch: 'amd64', os.version: '6.3', java.version: '1.8.0_161'
Driver info: org.openqa.selenium.chrome.ChromeDriver
Capabilities {acceptInsecureCerts: false, acceptSslCerts: false, applicationCacheEnabled: false, browserConnectionEnabled: false, browserName: chrome, chrome: {chromedriverVersion: 2.36.540470 (e522d04694c7eb..., userDataDir: C:\Users\SHWETA~1\AppData\L...}, cssSelectorsEnabled: true, databaseEnabled: false, handlesAlerts: true, hasTouchScreen: false, javascriptEnabled: true, locationContextEnabled: true, mobileEmulationEnabled: false, nativeEvents: true, networkConnectionEnabled: false, pageLoadStrategy: normal, platform: XP, platformName: XP, rotatable: false, setWindowRect: true, takesHeapSnapshot: true, takesScreenshot: true, unexpectedAlertBehaviour: , unhandledPromptBehavior: , version: 66.0.3359.117, webStorageEnabled: true}
Session ID: 524f68af5825fff765cc3d7954a0cf12
	at sun.reflect.GeneratedConstructorAccessor15.newInstance(Unknown Source)
	at sun.reflect.DelegatingConstructorAccessorImpl.newInstance(DelegatingConstructorAccessorImpl.java:45)
	at java.lang.reflect.Constructor.newInstance(Constructor.java:423)
	at org.openqa.selenium.remote.ErrorHandler.createThrowable(ErrorHandler.java:214)
	at org.openqa.selenium.remote.ErrorHandler.throwIfResponseFailed(ErrorHandler.java:166)
	at org.openqa.selenium.remote.http.JsonHttpResponseCodec.reconstructValue(JsonHttpResponseCodec.java:40)
	at org.openqa.selenium.remote.http.AbstractHttpResponseCodec.decode(AbstractHttpResponseCodec.java:80)
	at org.openqa.selenium.remote.http.AbstractHttpResponseCodec.decode(AbstractHttpResponseCodec.java:44)
	at org.openqa.selenium.remote.HttpCommandExecutor.execute(HttpCommandExecutor.java:160)
	at org.openqa.selenium.remote.service.DriverCommandExecutor.execute(DriverCommandExecutor.java:83)
	at org.openqa.selenium.remote.RemoteWebDriver.execute(RemoteWebDriver.java:601)
	at org.openqa.selenium.remote.RemoteWebDriver.execute(RemoteWebDriver.java:658)
	at org.openqa.selenium.remote.RemoteWebDriver.close(RemoteWebDriver.java:487)
	at com.qait.automation.getpageobjects.BaseUi.closeWindow(BaseUi.java:278)
	at com.qait.LegCompass.keywords.BillDetailPage.closeAndSwitchToPreviousWindow(BillDetailPage.java:544)
	at com.qait.politico.LegCompass.tests.Legislative_Outcome_Test.Test009_Verify_Leg_Outcome_Details_For_Work_In_Progress_Bills_LC_2481(Legislative_Outcome_Test.java:135)
</failure>
    <system-out><![CDATA[Driver is null while taking screen shot
 
***** STARTING TEST STEP: TEST009_VERIFY_LEG_OUTCOME_DETAILS_FOR_WORK_IN_PROGRESS_BILLS_LC_2481 *****
 
]]></system-out>
  </testcase>
  <testcase name="Test010_VerifyLegislative_Outcome_Is_Not_Present_For_States_Bills" classname="com.qait.politico.LegCompass.tests.Legislative_Outcome_Test" time="0.002">
    <failure message="no such session&#10;  (Driver info: chromedriver=2.36.540470 (e522d04694c7ebea4ba8821272dbef4f9b818c91),platform=Windows NT 6.3.9600 x86_64) (WARNING: The server did not provide any stacktrace information)&#10;Command duration or timeout: 0 milliseconds&#10;Build info: version: &apos;3.10.0&apos;, revision: &apos;176b4a9&apos;, time: &apos;2018-03-02T19:03:16.397Z&apos;&#10;System info: host: &apos;DLLA1439&apos;, ip: &apos;10.90.0.147&apos;, os.name: &apos;Windows 8.1&apos;, os.arch: &apos;amd64&apos;, os.version: &apos;6.3&apos;, java.version: &apos;1.8.0_161&apos;&#10;Driver info: org.openqa.selenium.chrome.ChromeDriver&#10;Capabilities {acceptInsecureCerts: false, acceptSslCerts: false, applicationCacheEnabled: false, browserConnectionEnabled: false, browserName: chrome, chrome: {chromedriverVersion: 2.36.540470 (e522d04694c7eb..., userDataDir: C:\Users\SHWETA~1\AppData\L...}, cssSelectorsEnabled: true, databaseEnabled: false, handlesAlerts: true, hasTouchScreen: false, javascriptEnabled: true, locationContextEnabled: true, mobileEmulationEnabled: false, nativeEvents: true, networkConnectionEnabled: false, pageLoadStrategy: normal, platform: XP, platformName: XP, rotatable: false, setWindowRect: true, takesHeapSnapshot: true, takesScreenshot: true, unexpectedAlertBehaviour: , unhandledPromptBehavior: , version: 66.0.3359.117, webStorageEnabled: true}&#10;Session ID: 524f68af5825fff765cc3d7954a0cf12" type="org.openqa.selenium.NoSuchSessionException">org.openqa.selenium.NoSuchSessionException: no such session
  (Driver info: chromedriver=2.36.540470 (e522d04694c7ebea4ba8821272dbef4f9b818c91),platform=Windows NT 6.3.9600 x86_64) (WARNING: The server did not provide any stacktrace information)
Command duration or timeout: 0 milliseconds
Build info: version: '3.10.0', revision: '176b4a9', time: '2018-03-02T19:03:16.397Z'
System info: host: 'DLLA1439', ip: '10.90.0.147', os.name: 'Windows 8.1', os.arch: 'amd64', os.version: '6.3', java.version: '1.8.0_161'
Driver info: org.openqa.selenium.chrome.ChromeDriver
Capabilities {acceptInsecureCerts: false, acceptSslCerts: false, applicationCacheEnabled: false, browserConnectionEnabled: false, browserName: chrome, chrome: {chromedriverVersion: 2.36.540470 (e522d04694c7eb..., userDataDir: C:\Users\SHWETA~1\AppData\L...}, cssSelectorsEnabled: true, databaseEnabled: false, handlesAlerts: true, hasTouchScreen: false, javascriptEnabled: true, locationContextEnabled: true, mobileEmulationEnabled: false, nativeEvents: true, networkConnectionEnabled: false, pageLoadStrategy: normal, platform: XP, platformName: XP, rotatable: false, setWindowRect: true, takesHeapSnapshot: true, takesScreenshot: true, unexpectedAlertBehaviour: , unhandledPromptBehavior: , version: 66.0.3359.117, webStorageEnabled: true}
Session ID: 524f68af5825fff765cc3d7954a0cf12
	at sun.reflect.GeneratedConstructorAccessor15.newInstance(Unknown Source)
	at sun.reflect.DelegatingConstructorAccessorImpl.newInstance(DelegatingConstructorAccessorImpl.java:45)
	at java.lang.reflect.Constructor.newInstance(Constructor.java:423)
	at org.openqa.selenium.remote.ErrorHandler.createThrowable(ErrorHandler.java:214)
	at org.openqa.selenium.remote.ErrorHandler.throwIfResponseFailed(ErrorHandler.java:166)
	at org.openqa.selenium.remote.http.JsonHttpResponseCodec.reconstructValue(JsonHttpResponseCodec.java:40)
	at org.openqa.selenium.remote.http.AbstractHttpResponseCodec.decode(AbstractHttpResponseCodec.java:80)
	at org.openqa.selenium.remote.http.AbstractHttpResponseCodec.decode(AbstractHttpResponseCodec.java:44)
	at org.openqa.selenium.remote.HttpCommandExecutor.execute(HttpCommandExecutor.java:160)
	at org.openqa.selenium.remote.service.DriverCommandExecutor.execute(DriverCommandExecutor.java:83)
	at org.openqa.selenium.remote.RemoteWebDriver.execute(RemoteWebDriver.java:601)
	at org.openqa.selenium.remote.RemoteWebDriver.execute(RemoteWebDriver.java:658)
	at org.openqa.selenium.remote.RemoteWebDriver.close(RemoteWebDriver.java:487)
	at com.qait.automation.getpageobjects.BaseUi.closeWindow(BaseUi.java:278)
	at com.qait.LegCompass.keywords.BillDetailPage.closeAndSwitchToPreviousWindow(BillDetailPage.java:544)
	at com.qait.politico.LegCompass.tests.Legislative_Outcome_Test.Test010_VerifyLegislative_Outcome_Is_Not_Present_For_States_Bills(Legislative_Outcome_Test.java:148)
</failure>
    <system-out><![CDATA[Driver is null while taking screen shot
 
***** STARTING TEST STEP: TEST010_VERIFYLEGISLATIVE_OUTCOME_IS_NOT_PRESENT_FOR_STATES_BILLS *****
 
]]></system-out>
  </testcase>
  <testcase name="Test013_Verify_Pagination" classname="com.qait.politico.LegCompass.tests.RoleCallVoteSearchTest" time="14.322">
    <failure message="FAILED: Element btn-clrFilters not found on the RollCallPage !!!" type="java.lang.AssertionError">java.lang.AssertionError: FAILED: Element btn-clrFilters not found on the RollCallPage !!!
	at org.testng.Assert.fail(Assert.java:94)
	at com.qait.automation.getpageobjects.GetPage.element(GetPage.java:105)
	at com.qait.automation.getpageobjects.GetPage.element(GetPage.java:80)
	at com.qait.LegCompass.keywords.RollCallSearchPage.verifyAllFiltersCleared(RollCallSearchPage.java:147)
	at com.qait.politico.LegCompass.tests.RoleCallVoteSearchTest.Test013_Verify_Pagination(RoleCallVoteSearchTest.java:138)
</failure>
    <system-out><![CDATA[Driver is null while taking screen shot
]]></system-out>
  </testcase>
  <testcase name="Test014_Clear_Filters" classname="com.qait.politico.LegCompass.tests.RoleCallVoteSearchTest" time="30.021">
    <failure message="FAILED: Element btn-clrFilters not found on the RollCallPage !!!" type="java.lang.AssertionError">java.lang.AssertionError: FAILED: Element btn-clrFilters not found on the RollCallPage !!!
	at org.testng.Assert.fail(Assert.java:94)
	at com.qait.automation.getpageobjects.GetPage.element(GetPage.java:105)
	at com.qait.automation.getpageobjects.GetPage.element(GetPage.java:80)
	at com.qait.LegCompass.keywords.RollCallSearchPage.verifyAllFiltersCleared(RollCallSearchPage.java:147)
	at com.qait.politico.LegCompass.tests.RoleCallVoteSearchTest.Test014_Clear_Filters(RoleCallVoteSearchTest.java:145)
</failure>
    <system-out><![CDATA[ [INFO] Saving screenshot to D:\POLITICO\2017_automationscripts\./target/screenshots/\RoleCallVoteSearchTest\2018_04_24_02_17_PM\screenshot.png
 
***** STARTING TEST STEP: TEST014_CLEAR_FILTERS *****
 
]]></system-out>
  </testcase>
  <testcase name="Test015_Verify_Navigation_To_Roll_Call" classname="com.qait.politico.LegCompass.tests.RoleCallVoteSearchTest" time="60.072">
    <failure message="Expected condition failed: waiting for visibility of all [] (tried for 30 second(s) with 500 milliseconds interval)&#10;Build info: version: &apos;3.10.0&apos;, revision: &apos;176b4a9&apos;, time: &apos;2018-03-02T19:03:16.397Z&apos;&#10;System info: host: &apos;DLLA1439&apos;, ip: &apos;10.90.0.147&apos;, os.name: &apos;Windows 8.1&apos;, os.arch: &apos;amd64&apos;, os.version: &apos;6.3&apos;, java.version: &apos;1.8.0_161&apos;&#10;Driver info: org.openqa.selenium.chrome.ChromeDriver&#10;Capabilities {acceptInsecureCerts: false, acceptSslCerts: false, applicationCacheEnabled: false, browserConnectionEnabled: false, browserName: chrome, chrome: {chromedriverVersion: 2.36.540470 (e522d04694c7eb..., userDataDir: C:\Users\SHWETA~1\AppData\L...}, cssSelectorsEnabled: true, databaseEnabled: false, handlesAlerts: true, hasTouchScreen: false, javascriptEnabled: true, locationContextEnabled: true, mobileEmulationEnabled: false, nativeEvents: true, networkConnectionEnabled: false, pageLoadStrategy: normal, platform: XP, platformName: XP, rotatable: false, setWindowRect: true, takesHeapSnapshot: true, takesScreenshot: true, unexpectedAlertBehaviour: , unhandledPromptBehavior: , version: 66.0.3359.117, webStorageEnabled: true}&#10;Session ID: 08c23253877b35ea08432ae49a9558d0" type="org.openqa.selenium.TimeoutException">org.openqa.selenium.TimeoutException: Expected condition failed: waiting for visibility of all [] (tried for 30 second(s) with 500 milliseconds interval)
Build info: version: '3.10.0', revision: '176b4a9', time: '2018-03-02T19:03:16.397Z'
System info: host: 'DLLA1439', ip: '10.90.0.147', os.name: 'Windows 8.1', os.arch: 'amd64', os.version: '6.3', java.version: '1.8.0_161'
Driver info: org.openqa.selenium.chrome.ChromeDriver
Capabilities {acceptInsecureCerts: false, acceptSslCerts: false, applicationCacheEnabled: false, browserConnectionEnabled: false, browserName: chrome, chrome: {chromedriverVersion: 2.36.540470 (e522d04694c7eb..., userDataDir: C:\Users\SHWETA~1\AppData\L...}, cssSelectorsEnabled: true, databaseEnabled: false, handlesAlerts: true, hasTouchScreen: false, javascriptEnabled: true, locationContextEnabled: true, mobileEmulationEnabled: false, nativeEvents: true, networkConnectionEnabled: false, pageLoadStrategy: normal, platform: XP, platformName: XP, rotatable: false, setWindowRect: true, takesHeapSnapshot: true, takesScreenshot: true, unexpectedAlertBehaviour: , unhandledPromptBehavior: , version: 66.0.3359.117, webStorageEnabled: true}
Session ID: 08c23253877b35ea08432ae49a9558d0
	at org.openqa.selenium.support.ui.WebDriverWait.timeoutException(WebDriverWait.java:82)
	at org.openqa.selenium.support.ui.FluentWait.until(FluentWait.java:272)
	at com.qait.automation.utils.SeleniumWait.waitForElementsToBeVisible(SeleniumWait.java:84)
	at com.qait.automation.getpageobjects.GetPage.elements(GetPage.java:127)
	at com.qait.automation.getpageobjects.GetPage.elements(GetPage.java:135)
	at com.qait.LegCompass.keywords.RollCallSearchPage.SelectRollCallAffliatedToBill(RollCallSearchPage.java:636)
	at com.qait.politico.LegCompass.tests.RoleCallVoteSearchTest.Test015_Verify_Navigation_To_Roll_Call(RoleCallVoteSearchTest.java:152)
</failure>
    <system-out><![CDATA[ [INFO] Saving screenshot to D:\POLITICO\2017_automationscripts\./target/screenshots/\RoleCallVoteSearchTest\2018_04_24_02_17_PM\screenshot.png
 
***** STARTING TEST STEP: TEST015_VERIFY_NAVIGATION_TO_ROLL_CALL *****
 
]]></system-out>
  </testcase>
  <testcase name="Test016_Verify_Rejected_Amendments_Appears_In_Red" classname="com.qait.politico.LegCompass.tests.RoleCallVoteSearchTest" time="38.631">
    <failure message="FAILED: Element option-voteOutcome not found on the RollCallPage !!!" type="java.lang.AssertionError">java.lang.AssertionError: FAILED: Element option-voteOutcome not found on the RollCallPage !!!
	at org.testng.Assert.fail(Assert.java:94)
	at com.qait.automation.getpageobjects.GetPage.element(GetPage.java:105)
	at com.qait.automation.getpageobjects.GetPage.isElementDisplayed(GetPage.java:198)
	at com.qait.LegCompass.keywords.RollCallSearchPage.verifyVoteOutcomeFilterOptions(RollCallSearchPage.java:260)
	at com.qait.politico.LegCompass.tests.RoleCallVoteSearchTest.Test016_Verify_Rejected_Amendments_Appears_In_Red(RoleCallVoteSearchTest.java:165)
</failure>
    <system-out><![CDATA[ [INFO] Saving screenshot to D:\POLITICO\2017_automationscripts\./target/screenshots/\RoleCallVoteSearchTest\2018_04_24_02_18_PM\screenshot.png
 
***** STARTING TEST STEP: TEST016_VERIFY_REJECTED_AMENDMENTS_APPEARS_IN_RED *****
 
  [info] Window closed
Windows size before: 1
  [info] After switching windows, new window title: Roll Call Vote Search - POLITICO Pro
  [info] Window closed and switched to the previous window
  [info] Amendment vote filter applied
]]></system-out>
  </testcase>
  <testcase name="Test017_Verify_Rejected_Motions_Appears_In_Red" classname="com.qait.politico.LegCompass.tests.RoleCallVoteSearchTest" time="32.425"/>
</testsuite>