<?xml version="1.0" encoding="UTF-8"?>
<!-- Generated by org.testng.reporters.JUnitReportReporter -->
<testsuite hostname="DLLA1439" name="com.qait.politico.core.tests.Magazine_What_Works_Page_Tests" tests="1" failures="0" timestamp="25 Apr 2018 12:26:37 GMT" time="0.245" errors="0">
  <testcase name="Test001_Verify_That_Appropriate_Logo_Is_Displayed_On_What_Works_Page" time="0.245" classname="com.qait.politico.core.tests.Magazine_What_Works_Page_Tests"/>
</testsuite> <!-- com.qait.politico.core.tests.Magazine_What_Works_Page_Tests -->
