<?xml version="1.0" encoding="UTF-8"?>
<!-- Generated by org.testng.reporters.JUnitReportReporter -->
<testsuite hostname="DLLA1439" name="com.qait.politico.states.tests.PoliticoStates_CMS_Create_Core_User_Tests" tests="6" failures="0" timestamp="25 Apr 2018 16:28:10 GMT" time="102.288" errors="0">
  <testcase name="Test002_Switch_To_States_Site" time="0.270" classname="com.qait.politico.states.tests.PoliticoStates_CMS_Create_Core_User_Tests"/>
  <testcase name="Test001_Login" time="19.719" classname="com.qait.politico.states.tests.PoliticoStates_CMS_Create_Core_User_Tests"/>
  <testcase name="Test003_Launch_AccountManagement_Window" time="6.780" classname="com.qait.politico.states.tests.PoliticoStates_CMS_Create_Core_User_Tests"/>
  <testcase name="Test004_Launch_Create_User_Window" time="3.033" classname="com.qait.politico.states.tests.PoliticoStates_CMS_Create_Core_User_Tests"/>
  <testcase name="Test006_Verify_Creation_Of_User_Through_Frontend" time="55.788" classname="com.qait.politico.states.tests.PoliticoStates_CMS_Create_Core_User_Tests"/>
  <testcase name="Test005_Fill_User_Details" time="16.698" classname="com.qait.politico.states.tests.PoliticoStates_CMS_Create_Core_User_Tests"/>
</testsuite> <!-- com.qait.politico.states.tests.PoliticoStates_CMS_Create_Core_User_Tests -->
