<?xml version="1.0" encoding="UTF-8"?>
<!-- Generated by org.testng.reporters.JUnitReportReporter -->
<testsuite hostname="DLLA1439" name="com.qait.politico.states.tests.PoliticoStates_ShortCuts_Test" tests="4" failures="0" timestamp="25 Apr 2018 16:28:10 GMT" time="130.890" errors="3">
  <testcase name="Test002_Verify_Shorcuts_Is_Present" time="3.747" classname="com.qait.politico.states.tests.PoliticoStates_ShortCuts_Test">
    <error type="java.lang.AssertionError" message="[ASSERT FAILED]: Shortcuts heading is not present expected [true] but found [false]">
      <![CDATA[java.lang.AssertionError: [ASSERT FAILED]: Shortcuts heading is not present expected [true] but found [false]
	at org.testng.Assert.fail(Assert.java:94)
	at org.testng.Assert.failNotEquals(Assert.java:494)
	at org.testng.Assert.assertTrue(Assert.java:42)
	at com.qait.automation.keywords.PoliticoPro_LandingPage_Actions.VerifyShortcutHeaderOnPro(PoliticoPro_LandingPage_Actions.java:1636)
	at com.qait.politico.states.tests.PoliticoStates_ShortCuts_Test.Test002_Verify_Shorcuts_Is_Present(PoliticoStates_ShortCuts_Test.java:25)
	at sun.reflect.NativeMethodAccessorImpl.invoke0(Native Method)
	at sun.reflect.NativeMethodAccessorImpl.invoke(Unknown Source)
	at sun.reflect.DelegatingMethodAccessorImpl.invoke(Unknown Source)
	at java.lang.reflect.Method.invoke(Unknown Source)
	at org.testng.internal.MethodInvocationHelper.invokeMethod(MethodInvocationHelper.java:84)
	at org.testng.internal.Invoker.invokeMethod(Invoker.java:714)
	at org.testng.internal.Invoker.invokeTestMethod(Invoker.java:901)
	at org.testng.internal.Invoker.invokeTestMethods(Invoker.java:1231)
	at org.testng.internal.TestMethodWorker.invokeTestMethods(TestMethodWorker.java:127)
	at org.testng.internal.TestMethodWorker.run(TestMethodWorker.java:111)
	at org.testng.TestRunner.privateRun(TestRunner.java:767)
	at org.testng.TestRunner.run(TestRunner.java:617)
	at org.testng.SuiteRunner.runTest(SuiteRunner.java:334)
	at org.testng.SuiteRunner.access$000(SuiteRunner.java:37)
	at org.testng.SuiteRunner$SuiteWorker.run(SuiteRunner.java:368)
	at org.testng.internal.thread.ThreadUtil$2.call(ThreadUtil.java:64)
	at java.util.concurrent.FutureTask.run(Unknown Source)
	at java.util.concurrent.ThreadPoolExecutor.runWorker(Unknown Source)
	at java.util.concurrent.ThreadPoolExecutor$Worker.run(Unknown Source)
	at java.lang.Thread.run(Unknown Source)
]]>
    </error>
  </testcase> <!-- Test002_Verify_Shorcuts_Is_Present -->
  <testcase name="Test001_PoliticoPro_ClickOnLoginNavigatesToPoliticoProLandingPage" time="64.393" classname="com.qait.politico.states.tests.PoliticoStates_ShortCuts_Test"/>
  <testcase name="Test005_Verify_Removing_Of_Shortcuts" time="30.213" classname="com.qait.politico.states.tests.PoliticoStates_ShortCuts_Test">
    <error type="java.lang.AssertionError" message="FAILED: Element myShortcutsItems not found on the PoliticoProLandingPageActions !!!">
      <![CDATA[java.lang.AssertionError: FAILED: Element myShortcutsItems not found on the PoliticoProLandingPageActions !!!
	at org.testng.Assert.fail(Assert.java:94)
	at com.qait.automation.getpageobjects.GetPage.element(GetPage.java:105)
	at com.qait.automation.keywords.PoliticoPro_LandingPage_Actions.RemoveShortcutsFromHeader(PoliticoPro_LandingPage_Actions.java:1697)
	at com.qait.politico.states.tests.PoliticoStates_ShortCuts_Test.Test005_Verify_Removing_Of_Shortcuts(PoliticoStates_ShortCuts_Test.java:44)
	at sun.reflect.NativeMethodAccessorImpl.invoke0(Native Method)
	at sun.reflect.NativeMethodAccessorImpl.invoke(Unknown Source)
	at sun.reflect.DelegatingMethodAccessorImpl.invoke(Unknown Source)
	at java.lang.reflect.Method.invoke(Unknown Source)
	at org.testng.internal.MethodInvocationHelper.invokeMethod(MethodInvocationHelper.java:84)
	at org.testng.internal.Invoker.invokeMethod(Invoker.java:714)
	at org.testng.internal.Invoker.invokeTestMethod(Invoker.java:901)
	at org.testng.internal.Invoker.invokeTestMethods(Invoker.java:1231)
	at org.testng.internal.TestMethodWorker.invokeTestMethods(TestMethodWorker.java:127)
	at org.testng.internal.TestMethodWorker.run(TestMethodWorker.java:111)
	at org.testng.TestRunner.privateRun(TestRunner.java:767)
	at org.testng.TestRunner.run(TestRunner.java:617)
	at org.testng.SuiteRunner.runTest(SuiteRunner.java:334)
	at org.testng.SuiteRunner.access$000(SuiteRunner.java:37)
	at org.testng.SuiteRunner$SuiteWorker.run(SuiteRunner.java:368)
	at org.testng.internal.thread.ThreadUtil$2.call(ThreadUtil.java:64)
	at java.util.concurrent.FutureTask.run(Unknown Source)
	at java.util.concurrent.ThreadPoolExecutor.runWorker(Unknown Source)
	at java.util.concurrent.ThreadPoolExecutor$Worker.run(Unknown Source)
	at java.lang.Thread.run(Unknown Source)
]]>
    </error>
  </testcase> <!-- Test005_Verify_Removing_Of_Shortcuts -->
  <testcase name="Test003_Verify_User_Can_Add_Shortcuts" time="32.537" classname="com.qait.politico.states.tests.PoliticoStates_ShortCuts_Test">
    <error type="java.lang.AssertionError" message="FAILED: Element menu_items_in_hamburger not found on the PoliticoProLandingPageActions !!!">
      <![CDATA[java.lang.AssertionError: FAILED: Element menu_items_in_hamburger not found on the PoliticoProLandingPageActions !!!
	at org.testng.Assert.fail(Assert.java:94)
	at com.qait.automation.getpageobjects.GetPage.element(GetPage.java:105)
	at com.qait.automation.keywords.PoliticoPro_LandingPage_Actions.AddShortcutsOnPro(PoliticoPro_LandingPage_Actions.java:1666)
	at com.qait.politico.states.tests.PoliticoStates_ShortCuts_Test.Test003_Verify_User_Can_Add_Shortcuts(PoliticoStates_ShortCuts_Test.java:33)
	at sun.reflect.NativeMethodAccessorImpl.invoke0(Native Method)
	at sun.reflect.NativeMethodAccessorImpl.invoke(Unknown Source)
	at sun.reflect.DelegatingMethodAccessorImpl.invoke(Unknown Source)
	at java.lang.reflect.Method.invoke(Unknown Source)
	at org.testng.internal.MethodInvocationHelper.invokeMethod(MethodInvocationHelper.java:84)
	at org.testng.internal.Invoker.invokeMethod(Invoker.java:714)
	at org.testng.internal.Invoker.invokeTestMethod(Invoker.java:901)
	at org.testng.internal.Invoker.invokeTestMethods(Invoker.java:1231)
	at org.testng.internal.TestMethodWorker.invokeTestMethods(TestMethodWorker.java:127)
	at org.testng.internal.TestMethodWorker.run(TestMethodWorker.java:111)
	at org.testng.TestRunner.privateRun(TestRunner.java:767)
	at org.testng.TestRunner.run(TestRunner.java:617)
	at org.testng.SuiteRunner.runTest(SuiteRunner.java:334)
	at org.testng.SuiteRunner.access$000(SuiteRunner.java:37)
	at org.testng.SuiteRunner$SuiteWorker.run(SuiteRunner.java:368)
	at org.testng.internal.thread.ThreadUtil$2.call(ThreadUtil.java:64)
	at java.util.concurrent.FutureTask.run(Unknown Source)
	at java.util.concurrent.ThreadPoolExecutor.runWorker(Unknown Source)
	at java.util.concurrent.ThreadPoolExecutor$Worker.run(Unknown Source)
	at java.lang.Thread.run(Unknown Source)
]]>
    </error>
  </testcase> <!-- Test003_Verify_User_Can_Add_Shortcuts -->
</testsuite> <!-- com.qait.politico.states.tests.PoliticoStates_ShortCuts_Test -->
