<?xml version="1.0" encoding="UTF-8"?>
<!-- Generated by org.testng.reporters.JUnitReportReporter -->
<testsuite hostname="DLLA1439" name="com.qait.politico.LegCompass.tests.HomePageHeaderTest" tests="1" failures="0" timestamp="28 Apr 2018 09:26:50 GMT" time="0.022" errors="0">
  <testcase name="Test001_Login" time="0.022" classname="com.qait.politico.LegCompass.tests.HomePageHeaderTest"/>
</testsuite> <!-- com.qait.politico.LegCompass.tests.HomePageHeaderTest -->
