<?xml version="1.0" encoding="UTF-8"?>
<!-- Generated by org.testng.reporters.JUnitReportReporter -->
<testsuite hostname="DLLA1439" name="com.qait.politico.core.tests.Core_Content_BreakingNewsArticleTests" tests="8" failures="0" timestamp="25 Apr 2018 12:26:37 GMT" time="141.820" errors="0">
  <testcase name="Test002_Launch_BreakingNews_Window" time="7.855" classname="com.qait.politico.core.tests.Core_Content_BreakingNewsArticleTests"/>
  <testcase name="Test012_Publish_Breaking_News_Article_C286" time="18.567" classname="com.qait.politico.core.tests.Core_Content_BreakingNewsArticleTests"/>
  <testcase name="Test014_LaunchPermalinkForBreakingNewsArticle" time="8.465" classname="com.qait.politico.core.tests.Core_Content_BreakingNewsArticleTests"/>
  <testcase name="Test007_Embargo_Verify_Publish_Button_is_Enabled_After_Choosing_Current_Date" time="37.761" classname="com.qait.politico.core.tests.Core_Content_BreakingNewsArticleTests"/>
  <testcase name="Test010_Save_Before_Publish_Breaking_News_Article_C286" time="17.512" classname="com.qait.politico.core.tests.Core_Content_BreakingNewsArticleTests"/>
  <testcase name="Test001_Login" time="20.192" classname="com.qait.politico.core.tests.Core_Content_BreakingNewsArticleTests"/>
  <testcase name="Test013_Verify_Permalink" time="0.140" classname="com.qait.politico.core.tests.Core_Content_BreakingNewsArticleTests"/>
  <testcase name="Test008_Filling_Fields_Breaking_News_Article" time="31.328" classname="com.qait.politico.core.tests.Core_Content_BreakingNewsArticleTests"/>
</testsuite> <!-- com.qait.politico.core.tests.Core_Content_BreakingNewsArticleTests -->
