<?xml version="1.0" encoding="UTF-8"?>
<!-- Generated by org.testng.reporters.JUnitReportReporter -->
<testsuite hostname="DLLA1439" name="com.qait.politico.core.tests.Core_Content_Article_Tests" tests="7" failures="0" timestamp="25 Apr 2018 12:26:37 GMT" time="123.482" errors="0">
  <testcase name="Test008_Creating_And_Publishing_Article" time="48.999" classname="com.qait.politico.core.tests.Core_Content_Article_Tests"/>
  <testcase name="Test011_Save_Before_Publish_Article_C286" time="16.519" classname="com.qait.politico.core.tests.Core_Content_Article_Tests"/>
  <testcase name="Test013_Publish_Article_C286" time="17.180" classname="com.qait.politico.core.tests.Core_Content_Article_Tests"/>
  <testcase name="Test002_Launch_Article_Creation_Window" time="12.923" classname="com.qait.politico.core.tests.Core_Content_Article_Tests"/>
  <testcase name="Test015_LaunchPermalinkForArticle" time="8.471" classname="com.qait.politico.core.tests.Core_Content_Article_Tests"/>
  <testcase name="Test001_Login" time="19.133" classname="com.qait.politico.core.tests.Core_Content_Article_Tests"/>
  <testcase name="Test014_Verify_Permalink" time="0.257" classname="com.qait.politico.core.tests.Core_Content_Article_Tests"/>
</testsuite> <!-- com.qait.politico.core.tests.Core_Content_Article_Tests -->
