<?xml version="1.0" encoding="UTF-8"?>
<!-- Generated by org.testng.reporters.JUnitReportReporter -->
<testsuite hostname="DLLA1439" name="com.qait.politico.states.tests.PoliticoStates_CMS_Add_User_And_License_To_Division_Tests" tests="9" failures="0" timestamp="25 Apr 2018 16:28:10 GMT" time="72.162" errors="0">
  <testcase name="Test005_Select_Division" time="2.991" classname="com.qait.politico.states.tests.PoliticoStates_CMS_Add_User_And_License_To_Division_Tests"/>
  <testcase name="Test004_Launch_Organization" time="10.356" classname="com.qait.politico.states.tests.PoliticoStates_CMS_Add_User_And_License_To_Division_Tests"/>
  <testcase name="Test007_Add_Licenses_To_Division" time="11.666" classname="com.qait.politico.states.tests.PoliticoStates_CMS_Add_User_And_License_To_Division_Tests"/>
  <testcase name="Test010_Assign_License_To_User" time="2.520" classname="com.qait.politico.states.tests.PoliticoStates_CMS_Add_User_And_License_To_Division_Tests"/>
  <testcase name="Test009_Search_License" time="3.455" classname="com.qait.politico.states.tests.PoliticoStates_CMS_Add_User_And_License_To_Division_Tests"/>
  <testcase name="Test001_Login" time="19.259" classname="com.qait.politico.states.tests.PoliticoStates_CMS_Add_User_And_License_To_Division_Tests"/>
  <testcase name="Test003_Launch_AccountManagement_Window" time="5.775" classname="com.qait.politico.states.tests.PoliticoStates_CMS_Add_User_And_License_To_Division_Tests"/>
  <testcase name="Test006_Add_User_To_Division" time="15.956" classname="com.qait.politico.states.tests.PoliticoStates_CMS_Add_User_And_License_To_Division_Tests"/>
  <testcase name="Test002_Switch_To_States_Site" time="0.184" classname="com.qait.politico.states.tests.PoliticoStates_CMS_Add_User_And_License_To_Division_Tests"/>
</testsuite> <!-- com.qait.politico.states.tests.PoliticoStates_CMS_Add_User_And_License_To_Division_Tests -->
