<?xml version="1.0" encoding="UTF-8"?>
<!-- Generated by org.testng.reporters.JUnitReportReporter -->
<testsuite hostname="DLLA1439" name="com.qait.politico.core.tests.Create_Core_User_Test" tests="4" failures="0" timestamp="25 Apr 2018 12:26:37 GMT" time="45.438" errors="0">
  <testcase name="test001_Launch_Core_User_Create_Window" time="13.630" classname="com.qait.politico.core.tests.Create_Core_User_Test"/>
  <testcase name="test002_Fill_in_details_for_user_creation" time="9.343" classname="com.qait.politico.core.tests.Create_Core_User_Test"/>
  <testcase name="test003_Logout_C283" time="3.473" classname="com.qait.politico.core.tests.Create_Core_User_Test"/>
  <testcase name="test0001_Login" time="18.992" classname="com.qait.politico.core.tests.Create_Core_User_Test"/>
</testsuite> <!-- com.qait.politico.core.tests.Create_Core_User_Test -->
